1.097140246e+000 1.922711737e+000 
1.036146260e+000 1.879978704e+000 
1.016952019e+000 1.857811337e+000 
1.089059022e+000 1.918317981e+000 
1.064407606e+000 1.903211455e+000 
1.070629885e+000 1.907417179e+000 
1.015885324e+000 1.856075568e+000 
1.038691918e+000 1.882489243e+000 
1.008740162e+000 1.844064820e+000 
1.191338436e+000 1.958264486e+000 
1.037711367e+000 1.881594560e+000 
1.142451063e+000 1.942786792e+000 
1.151519686e+000 1.946317047e+000 
1.090707454e+000 1.919090252e+000 
1.016611429e+000 1.857122415e+000 
1.089572193e+000 1.918908278e+000 
1.088032161e+000 1.917879237e+000 
1.013205561e+000 1.852375273e+000 
1.018741800e+000 1.860122213e+000 
1.039503985e+000 1.883095180e+000 
1.064704800e+000 1.903311912e+000 
1.010104188e+000 1.846975071e+000 
1.161362554e+000 1.950104037e+000 
1.142162257e+000 1.942300788e+000 
1.010304493e+000 1.847429118e+000 
1.014793402e+000 1.854650697e+000 
1.083532149e+000 1.915286009e+000 
1.109641007e+000 1.928561812e+000 
1.020254472e+000 1.862224749e+000 
1.162784335e+000 1.950311905e+000 
1.073063384e+000 1.909228338e+000 
1.068016515e+000 1.905785631e+000 
1.039609298e+000 1.883499929e+000 
1.019697584e+000 1.861346338e+000 
1.046831493e+000 1.889950339e+000 
1.033472201e+000 1.876888607e+000 
1.042815509e+000 1.886196314e+000 
1.027131027e+000 1.870344067e+000 
1.064118429e+000 1.903025572e+000 
1.068642711e+000 1.906165224e+000 
1.143637474e+000 1.942954649e+000 
1.018602973e+000 1.859868498e+000 
1.114275443e+000 1.930945063e+000 
1.058209453e+000 1.898874348e+000 
1.084968076e+000 1.916043285e+000 
1.086720946e+000 1.917184725e+000 
1.066812621e+000 1.905070933e+000 
1.164967001e+000 1.951209653e+000 
1.050179331e+000 1.892824477e+000 
1.163223686e+000 1.950559835e+000 
1.018086798e+000 1.859186717e+000 
1.078379465e+000 1.912321803e+000 
1.061434939e+000 1.901148779e+000 
1.090031330e+000 1.919083441e+000 
1.075983260e+000 1.910629622e+000 
1.055877945e+000 1.897220020e+000 
1.034487038e+000 1.878172321e+000 
1.163573262e+000 1.950724137e+000 
1.060853276e+000 1.900930554e+000 
1.149076503e+000 1.945246949e+000 
1.061134084e+000 1.901015475e+000 
1.055137288e+000 1.896598324e+000 
1.057579351e+000 1.898206701e+000 
1.011000114e+000 1.848518648e+000 
1.061641799e+000 1.901198179e+000 
1.059579800e+000 1.900187655e+000 
1.010686125e+000 1.848028527e+000 
1.060841538e+000 1.900906710e+000 
1.034136553e+000 1.877733156e+000 
1.013876391e+000 1.853256231e+000 
1.061423200e+000 1.901124935e+000 
1.140625557e+000 1.941952380e+000 
1.133357409e+000 1.939219121e+000 
1.112466410e+000 1.929933028e+000 
1.017656392e+000 1.858471353e+000 
1.024890178e+000 1.867693290e+000 
1.134616467e+000 1.939915313e+000 
1.049027184e+000 1.891692521e+000 
1.112902232e+000 1.930155700e+000 
1.074811661e+000 1.909935069e+000 
1.136827175e+000 1.940656009e+000 
1.056871934e+000 1.898105101e+000 
1.074281003e+000 1.909786767e+000 
1.071976804e+000 1.908465029e+000 
1.143287898e+000 1.942790347e+000 
1.100208762e+000 1.924139255e+000 
1.055569013e+000 1.897095719e+000 
1.040266540e+000 1.884105099e+000 
1.038457152e+000 1.882292453e+000 
1.014687592e+000 1.854318316e+000 
1.105421577e+000 1.926509616e+000 
1.036856415e+000 1.880487542e+000 
1.036559221e+000 1.880387084e+000 
1.014104600e+000 1.853642663e+000 
1.066124378e+000 1.904373418e+000 
1.091797450e+000 1.919861245e+000 
1.135290074e+000 1.940340031e+000 
1.136633595e+000 1.940585398e+000 
1.011684733e+000 1.849605708e+000 
1.101096461e+000 1.924207030e+000 
1.067871030e+000 1.905322307e+000 
1.113766665e+000 1.930684264e+000 
1.101975718e+000 1.924877917e+000 
1.009554279e+000 1.845948538e+000 
1.145549043e+000 1.943566766e+000 
1.008750952e+000 1.844593560e+000 
1.035037309e+000 1.878504463e+000 
1.043024911e+000 1.886293722e+000 
1.012288551e+000 1.850984221e+000 
1.013099751e+000 1.852045747e+000 
1.009490375e+000 1.845780323e+000 
1.082038390e+000 1.914380348e+000 
1.090993193e+000 1.919662721e+000 
1.096373713e+000 1.922321975e+000 
1.081688814e+000 1.914216046e+000 
1.053279517e+000 1.895326790e+000 
1.048134414e+000 1.891028990e+000 
1.046418543e+000 1.889541005e+000 
1.110767100e+000 1.929010783e+000 
1.098362381e+000 1.923118458e+000 
1.095080379e+000 1.921574461e+000 
1.088003601e+000 1.917862421e+000 
1.045721849e+000 1.888911627e+000 
1.042180068e+000 1.885774144e+000 
1.047426845e+000 1.890481414e+000 
1.022582899e+000 1.864899716e+000 
1.043181134e+000 1.886359886e+000 
1.022849919e+000 1.865389609e+000 
1.049344687e+000 1.892160109e+000 
1.051486824e+000 1.893796583e+000 
1.029227788e+000 1.872406301e+000 
1.020592113e+000 1.862471938e+000 
1.036715536e+000 1.880415943e+000 
1.035358202e+000 1.878947508e+000 
1.030007127e+000 1.873297544e+000 
1.020052995e+000 1.861804628e+000 
1.026078823e+000 1.869009012e+000 
1.029274966e+000 1.872749020e+000 
1.026554674e+000 1.869548510e+000 
1.030087608e+000 1.873423624e+000 
1.035340017e+000 1.878915146e+000 
1.025274289e+000 1.868225122e+000 
1.023906560e+000 1.866600761e+000 
1.036982045e+000 1.880626203e+000 
1.034152084e+000 1.877906137e+000 
1.034722471e+000 1.878286969e+000 
1.031242363e+000 1.874562153e+000 
1.037646918e+000 1.881261152e+000 
1.033303815e+000 1.876869233e+000 
1.050478521e+000 1.892856173e+000 
1.019364193e+000 1.860796594e+000 
1.139394364e+000 1.941543806e+000 
1.088980565e+000 1.918127127e+000 
1.089494980e+000 1.918486363e+000 
1.088365175e+000 1.918069570e+000 
1.085692867e+000 1.916346017e+000 
1.065587179e+000 1.903867291e+000 
1.063368023e+000 1.902298095e+000 
1.021833479e+000 1.863815733e+000 
1.029851667e+000 1.872985746e+000 
1.028334684e+000 1.871290707e+000 
1.107681282e+000 1.927747517e+000 
1.106557887e+000 1.927143228e+000 
1.112218474e+000 1.929822111e+000 
1.103900940e+000 1.925848801e+000 
1.081867377e+000 1.914220124e+000 
1.188662704e+000 1.956498656e+000 
1.389144544e+000 1.993959096e+000 
1.165713341e+000 1.952387801e+000 
1.404084156e+000 1.995089324e+000 
1.396499403e+000 1.994960812e+000 
1.128003400e+000 1.937420813e+000 
1.217793370e+000 1.966456842e+000 
1.217101543e+000 1.966289280e+000 
1.387287269e+000 1.993669646e+000 
1.176129280e+000 1.955754963e+000 
1.266502201e+000 1.978066481e+000 
1.334051485e+000 1.988945730e+000 
1.289769023e+000 1.980861881e+000 
1.284623279e+000 1.980598080e+000 
1.004960135e+000 1.837770482e+000 
1.180163095e+000 1.956322846e+000 
1.169725965e+000 1.953392142e+000 
1.348125437e+000 1.990083088e+000 
1.157699907e+000 1.949359124e+000 
1.329352148e+000 1.987834748e+000 
1.119944636e+000 1.935166874e+000 
1.260390757e+000 1.977472102e+000 
1.822823036e+000 2.000000000e+000 
1.012157876e+000 1.850393718e+000 
1.115735031e+000 1.932209052e+000 
1.124092052e+000 1.936448805e+000 
1.113021555e+000 1.930473099e+000 
1.331462755e+000 1.988279350e+000 
1.003728538e+000 1.835710642e+000 
1.268447763e+000 1.978995431e+000 
1.169046124e+000 1.953383332e+000 
1.433485584e+000 1.996730762e+000 
1.176715560e+000 1.955932587e+000 
1.175747127e+000 1.955291897e+000 
1.260013009e+000 1.977444831e+000 
1.033273818e+000 1.875717438e+000 
1.001292108e+000 1.829696568e+000 
1.006598954e+000 1.840641375e+000 
1.819916304e+000 1.999909905e+000 
1.015751123e+000 1.854985881e+000 
1.011372287e+000 1.849571600e+000 
1.174541690e+000 1.955199329e+000 
1.439119845e+000 1.996830814e+000 
1.795846180e+000 1.999857455e+000 
1.354287759e+000 1.990463635e+000 
1.279260811e+000 1.980512265e+000 
1.170511490e+000 1.954108596e+000 
1.327791516e+000 1.987479075e+000 
1.441911943e+000 1.996985675e+000 
1.115618316e+000 1.931775060e+000 
1.426288503e+000 1.996497318e+000 
1.001872717e+000 1.830733213e+000 
1.805626360e+000 1.999899104e+000 
1.006269595e+000 1.840421484e+000 
1.137640248e+000 1.940840655e+000 
1.788457449e+000 1.999655729e+000 
1.339937504e+000 1.989313152e+000 
1.045041426e+000 1.886609645e+000 
1.133775775e+000 1.939800254e+000 
1.413008315e+000 1.995645327e+000 
1.170010727e+000 1.953717605e+000 
1.346739740e+000 1.989984577e+000 
1.341150407e+000 1.989730307e+000 
1.116530728e+000 1.932908344e+000 
1.387836537e+000 1.993778195e+000 
1.221186099e+000 1.968420190e+000 
1.384700903e+000 1.993648201e+000 
1.335289499e+000 1.989011617e+000 
1.176010896e+000 1.955306739e+000 
1.224803048e+000 1.969205316e+000 
1.420254093e+000 1.996213082e+000 
1.273269878e+000 1.979885919e+000 
1.235539108e+000 1.970155092e+000 
1.415818891e+000 1.995940856e+000 
1.045169089e+000 1.887020591e+000 
1.418461089e+000 1.996019622e+000 
1.032686441e+000 1.874817674e+000 
1.275985728e+000 1.980308781e+000 
1.409990052e+000 1.995430703e+000 
1.271456240e+000 1.979549620e+000 
1.392175393e+000 1.994457048e+000 
1.396275156e+000 1.994734456e+000 
1.128542753e+000 1.938131632e+000 
1.390101704e+000 1.994262106e+000 
1.388721802e+000 1.993937680e+000 
1.259633729e+000 1.976925818e+000 
1.389410440e+000 1.994126549e+000 
1.002680902e+000 1.833177238e+000 
1.032978132e+000 1.875481114e+000 
1.013668749e+000 1.852688468e+000 
1.391331007e+000 1.994432377e+000 
1.155377967e+000 1.947921526e+000 
1.233302839e+000 1.970032381e+000 
1.259698898e+000 1.977088755e+000 
1.151701849e+000 1.946562807e+000 
1.156299927e+000 1.948472674e+000 
1.125622060e+000 1.937020055e+000 
1.178376434e+000 1.956073618e+000 
1.014460884e+000 1.854078641e+000 
1.129369948e+000 1.938542467e+000 
1.158385751e+000 1.949681451e+000 
1.212691994e+000 1.966089027e+000 
1.250164092e+000 1.975196872e+000 
1.228988901e+000 1.969978643e+000 
1.012683287e+000 1.851451352e+000 
1.218018391e+000 1.967913018e+000 
1.128276550e+000 1.937925904e+000 
1.263529504e+000 1.978066263e+000 
1.002734964e+000 1.833221553e+000 
1.381686535e+000 1.992960105e+000 
1.201881394e+000 1.962714509e+000 
1.008906674e+000 1.844638316e+000 
1.153918089e+000 1.947894553e+000 
1.156907348e+000 1.948988484e+000 
1.008429328e+000 1.843738464e+000 
1.326486817e+000 1.987438388e+000 
1.003981290e+000 1.835791423e+000 
1.204815143e+000 1.963741466e+000 
1.323102863e+000 1.986535507e+000 
1.256257299e+000 1.976449575e+000 
1.155634850e+000 1.948459207e+000 
1.156565874e+000 1.948768781e+000 
1.193121207e+000 1.960360838e+000 
1.224917224e+000 1.969285771e+000 
1.195970183e+000 1.961195983e+000 
1.250842283e+000 1.975273742e+000 
1.192406270e+000 1.959651630e+000 
1.191668904e+000 1.959344875e+000 
1.003293264e+000 1.834556787e+000 
1.313179002e+000 1.985220757e+000 
1.311427456e+000 1.984790198e+000 
1.307145739e+000 1.984232231e+000 
1.376733109e+000 1.992440124e+000 
1.299840939e+000 1.983107712e+000 
1.000851391e+000 1.827590599e+000 
1.241303881e+000 1.972280806e+000 
1.296142707e+000 1.982925658e+000 
1.198470683e+000 1.961683329e+000 
1.189374716e+000 1.958172413e+000 
1.301623390e+000 1.983677236e+000 
1.240063065e+000 1.972139982e+000 
1.004445320e+000 1.836976945e+000 
1.303315764e+000 1.983812275e+000 
1.293552444e+000 1.982419100e+000 
1.248271498e+000 1.974311480e+000 
1.305543857e+000 1.984087002e+000 
1.242970697e+000 1.973270591e+000 
1.238048078e+000 1.971900765e+000 
1.149921259e+000 1.946267675e+000 
1.147762767e+000 1.945025396e+000 
1.144925154e+000 1.943495328e+000 
1.236891058e+000 1.971792103e+000 
1.143985021e+000 1.943463880e+000 
1.295378031e+000 1.982479610e+000 
1.142349266e+000 1.942579227e+000 
1.141779228e+000 1.942077856e+000 
1.378089470e+000 1.992589267e+000 
1.001486254e+000 1.830243061e+000 
1.373445824e+000 1.992227151e+000 
1.358396478e+000 1.990667223e+000 
1.220261626e+000 1.968169543e+000 
1.236680048e+000 1.971631074e+000 
1.212592200e+000 1.965249172e+000 
1.209041550e+000 1.964854988e+000 
1.210389303e+000 1.965219801e+000 
1.000185770e+000 1.823456812e+000 
1.200724657e+000 1.962417041e+000 
1.001924344e+000 1.830859239e+000 
9.999999998e-001 1.821015833e+000 
1.001053961e+000 1.828760283e+000 
1.007576485e+000 1.842807479e+000 
1.492476828e+000 1.997249133e+000 
1.484977115e+000 1.997150142e+000 
1.370254296e+000 1.991789953e+000 
1.009202921e+000 1.845211694e+000 
1.005756186e+000 1.839177121e+000 
1.007467138e+000 1.842081388e+000 
1.005902188e+000 1.840031729e+000 
1.788232226e+000 1.999332468e+000 
1.772194098e+000 1.999256122e+000 
1.782434336e+000 1.999259249e+000 
1.759920728e+000 1.999179171e+000 
1.726911319e+000 1.998875071e+000 
1.746342160e+000 1.999038538e+000 
1.734154148e+000 1.998912459e+000 
1.743768766e+000 1.998981020e+000 
1.739031939e+000 1.998960702e+000 
1.000489800e+000 1.825887829e+000 
1.725982132e+000 1.998789441e+000 
1.708874183e+000 1.998510785e+000 
1.000261943e+000 1.824057518e+000 
1.713654855e+000 1.998695629e+000 
1.688098377e+000 1.998172073e+000 
1.699827528e+000 1.998224042e+000 
1.682870856e+000 1.997946328e+000 
1.701057073e+000 1.998397176e+000 
1.000382654e+000 1.825186747e+000 
1.005593854e+000 1.838565302e+000 
1.675691960e+000 1.997760469e+000 
1.696857845e+000 1.998211846e+000 
1.000320735e+000 1.824137762e+000 
1.688091471e+000 1.997972506e+000 
1.000720284e+000 1.827120357e+000 
1.000132076e+000 1.821933883e+000 
1.667231572e+000 1.997342105e+000 

