6.234288260e-001
8.568642560e-001
9.875861780e-001
7.115085000e-001
8.571198260e-001
9.478829000e-002
9.401135350e-001
4.250379040e-001
9.990058060e-001
9.277904140e-001
9.941814660e-001
8.060253640e-001
9.984982660e-001
7.047717840e-001
3.343836000e-003
9.648385690e-001
9.713196120e-001
3.501873070e-001
7.328570620e-001
7.050253070e-001
6.234288260e-001
8.568642560e-001
9.875861780e-001
7.113863490e-001
8.571198260e-001
9.732043800e-002
9.401905190e-001
4.249620020e-001
9.990058060e-001
9.278010740e-001
9.941915080e-001
8.060253640e-001
9.984982660e-001
7.047717840e-001
4.667071000e-003
9.648429060e-001
9.713196120e-001
3.501873070e-001
7.328570620e-001
7.050253070e-001

