6.234288260e-001
8.568642560e-001
9.876860750e-001
7.123693930e-001
8.574979180e-001
1.003584920e-001
9.410041060e-001
4.250545450e-001
9.990206700e-001
9.283901980e-001
9.942363180e-001
8.067089900e-001
9.984982660e-001
7.047717840e-001
6.130390000e-003
9.648965430e-001
9.713196120e-001
3.502574110e-001
7.328570620e-001
7.051823300e-001
6.234288260e-001
8.568642560e-001
9.876860750e-001
7.123693930e-001
8.574979180e-001
1.003584920e-001
9.410041060e-001
4.250545450e-001
9.990206700e-001
9.283901980e-001
9.942363180e-001
8.067089900e-001
9.984982660e-001
7.047717840e-001
6.130390000e-003
9.648965430e-001
9.713196120e-001
3.502574110e-001
7.328570620e-001
7.051823300e-001

