6.862646736e-001
9.427049012e-001
1.082215560e+000
7.827154761e-001
9.430496529e-001
1.070116378e-001
1.032349912e+000
4.697538418e-001
1.094002769e+000
1.020291352e+000
1.088972563e+000
8.872539200e-001
1.093448757e+000
7.755017698e-001
2.064833759e-003
1.058713500e+000
1.064976880e+000
3.873104626e-001
8.021365748e-001
7.759907416e-001
6.862646736e-001
9.427049012e-001
1.082215560e+000
7.827154761e-001
9.430496529e-001
1.070116378e-001
1.032349912e+000
4.697538418e-001
1.094002769e+000
1.020291352e+000
1.088972563e+000
8.872539200e-001
1.093448757e+000
7.755017698e-001
2.064833759e-003
1.058713500e+000
1.064976880e+000
3.873104626e-001
8.021365748e-001
7.759907416e-001

