1.002575391e+000 1.890551026e+000 
1.003124912e+000 1.896220741e+000 
1.006771726e+000 1.917271029e+000 
1.011725979e+000 1.934565139e+000 
1.006265097e+000 1.914714951e+000 
1.006373334e+000 1.915396698e+000 
1.012914938e+000 1.937175938e+000 
1.013034870e+000 1.937378771e+000 
1.010260130e+000 1.930397296e+000 
1.001728028e+000 1.881065108e+000 
1.008471711e+000 1.924688244e+000 
1.010634710e+000 1.931591240e+000 
1.012502190e+000 1.936408735e+000 
1.009066613e+000 1.926776763e+000 
1.008086656e+000 1.922988185e+000 
1.013149920e+000 1.937607136e+000 
1.003212824e+000 1.896911186e+000 
1.008878724e+000 1.926384747e+000 
1.010068957e+000 1.929678276e+000 
1.007094168e+000 1.918381599e+000 
1.009138467e+000 1.926963983e+000 
1.010221962e+000 1.930375240e+000 
1.005908177e+000 1.912877726e+000 
1.009983418e+000 1.929234853e+000 
1.001398644e+000 1.876295249e+000 
1.009886985e+000 1.929115273e+000 
1.005370116e+000 1.910765650e+000 
1.007617269e+000 1.920847288e+000 
1.006526339e+000 1.916020530e+000 
1.008494966e+000 1.924743943e+000 
1.007662373e+000 1.921320049e+000 
1.001794940e+000 1.882028754e+000 
1.001750096e+000 1.881455999e+000 
1.005692558e+000 1.911876220e+000 
1.018652979e+000 1.946073377e+000 
1.007486046e+000 1.920156148e+000 
1.002269308e+000 1.887878372e+000 
1.005685497e+000 1.911537412e+000 
1.002799502e+000 1.892912448e+000 
1.006924731e+000 1.917894861e+000 
1.001931819e+000 1.883975890e+000 
1.006525792e+000 1.915781503e+000 
1.006624960e+000 1.916553684e+000 
1.013457162e+000 1.937643029e+000 
1.002044467e+000 1.885015490e+000 
1.002771570e+000 1.892510478e+000 
1.002079690e+000 1.885135538e+000 
1.019944074e+000 1.948180962e+000 
1.019737939e+000 1.947821580e+000 
1.002959734e+000 1.894787539e+000 
1.003601654e+000 1.899934211e+000 
1.003731973e+000 1.900783116e+000 
1.005047857e+000 1.908632338e+000 
1.003389621e+000 1.898332608e+000 
1.002840492e+000 1.893219217e+000 
1.004407701e+000 1.904846586e+000 
1.002123503e+000 1.886111672e+000 
1.002093183e+000 1.885520736e+000 
1.002314272e+000 1.888071444e+000 
1.002338230e+000 1.888830109e+000 
1.002172376e+000 1.887048516e+000 
1.002912880e+000 1.894453538e+000 
1.003165848e+000 1.896430784e+000 
1.002953815e+000 1.894687082e+000 
1.007395326e+000 1.919659737e+000 
1.002517102e+000 1.890230926e+000 
1.005220294e+000 1.909366263e+000 
1.002688199e+000 1.891694770e+000 
1.002476166e+000 1.889927565e+000 
1.003361720e+000 1.898101139e+000 
1.004295759e+000 1.904167062e+000 
1.004871668e+000 1.907887794e+000 
1.003189102e+000 1.896496874e+000 
1.002642391e+000 1.891088780e+000 
1.003424856e+000 1.898409454e+000 
1.003038169e+000 1.895316163e+000 
1.002601456e+000 1.890790193e+000 
1.005223350e+000 1.910048305e+000 
1.003527016e+000 1.899061530e+000 
1.004772501e+000 1.907552239e+000 
1.003427849e+000 1.898717612e+000 
1.002449080e+000 1.889563565e+000 
1.002218946e+000 1.887374007e+000 
1.005124182e+000 1.909276124e+000 
1.005775719e+000 1.912183287e+000 
1.003904590e+000 1.901989699e+000 
1.004096773e+000 1.903488769e+000 
1.005873150e+000 1.912460090e+000 
1.004195940e+000 1.903824324e+000 
1.004384446e+000 1.904780497e+000 
1.004580318e+000 1.906053169e+000 
1.003708718e+000 1.900717027e+000 
1.004442678e+000 1.904929518e+000 
1.004343511e+000 1.904585999e+000 
1.003667783e+000 1.900522529e+000 
1.004643454e+000 1.906617160e+000 
1.003967726e+000 1.902553690e+000 
1.418476397e+000 1.997929793e+000 
1.436608502e+000 1.998116742e+000 
1.626023190e+000 1.999565465e+000 
1.624694943e+000 1.999527163e+000 
1.590553363e+000 1.999501246e+000 
1.546176051e+000 1.999500635e+000 
1.481975226e+000 1.998750586e+000 
1.481683195e+000 1.998659103e+000 
1.497243383e+000 1.999466753e+000 
1.535431198e+000 1.999472420e+000 
1.466071839e+000 1.998630921e+000 
1.496669547e+000 1.999237319e+000 
1.494842273e+000 1.998880731e+000 
1.449046100e+000 1.998252602e+000 
1.370132482e+000 1.995143472e+000 
1.375895920e+000 1.996591227e+000 
1.344059651e+000 1.995113439e+000 
1.374986558e+000 1.995627331e+000 
1.000000000e+000 1.723345860e+000 
1.003890446e+000 1.901636002e+000 
1.022984714e+000 1.953619394e+000 
1.023326096e+000 1.953861054e+000 
1.001007806e+000 1.870608336e+000 
1.026433856e+000 1.957892270e+000 
1.001946819e+000 1.884056138e+000 
1.009492509e+000 1.928225087e+000 
1.038883697e+000 1.970029159e+000 
1.005630278e+000 1.911033059e+000 
1.014276449e+000 1.940427573e+000 
1.035427810e+000 1.967121854e+000 
1.038039532e+000 1.968984574e+000 
1.023469831e+000 1.954298986e+000 
1.006155919e+000 1.914099692e+000 
1.022796825e+000 1.953305030e+000 
1.011259777e+000 1.933825156e+000 
1.033864138e+000 1.965433245e+000 
1.010164477e+000 1.930256678e+000 
1.001612462e+000 1.879898564e+000 
1.025590342e+000 1.957121194e+000 
1.000345797e+000 1.856770382e+000 
1.007385376e+000 1.919548920e+000 
1.036734727e+000 1.967141497e+000 
1.108344200e+000 1.993831793e+000 
1.025849472e+000 1.957266584e+000 
1.842702831e+000 1.999984417e+000 
1.851926384e+000 1.999984572e+000 
1.002245832e+000 1.887564529e+000 
1.000026811e+000 1.846920163e+000 
1.019907553e+000 1.948007644e+000 
1.001857140e+000 1.883379721e+000 
1.040458919e+000 1.970774207e+000 
1.008388594e+000 1.924179967e+000 
1.001663636e+000 1.879974678e+000 
1.111771947e+000 1.993906512e+000 
1.001985273e+000 1.884953062e+000 
1.112927040e+000 1.994437228e+000 
1.012600019e+000 1.936752034e+000 
1.018661588e+000 1.946632251e+000 
1.000303387e+000 1.855877304e+000 
1.000388250e+000 1.858109735e+000 
1.037470913e+000 1.968284199e+000 
1.000411555e+000 1.858196184e+000 
1.000324875e+000 1.856250157e+000 
1.000084097e+000 1.849897002e+000 
1.005896155e+000 1.912651063e+000 
1.000274458e+000 1.854684638e+000 
1.000279668e+000 1.855815226e+000 
1.001339261e+000 1.876187719e+000 
1.039617412e+000 1.970228675e+000 
1.019116882e+000 1.947474345e+000 
1.008786985e+000 1.926025676e+000 
1.001822271e+000 1.883028659e+000 
1.012766197e+000 1.937091134e+000 
1.001767325e+000 1.881858655e+000 
1.001674400e+000 1.880900806e+000 
1.001431030e+000 1.877494523e+000 
1.001525574e+000 1.878645680e+000 
1.001583346e+000 1.879870283e+000 
1.008968066e+000 1.926576048e+000 
1.000861719e+000 1.867194930e+000 
1.009585391e+000 1.928267349e+000 
1.009217351e+000 1.927190603e+000 
1.002753249e+000 1.891790525e+000 
1.010689431e+000 1.932060674e+000 
1.064979482e+000 1.983166796e+000 
1.001413614e+000 1.877032239e+000 
1.014673029e+000 1.940689813e+000 
1.015897113e+000 1.942306375e+000 
1.014066266e+000 1.939775438e+000 
1.011882894e+000 1.934994909e+000 
1.012069998e+000 1.935832530e+000 
1.001466228e+000 1.877825925e+000 
1.001273880e+000 1.874609526e+000 
1.011034308e+000 1.933203300e+000 
1.001281374e+000 1.874957554e+000 
1.837695442e+000 1.999971182e+000 
1.011088840e+000 1.933358720e+000 
1.829937233e+000 1.999966825e+000 
1.835849730e+000 1.999968083e+000 
1.010373470e+000 1.931369131e+000 
1.009652832e+000 1.928678002e+000 
1.000231996e+000 1.853897273e+000 
1.000914767e+000 1.868256500e+000 
1.009471851e+000 1.928089855e+000 
1.009312492e+000 1.927778334e+000 
1.000048074e+000 1.848461116e+000 
1.000172220e+000 1.852362972e+000 
1.000157429e+000 1.852277964e+000 
1.828292727e+000 1.999964270e+000 
1.000097467e+000 1.850636725e+000 
1.813040659e+000 1.999962513e+000 
1.000061729e+000 1.849203126e+000 
1.808194676e+000 1.999960950e+000 
1.832480909e+000 1.999968075e+000 
1.836430582e+000 1.999968686e+000 
1.800834614e+000 1.999955893e+000 
1.790961729e+000 1.999947896e+000 
1.798018438e+000 1.999950828e+000 
1.000002078e+000 1.846347608e+000 
1.741919704e+000 1.999934031e+000 
1.716224604e+000 1.999930351e+000 
1.711697310e+000 1.999927147e+000 
1.746789122e+000 1.999934930e+000 
1.748900645e+000 1.999935081e+000 
1.712943305e+000 1.999928770e+000 
1.714896490e+000 1.999930161e+000 
1.697617666e+000 1.999920951e+000 
1.664165700e+000 1.999915623e+000 
1.681969011e+000 1.999917686e+000 
1.701369035e+000 1.999923557e+000 
1.652420790e+000 1.999810158e+000 
1.643341822e+000 1.999809511e+000 
1.655008244e+000 1.999811292e+000 
1.637440401e+000 1.999730319e+000 
1.642714928e+000 1.999769855e+000 
1.628966549e+000 1.999607372e+000 
1.008022548e+000 1.922763913e+000 
1.026438049e+000 1.958567283e+000 
1.026993561e+000 1.958599385e+000 
1.016455840e+000 1.944330910e+000 
1.010099518e+000 1.929862189e+000 
1.858518261e+000 1.999986108e+000 
1.022523633e+000 1.952200949e+000 
1.892000341e+000 2.000000000e+000 
1.879312763e+000 1.999993063e+000 
1.000602475e+000 1.863733381e+000 
1.043885136e+000 1.973514386e+000 
1.881653888e+000 1.999993589e+000 
1.005770327e+000 1.912016669e+000 
1.008861730e+000 1.926284276e+000 
1.019180603e+000 1.947762437e+000 
1.008633207e+000 1.925558049e+000 
1.003298158e+000 1.897182887e+000 
1.024672723e+000 1.956064449e+000 
1.016717559e+000 1.944583893e+000 
1.028075928e+000 1.960245694e+000 
1.030135269e+000 1.961759414e+000 
1.015208177e+000 1.941709023e+000 
1.027811829e+000 1.959780554e+000 
1.041965331e+000 1.972233150e+000 
1.024574851e+000 1.956032094e+000 
1.048473886e+000 1.976501839e+000 
1.071389712e+000 1.987304517e+000 
1.025995542e+000 1.957816206e+000 
1.029101096e+000 1.960310936e+000 
1.024807067e+000 1.956848908e+000 
1.051311752e+000 1.978573466e+000 
1.000923612e+000 1.868851322e+000 
1.016190553e+000 1.943045644e+000 
1.084158961e+000 1.990949769e+000 
1.000637698e+000 1.864995745e+000 
1.030038838e+000 1.961550195e+000 
1.000502460e+000 1.861428735e+000 
1.001157194e+000 1.873449693e+000 
1.024012669e+000 1.954897109e+000 
1.031964861e+000 1.964204487e+000 
1.000621765e+000 1.864003432e+000 
1.023499495e+000 1.954656460e+000 
1.019073832e+000 1.947422963e+000 
1.031530966e+000 1.963707977e+000 
1.042648103e+000 1.972792378e+000 
1.013561243e+000 1.938872933e+000 
1.103033000e+000 1.993774131e+000 
1.034433523e+000 1.965786955e+000 
1.043063565e+000 1.973509784e+000 
1.100806412e+000 1.993621173e+000 
1.092097868e+000 1.992681201e+000 
1.862226836e+000 1.999986337e+000 
1.020010962e+000 1.949138330e+000 
1.084486603e+000 1.991129252e+000 
1.866555739e+000 1.999987443e+000 
1.000458888e+000 1.859741764e+000 
1.006090609e+000 1.913704796e+000 
1.021003809e+000 1.950787641e+000 
1.041224535e+000 1.971924036e+000 
1.001700483e+000 1.880912135e+000 
1.006410344e+000 1.915463918e+000 
1.002773006e+000 1.892606508e+000 
1.020623925e+000 1.950606428e+000 
1.087283622e+000 1.991452169e+000 
1.034264506e+000 1.965546791e+000 
1.081911880e+000 1.989880983e+000 
1.083310494e+000 1.990418734e+000 
1.031305950e+000 1.963470335e+000 
1.000412030e+000 1.859551117e+000 
1.876414257e+000 1.999988239e+000 
1.098997730e+000 1.993162761e+000 
1.020620137e+000 1.950035457e+000 
1.876333244e+000 1.999987882e+000 
1.000733629e+000 1.866523757e+000 
1.007932389e+000 1.922524197e+000 
1.029310171e+000 1.961142535e+000 
1.014206015e+000 1.939819733e+000 
1.030341837e+000 1.962576767e+000 
1.012546982e+000 1.936411415e+000 
1.000178992e+000 1.852693236e+000 
1.004515941e+000 1.905092845e+000 
1.007751421e+000 1.921536759e+000 
1.012661031e+000 1.936951422e+000 
1.000479541e+000 1.861381703e+000 
1.002897783e+000 1.893792014e+000 
1.014018389e+000 1.939389007e+000 
1.015492868e+000 1.942026374e+000 
1.014782608e+000 1.941260038e+000 
1.029801678e+000 1.961278293e+000 
1.027401031e+000 1.958911345e+000 
1.022104032e+000 1.951573409e+000 
1.000537347e+000 1.862887050e+000 
1.001919333e+000 1.883559887e+000 
1.027484856e+000 1.959177748e+000 
1.007518808e+000 1.920563498e+000 
1.077761453e+000 1.989122937e+000 
1.119242421e+000 1.994790187e+000 
1.017702465e+000 1.945777473e+000 
1.039889716e+000 1.970765496e+000 
1.005949572e+000 1.913319990e+000 
1.055580151e+000 1.980431580e+000 
1.009060943e+000 1.926738693e+000 
1.008673841e+000 1.925892261e+000 
1.003649610e+000 1.900139780e+000 
1.055802310e+000 1.980758701e+000 
1.069615552e+000 1.986488790e+000 
1.040821580e+000 1.970973369e+000 
1.055673054e+000 1.980591794e+000 
1.055207434e+000 1.980251507e+000 
1.078309397e+000 1.989272607e+000 
1.050639724e+000 1.977976626e+000 
1.112262076e+000 1.994089127e+000 
1.010029400e+000 1.929624279e+000 
1.065855181e+000 1.984664921e+000 
1.015485272e+000 1.941788532e+000 
1.040556492e+000 1.970924242e+000 
1.044876177e+000 1.974571126e+000 
1.017500822e+000 1.945388547e+000 
1.065580409e+000 1.984602134e+000 
1.001050557e+000 1.871357676e+000 
1.135566788e+000 1.994799682e+000 
1.000209840e+000 1.853507043e+000 
1.117601846e+000 1.994773451e+000 
1.074225102e+000 1.987994545e+000 
1.120611517e+000 1.994792318e+000 
1.000607145e+000 1.863741189e+000 
1.083751588e+000 1.990459060e+000 
1.000972337e+000 1.870071099e+000 
1.000688733e+000 1.865590858e+000 
1.004992643e+000 1.907889145e+000 
1.007796144e+000 1.922233760e+000 
1.045962007e+000 1.975108921e+000 
1.005836453e+000 1.912439642e+000 
1.008514087e+000 1.925188202e+000 
1.001291428e+000 1.875009637e+000 
1.132448315e+000 1.994795258e+000 
1.000785378e+000 1.867056190e+000 
1.061849419e+000 1.982674571e+000 
1.047041113e+000 1.975632430e+000 
1.001207604e+000 1.873947329e+000 
1.021730114e+000 1.950911509e+000 
1.076027807e+000 1.988387492e+000 
1.001062485e+000 1.871653672e+000 
1.002736176e+000 1.891716385e+000 
1.061081849e+000 1.982086880e+000 
1.068094848e+000 1.985259502e+000 
1.061160579e+000 1.982649866e+000 
1.001503361e+000 1.878354788e+000 
1.001088206e+000 1.872082075e+000 
1.006349812e+000 1.915031381e+000 
1.029269768e+000 1.960364544e+000 
1.058737659e+000 1.981441111e+000 
1.006905354e+000 1.917846236e+000 
1.058531523e+000 1.981289476e+000 
1.000960613e+000 1.869803384e+000 
1.006600743e+000 1.916434566e+000 
1.006792926e+000 1.917602712e+000 
1.029647335e+000 1.961199107e+000 
1.053679823e+000 1.979049347e+000 
1.008194536e+000 1.924108091e+000 
1.000875333e+000 1.867954116e+000 
1.001112895e+000 1.872321945e+000 
1.007932851e+000 1.922613954e+000 
1.000129672e+000 1.850962237e+000 
1.000037817e+000 1.848243284e+000 
1.007208266e+000 1.919020941e+000 
1.009570903e+000 1.928247519e+000 
1.009687393e+000 1.928717211e+000 
1.000174963e+000 1.852469515e+000 
1.000024661e+000 1.846630906e+000 
1.000143134e+000 1.851398934e+000 

