1.057146057e+000 1.921750816e+000 
1.013844718e+000 1.866924471e+000 
1.026391793e+000 1.888809647e+000 
1.007697348e+000 1.851607193e+000 
1.030585662e+000 1.893878334e+000 
1.064365757e+000 1.928077360e+000 
1.036190729e+000 1.900531682e+000 
1.052053977e+000 1.917178799e+000 
1.063962099e+000 1.927696439e+000 
1.031643548e+000 1.895107015e+000 
1.061230243e+000 1.925140668e+000 
1.076980843e+000 1.935964167e+000 
1.037200705e+000 1.902153360e+000 
1.063767112e+000 1.927430683e+000 
1.097927441e+000 1.948105225e+000 
1.067232280e+000 1.930362614e+000 
1.014640929e+000 1.868041430e+000 
1.039103463e+000 1.904232031e+000 
1.050843234e+000 1.915409496e+000 
1.016570967e+000 1.872009684e+000 
1.033744085e+000 1.897887250e+000 
1.057271045e+000 1.922266931e+000 
1.031487061e+000 1.894932459e+000 
1.018554511e+000 1.875890628e+000 
1.056835675e+000 1.921741795e+000 
1.031142015e+000 1.894232501e+000 
1.062505876e+000 1.925895044e+000 
1.004706498e+000 1.842038867e+000 
1.033108967e+000 1.897445026e+000 
1.105108793e+000 1.952489464e+000 
1.168820871e+000 1.969822562e+000 
1.012052136e+000 1.862530074e+000 
1.046258304e+000 1.911923319e+000 
1.055108401e+000 1.920318520e+000 
1.054589916e+000 1.919474583e+000 
1.058998320e+000 1.923690207e+000 
1.012087413e+000 1.862786239e+000 
1.089620503e+000 1.944640630e+000 
1.058026144e+000 1.922701885e+000 
1.127452060e+000 1.960674054e+000 
1.058674102e+000 1.922864435e+000 
1.112918405e+000 1.955457696e+000 
1.050652872e+000 1.915322192e+000 
1.138108754e+000 1.963083011e+000 
1.110111065e+000 1.954316604e+000 
1.105914197e+000 1.952923859e+000 
1.104798411e+000 1.952480443e+000 
1.013115304e+000 1.865162453e+000 
1.034090444e+000 1.898083137e+000 
1.056442179e+000 1.921413974e+000 
1.021954863e+000 1.881596310e+000 
1.010744749e+000 1.859435015e+000 
1.088367343e+000 1.943050924e+000 
1.025966670e+000 1.888196229e+000 
1.029314656e+000 1.891733930e+000 
1.069825504e+000 1.931127705e+000 
1.029644521e+000 1.892312498e+000 
1.030160538e+000 1.893264916e+000 
1.035056159e+000 1.899602859e+000 
1.058336526e+000 1.922710906e+000 
1.070710962e+000 1.932105546e+000 
1.032107731e+000 1.895422749e+000 
1.056131797e+000 1.921404953e+000 
1.031202844e+000 1.894730633e+000 
1.013674728e+000 1.866495651e+000 
1.019298167e+000 1.876960060e+000 
1.005390781e+000 1.844772504e+000 
1.055728138e+000 1.921024032e+000 
1.071748562e+000 1.932720006e+000 
1.053906240e+000 1.919118190e+000 
1.051802093e+000 1.916703110e+000 
1.016021933e+000 1.870626066e+000 
1.016200524e+000 1.870963834e+000 
1.174517973e+000 1.970955175e+000 
1.084464116e+000 1.940848719e+000 
1.004082339e+000 1.839457219e+000 
1.009797789e+000 1.857617672e+000 
1.016785317e+000 1.872431512e+000 
1.012168041e+000 1.863289669e+000 
1.016218540e+000 1.871229159e+000 
1.022668208e+000 1.882897200e+000 
1.088010402e+000 1.942641805e+000 
1.075018744e+000 1.935392572e+000 
1.015168744e+000 1.869225530e+000 
1.024944359e+000 1.886702741e+000 
1.015404313e+000 1.869846875e+000 
1.057714578e+000 1.922282538e+000 
1.068340814e+000 1.930405432e+000 
1.132351062e+000 1.962528294e+000 
1.018209749e+000 1.874939479e+000 
1.039985444e+000 1.905007383e+000 
1.088056961e+000 1.943041903e+000 
1.173771844e+000 1.970676952e+000 
1.029235892e+000 1.891518108e+000 
1.033089208e+000 1.896390334e+000 
1.019675953e+000 1.877627151e+000 
1.012338031e+000 1.863718489e+000 
1.019170473e+000 1.876736200e+000 
1.018374262e+000 1.875598383e+000 
1.090685984e+000 1.945098030e+000 
1.014470939e+000 1.867612610e+000 
1.020609327e+000 1.879839295e+000 
1.042228702e+000 1.907650378e+000 
1.030096955e+000 1.892705613e+000 
1.048110567e+000 1.913862710e+000 
1.168263645e+000 1.969432367e+000 
1.028254415e+000 1.890550523e+000 
1.019980496e+000 1.878233198e+000 
1.022922826e+000 1.883563011e+000 
1.022136061e+000 1.881608922e+000 
1.072381645e+000 1.933403938e+000 
1.009967476e+000 1.857991050e+000 
1.048420949e+000 1.913871731e+000 
1.030021642e+000 1.892594449e+000 
1.080021015e+000 1.937219712e+000 
1.011628449e+000 1.861687980e+000 
1.020444814e+000 1.879180392e+000 
1.011310141e+000 1.861342274e+000 
1.025793215e+000 1.887240636e+000 
1.021028682e+000 1.880099313e+000 
1.044717214e+000 1.910011563e+000 
1.046901121e+000 1.912087380e+000 
1.068801081e+000 1.930728743e+000 
1.027679184e+000 1.889492500e+000 
1.077515702e+000 1.937022129e+000 
1.029812737e+000 1.892503786e+000 
1.094937800e+000 1.947022070e+000 
1.014376422e+000 1.867470660e+000 
1.022708476e+000 1.883141183e+000 
1.023846197e+000 1.885060009e+000 
1.023163868e+000 1.883785609e+000 
1.071438180e+000 1.932710985e+000 
1.040128417e+000 1.905201834e+000 
1.024060546e+000 1.885481836e+000 
1.021405538e+000 1.880978375e+000 
1.041225224e+000 1.906197510e+000 
1.012816828e+000 1.864548256e+000 
1.081468168e+000 1.938797614e+000 
1.040379917e+000 1.905753101e+000 
1.108858259e+000 1.953902012e+000 
1.019035352e+000 1.876454850e+000 
1.093372164e+000 1.946105197e+000 
1.020194845e+000 1.878655026e+000 
1.074708361e+000 1.935383552e+000 
1.045600792e+000 1.911374120e+000 
1.053380201e+000 1.918074777e+000 
1.070801957e+000 1.932455269e+000 
1.098446588e+000 1.948603232e+000 
1.082284616e+000 1.939130839e+000 
1.085226746e+000 1.942047608e+000 
1.143244400e+000 1.964585241e+000 
1.039701226e+000 1.904805557e+000 
1.034647530e+000 1.898343597e+000 
1.010884582e+000 1.859665907e+000 
1.040914842e+000 1.905792410e+000 
1.050058273e+000 1.915111345e+000 
1.011798439e+000 1.862116799e+000 
1.045974087e+000 1.911721493e+000 
1.083525588e+000 1.940338770e+000 
1.043438148e+000 1.909029629e+000 
1.045290410e+000 1.910969020e+000 
1.051491711e+000 1.916298010e+000 
1.092054643e+000 1.945696973e+000 
1.088678024e+000 1.943612085e+000 
1.084094867e+000 1.940797793e+000 
1.082764843e+000 1.939865924e+000 
1.008465346e+000 1.853492701e+000 
1.044454259e+000 1.909937142e+000 
1.047826349e+000 1.913660884e+000 
1.038181399e+000 1.903021206e+000 
1.037427221e+000 1.902301205e+000 
1.148507150e+000 1.965963485e+000 
1.084772803e+000 1.941370809e+000 
1.036037636e+000 1.900240971e+000 
1.009035131e+000 1.855563924e+000 
1.010207805e+000 1.858486328e+000 
1.012607876e+000 1.864080326e+000 
1.174313671e+000 1.970696430e+000 
1.008791198e+000 1.855290839e+000 
1.096535124e+000 1.947430185e+000 
1.166706376e+000 1.968987124e+000 
1.114817468e+000 1.956796350e+000 
1.043064152e+000 1.908039768e+000 
1.036791292e+000 1.901123832e+000 
1.068975228e+000 1.930973363e+000 
1.006557043e+000 1.847611993e+000 
1.041122813e+000 1.905954831e+000 
1.092774495e+000 1.945798397e+000 
1.007012484e+000 1.849553445e+000 
1.006752618e+000 1.848899055e+000 
1.019534317e+000 1.877277203e+000 
1.003975372e+000 1.839018512e+000 
1.008409498e+000 1.853073953e+000 
1.017974722e+000 1.874354799e+000 
1.023588075e+000 1.884038339e+000 
1.117038690e+000 1.957307821e+000 
1.131795239e+000 1.961562989e+000 
1.087476882e+000 1.942575866e+000 
1.082650697e+000 1.939247067e+000 
1.032356140e+000 1.895681618e+000 
1.007066834e+000 1.849722729e+000 
1.125894791e+000 1.960200990e+000 
1.027858854e+000 1.889684037e+000 
1.134623061e+000 1.962778287e+000 
1.139935715e+000 1.964116962e+000 
1.120582137e+000 1.958862315e+000 
1.059843944e+000 1.923990555e+000 
1.061728870e+000 1.925345732e+000 
1.010337310e+000 1.858582597e+000 
1.112401707e+000 1.955456505e+000 
1.154350152e+000 1.966308390e+000 
1.148287482e+000 1.965445621e+000 
1.153155301e+000 1.965971202e+000 
1.007880228e+000 1.852149856e+000 
1.007639112e+000 1.851178739e+000 
1.080934258e+000 1.938731563e+000 
1.008753529e+000 1.854260256e+000 
1.119045966e+000 1.958157670e+000 
1.139863560e+000 1.963609775e+000 
1.147477799e+000 1.964938576e+000 
1.139666431e+000 1.963412317e+000 
1.080216848e+000 1.937537168e+000 
1.086122183e+000 1.942072378e+000 
1.062195494e+000 1.925886023e+000 
1.007561514e+000 1.851127381e+000 
1.076418456e+000 1.935411784e+000 
1.077440948e+000 1.936120083e+000 
1.087166500e+000 1.942566845e+000 
1.103653861e+000 1.951261598e+000 
1.057916127e+000 1.922289046e+000 
1.110823759e+000 1.955160086e+000 
1.117947329e+000 1.957668431e+000 
1.009312768e+000 1.855726651e+000 
1.008138597e+000 1.852804246e+000 
1.006946448e+000 1.849051074e+000 
1.009482758e+000 1.856155470e+000 
1.107003633e+000 1.953336583e+000 
1.110269892e+000 1.954809786e+000 
1.113077232e+000 1.956448364e+000 
1.110580274e+000 1.954818807e+000 
1.109129693e+000 1.954072757e+000 
1.107493993e+000 1.953392702e+000 
1.103546454e+000 1.951017094e+000 
1.101375624e+000 1.949836975e+000 
1.099858829e+000 1.949323424e+000 
1.365648571e+000 1.997641797e+000 
1.902786814e+000 2.000000000e+000 
1.380332348e+000 1.997943788e+000 
1.370835233e+000 1.997923545e+000 
1.363400064e+000 1.997184271e+000 
1.007199861e+000 1.850477753e+000 
1.007869758e+000 1.851704186e+000 
1.897252630e+000 1.999949041e+000 
1.257822172e+000 1.988504200e+000 
1.005788839e+000 1.847374708e+000 
1.260135856e+000 1.988636392e+000 
1.260493085e+000 1.988740987e+000 
1.005051567e+000 1.843664834e+000 
1.253591247e+000 1.987875235e+000 
1.356772678e+000 1.996433237e+000 
1.259735272e+000 1.988525094e+000 
1.005236396e+000 1.844283835e+000 
1.202333501e+000 1.980377488e+000 
1.183135096e+000 1.974978247e+000 
1.253822782e+000 1.988500421e+000 
1.005394077e+000 1.845756075e+000 
1.199051795e+000 1.979198870e+000 
1.246824226e+000 1.987655785e+000 
1.179493995e+000 1.974146999e+000 
1.001498066e+000 1.831381103e+000 
1.004769429e+000 1.842470375e+000 
1.233870541e+000 1.985075825e+000 
1.004917406e+000 1.843350677e+000 
1.181408469e+000 1.974797634e+000 
1.207292930e+000 1.980820898e+000 
1.002449353e+000 1.835916587e+000 
1.190019524e+000 1.976362731e+000 
1.209144518e+000 1.981193639e+000 
1.186590287e+000 1.975840304e+000 
1.895311798e+000 1.999903298e+000 
1.237953170e+000 1.986270220e+000 
1.193549324e+000 1.976956193e+000 
1.234913373e+000 1.985269126e+000 
1.000257242e+000 1.822980353e+000 
1.230865993e+000 1.984447683e+000 
1.000992701e+000 1.828310900e+000 
1.220673857e+000 1.983051049e+000 
1.187593468e+000 1.976167951e+000 
1.353479301e+000 1.996076172e+000 
1.350162655e+000 1.995028992e+000 
1.196389557e+000 1.977975867e+000 
1.000715083e+000 1.826698078e+000 
1.220740127e+000 1.983289872e+000 
1.220676880e+000 1.983263629e+000 
1.224108169e+000 1.983428204e+000 
1.193744547e+000 1.977133922e+000 
1.226329464e+000 1.983697022e+000 
1.001892925e+000 1.833506001e+000 
1.217397569e+000 1.982659452e+000 
1.006567367e+000 1.848778578e+000 
1.196797230e+000 1.978361899e+000 
1.194182059e+000 1.977861923e+000 
1.225283735e+000 1.983443890e+000 
1.220813203e+000 1.983293177e+000 
1.214049467e+000 1.982258681e+000 
1.344634620e+000 1.993968516e+000 
1.345350604e+000 1.994495569e+000 
1.355504949e+000 1.996317140e+000 
1.001528655e+000 1.831604945e+000 
1.225501505e+000 1.983652946e+000 
1.000873599e+000 1.828128493e+000 
1.864531356e+000 1.999380067e+000 
1.005778593e+000 1.846550622e+000 
1.353335653e+000 1.995207072e+000 
1.163606108e+000 1.967874717e+000 
1.164130998e+000 1.968602263e+000 
1.001547639e+000 1.831614276e+000 
1.001562755e+000 1.832628130e+000 
1.001201278e+000 1.830403517e+000 
1.004393837e+000 1.841821833e+000 
1.159387639e+000 1.966842968e+000 
1.000447008e+000 1.824703969e+000 
1.003438815e+000 1.838311294e+000 
1.161074199e+000 1.966855019e+000 
1.161713364e+000 1.967390572e+000 
1.000087941e+000 1.820886544e+000 
1.857623392e+000 1.999097023e+000 
1.860436670e+000 1.999182162e+000 
1.000259490e+000 1.823302319e+000 
1.004135096e+000 1.841418310e+000 
1.859188862e+000 1.999141553e+000 
1.000510615e+000 1.825990111e+000 
1.000060100e+000 1.819338663e+000 
1.171896993e+000 1.969919706e+000 
1.161705776e+000 1.966896916e+000 
1.841882747e+000 1.998579938e+000 
1.837695975e+000 1.998281735e+000 
1.844004089e+000 1.999096227e+000 
1.003546897e+000 1.838794110e+000 
1.003053003e+000 1.837281180e+000 
1.000276118e+000 1.823347872e+000 
1.340890442e+000 1.993316244e+000 
1.002206320e+000 1.834772468e+000 
1.294568830e+000 1.988934709e+000 
1.343172768e+000 1.993526455e+000 
1.341743229e+000 1.993362458e+000 
1.333827112e+000 1.992884110e+000 
1.334171714e+000 1.992921906e+000 
1.002912886e+000 1.836447844e+000 
1.319855162e+000 1.990476159e+000 
1.318045269e+000 1.990104771e+000 
1.310092853e+000 1.989158528e+000 
1.001329327e+000 1.830640869e+000 
1.312373401e+000 1.989312944e+000 
1.310560819e+000 1.989285354e+000 
1.315290015e+000 1.989931625e+000 
1.307172281e+000 1.989154916e+000 
1.003452139e+000 1.838381060e+000 
1.001106565e+000 1.829701712e+000 
1.000143755e+000 1.821627488e+000 
1.000211429e+000 1.822633737e+000 
1.000609146e+000 1.826072379e+000 
1.000730342e+000 1.827105744e+000 
1.888057604e+000 1.999795825e+000 
1.873362761e+000 1.999760624e+000 
1.883151378e+000 1.999792200e+000 
1.000050673e+000 1.775988459e+000 
9.999999999e-001 1.020013598e+000 
1.000044823e+000 1.290468973e+000 
1.000021784e+000 1.037308673e+000 
1.000012640e+000 1.037262838e+000 
1.000042227e+000 1.038313624e+000 
1.000036505e+000 1.038246961e+000 
1.000040372e+000 1.038253426e+000 

