1.002484883e+000 1.890574251e+000 
1.003015093e+000 1.896244115e+000 
1.018520607e+000 1.947050087e+000 
1.001797280e+000 1.882528720e+000 
1.001799368e+000 1.882702039e+000 
1.001156900e+000 1.872861443e+000 
1.007544901e+000 1.921868201e+000 
1.006149354e+000 1.915420571e+000 
1.011685661e+000 1.935220610e+000 
1.012461064e+000 1.937200380e+000 
1.013121458e+000 1.938048028e+000 
1.011053374e+000 1.933816648e+000 
1.016160107e+000 1.943128040e+000 
1.012576781e+000 1.937403218e+000 
1.009899555e+000 1.930421561e+000 
1.001667299e+000 1.881088086e+000 
1.001570750e+000 1.878828304e+000 
1.001586123e+000 1.879602790e+000 
1.007654836e+000 1.922396414e+000 
1.011024073e+000 1.933590936e+000 
1.010260971e+000 1.931615536e+000 
1.017372485e+000 1.945156233e+000 
1.022887005e+000 1.953366908e+000 
1.012062821e+000 1.936433156e+000 
1.001232603e+000 1.873999960e+000 
1.014640851e+000 1.940403814e+000 
1.012687788e+000 1.937631589e+000 
1.001302705e+000 1.874875795e+000 
1.001458180e+000 1.877367834e+000 
1.003099914e+000 1.896934577e+000 
1.008566696e+000 1.926408908e+000 
1.001270619e+000 1.874736843e+000 
1.017663553e+000 1.945558373e+000 
1.010442256e+000 1.932007562e+000 
1.008419068e+000 1.925772123e+000 
1.009862728e+000 1.930399504e+000 
1.005700543e+000 1.912901533e+000 
1.001349491e+000 1.876318102e+000 
1.005181392e+000 1.910789403e+000 
1.008034677e+000 1.923897743e+000 
1.001612888e+000 1.879843433e+000 
1.001481559e+000 1.878235272e+000 
1.648426726e+000 1.999869017e+000 
1.001731860e+000 1.882051758e+000 
1.001392760e+000 1.876693937e+000 
1.001524828e+000 1.878641124e+000 
1.001820660e+000 1.883396158e+000 
1.000970169e+000 1.868650264e+000 
1.001028908e+000 1.869872546e+000 
1.001273787e+000 1.874748560e+000 
1.001688592e+000 1.881478987e+000 
1.001104611e+000 1.871632604e+000 
1.001155952e+000 1.872620289e+000 
1.000926789e+000 1.868455363e+000 
1.015116909e+000 1.941225118e+000 
1.002189557e+000 1.887901528e+000 
1.002701118e+000 1.892935736e+000 
1.001863929e+000 1.883998944e+000 
1.001972617e+000 1.885038571e+000 
1.019932767e+000 1.948998851e+000 
1.000947731e+000 1.868567812e+000 
1.002674168e+000 1.892533755e+000 
1.002006603e+000 1.885158622e+000 
1.002855719e+000 1.894810875e+000 
1.003475080e+000 1.899957681e+000 
1.003600819e+000 1.900806608e+000 
1.004870458e+000 1.908656035e+000 
1.001474850e+000 1.877581364e+000 
1.001119984e+000 1.871850880e+000 
1.016687309e+000 1.944147084e+000 
1.000982020e+000 1.868665171e+000 
1.001930429e+000 1.884950703e+000 
1.000999422e+000 1.869476100e+000 
1.003270499e+000 1.898356036e+000 
1.002740668e+000 1.893242512e+000 
1.004252799e+000 1.904870185e+000 
1.002048876e+000 1.886134781e+000 
1.002019622e+000 1.885543830e+000 
1.002232941e+000 1.888094605e+000 
1.002256057e+000 1.888853290e+000 
1.002096032e+000 1.887071650e+000 
1.002810512e+000 1.894476865e+000 
1.003054589e+000 1.896454163e+000 
1.002850008e+000 1.894710416e+000 
1.002428642e+000 1.890254144e+000 
1.005036835e+000 1.909389980e+000 
1.002593727e+000 1.891718025e+000 
1.002389146e+000 1.889950775e+000 
1.003243578e+000 1.898124561e+000 
1.004144792e+000 1.904190642e+000 
1.004700462e+000 1.907911472e+000 
1.003077027e+000 1.896520254e+000 
1.002549529e+000 1.891112020e+000 
1.003304495e+000 1.898432885e+000 
1.002931398e+000 1.895339513e+000 
1.002510032e+000 1.890813425e+000 
1.005783077e+000 1.913178173e+000 
1.005039784e+000 1.910072039e+000 
1.003403065e+000 1.899084978e+000 
1.004604779e+000 1.907575908e+000 
1.003307383e+000 1.898741051e+000 
1.002363011e+000 1.889586765e+000 
1.002140965e+000 1.887397149e+000 
1.004944102e+000 1.909299838e+000 
1.003767370e+000 1.902013223e+000 
1.003952798e+000 1.903512332e+000 
1.004048481e+000 1.903847896e+000 
1.004230362e+000 1.904804094e+000 
1.004419350e+000 1.906076799e+000 
1.003578381e+000 1.900740518e+000 
1.004286548e+000 1.904953118e+000 
1.004190865e+000 1.904609591e+000 
1.003538885e+000 1.900546014e+000 
1.004480268e+000 1.906640805e+000 
1.003828287e+000 1.902577228e+000 
1.403769737e+000 1.997955819e+000 
1.421264619e+000 1.998142773e+000 
1.526981597e+000 1.999526702e+000 
1.465037004e+000 1.998776633e+000 
1.464755236e+000 1.998685148e+000 
1.479768587e+000 1.999492819e+000 
1.516614355e+000 1.999498486e+000 
1.449692515e+000 1.998656965e+000 
1.479214917e+000 1.999263379e+000 
1.433265117e+000 1.998278636e+000 
1.357124788e+000 1.995169425e+000 
1.362685680e+000 1.996617218e+000 
1.331968244e+000 1.995139392e+000 
1.361808276e+000 1.995653297e+000 
1.000550808e+000 1.861231478e+000 
1.015252108e+000 1.942574018e+000 
1.049379344e+000 1.977399196e+000 
1.046390082e+000 1.976227918e+000 
1.000049663e+000 1.848955687e+000 
1.050738929e+000 1.978430287e+000 
1.125511648e+000 1.994961689e+000 
1.032919557e+000 1.965930697e+000 
1.041243452e+000 1.972672035e+000 
1.051547844e+000 1.978877468e+000 
1.070252112e+000 1.987898107e+000 
1.049467051e+000 1.977435689e+000 
1.134505866e+000 1.994962488e+000 
1.009145819e+000 1.928737361e+000 
1.033975373e+000 1.966530526e+000 
1.110645105e+000 1.994896337e+000 
1.044053263e+000 1.974517608e+000 
1.036509939e+000 1.968705691e+000 
1.035575033e+000 1.968638522e+000 
1.079327362e+000 1.989960891e+000 
1.040024130e+000 1.971641138e+000 
1.048358200e+000 1.976582603e+000 
1.042681834e+000 1.973930759e+000 
1.000100587e+000 1.849164613e+000 
1.115875186e+000 1.994954656e+000 
1.000433749e+000 1.858525470e+000 
1.013737744e+000 1.939610878e+000 
1.011856275e+000 1.935997085e+000 
1.037540839e+000 1.969867705e+000 
1.011986005e+000 1.936111316e+000 
1.007411464e+000 1.921657263e+000 
1.020057310e+000 1.949914535e+000 
1.107704877e+000 1.994433035e+000 
1.011212531e+000 1.934382405e+000 
1.103631330e+000 1.993996181e+000 
1.020432053e+000 1.950448434e+000 
1.106523564e+000 1.994280846e+000 
1.001539979e+000 1.878697620e+000 
1.007389307e+000 1.921444070e+000 
1.077447612e+000 1.989586532e+000 
1.112186370e+000 1.994952032e+000 
1.008068065e+000 1.925044758e+000 
1.805358086e+000 1.999989392e+000 
1.073693494e+000 1.989038984e+000 
1.094578877e+000 1.992978027e+000 
1.006702487e+000 1.919120356e+000 
1.000233941e+000 1.853911619e+000 
1.078608031e+000 1.989721533e+000 
1.039976291e+000 1.971384550e+000 
1.097874212e+000 1.993435871e+000 
1.009411007e+000 1.929833801e+000 
1.038979222e+000 1.971124533e+000 
1.079725298e+000 1.990228932e+000 
1.056960523e+000 1.981420366e+000 
1.022010253e+000 1.953349218e+000 
1.016478041e+000 1.943878588e+000 
1.025643150e+000 1.958135745e+000 
1.013271608e+000 1.938825340e+000 
1.017846585e+000 1.946472920e+000 
1.008979944e+000 1.928091264e+000 
1.073175557e+000 1.989034019e+000 
1.025234034e+000 1.957748610e+000 
1.000761387e+000 1.865863560e+000 
1.009315102e+000 1.929491078e+000 
1.004219017e+000 1.904732199e+000 
1.016861814e+000 1.944684660e+000 
1.007704545e+000 1.922861594e+000 
1.010006603e+000 1.931558552e+000 
1.055242531e+000 1.980204856e+000 
1.010689248e+000 1.933446428e+000 
1.018566099e+000 1.947357775e+000 
1.813161469e+000 1.999989837e+000 
1.039782222e+000 1.971244901e+000 
1.792437964e+000 1.999988008e+000 
1.781342875e+000 1.999987097e+000 
1.823738086e+000 2.000000000e+000 
1.036985293e+000 1.969089240e+000 
1.781024892e+000 1.999978860e+000 
1.011249641e+000 1.934823399e+000 
1.055850570e+000 1.980624174e+000 
1.025682356e+000 1.958172273e+000 
1.034618893e+000 1.966936397e+000 
1.078619185e+000 1.989781696e+000 
1.008849735e+000 1.927887207e+000 
1.003698826e+000 1.900981961e+000 
1.016784768e+000 1.944225180e+000 
1.029511810e+000 1.962423426e+000 
1.002340387e+000 1.888896635e+000 
1.038675291e+000 1.970617541e+000 
1.000227587e+000 1.853655402e+000 
1.818429835e+000 1.999998345e+000 
1.008710570e+000 1.927099853e+000 
1.065192292e+000 1.984943728e+000 
1.006192346e+000 1.916499158e+000 
1.009229721e+000 1.929441775e+000 
1.028177003e+000 1.960925850e+000 
1.074997984e+000 1.989215695e+000 
1.003440517e+000 1.899087516e+000 
1.006598743e+000 1.918147648e+000 
1.092688829e+000 1.992490748e+000 
1.004376332e+000 1.905690507e+000 
1.018514002e+000 1.946922341e+000 
1.021863948e+000 1.953039912e+000 
1.018937508e+000 1.948599739e+000 
1.000176814e+000 1.852872341e+000 
1.000653603e+000 1.864020297e+000 
1.005278907e+000 1.911058962e+000 
1.026853635e+000 1.959449001e+000 
1.000823446e+000 1.867132693e+000 
1.001653023e+000 1.879866852e+000 
1.028098222e+000 1.960714718e+000 
1.055374534e+000 1.980418684e+000 
1.000002005e+000 1.846369681e+000 
1.075420269e+000 1.989442035e+000 
1.000151684e+000 1.852605888e+000 
1.001052131e+000 1.870385426e+000 
1.019284236e+000 1.948843473e+000 
1.005082545e+000 1.910425611e+000 
1.031793604e+000 1.964852604e+000 
1.027285516e+000 1.959998289e+000 
1.079832888e+000 1.990750108e+000 
1.027195450e+000 1.959983013e+000 
1.026273102e+000 1.959199228e+000 
1.005178197e+000 1.910505909e+000 
1.007076982e+000 1.919790718e+000 
1.000553554e+000 1.861438230e+000 
1.025302708e+000 1.957787332e+000 
1.105108233e+000 1.994052590e+000 
1.026381579e+000 1.959211739e+000 
1.028601536e+000 1.961440031e+000 
1.006282460e+000 1.916700633e+000 
1.026202434e+000 1.958555386e+000 
1.000594789e+000 1.862460831e+000 
1.014705282e+000 1.941101647e+000 
1.004772417e+000 1.908373423e+000 
1.000622055e+000 1.863836320e+000 
1.008553811e+000 1.926001563e+000 
1.025585463e+000 1.957894815e+000 
1.006530549e+000 1.917431920e+000 
1.024698962e+000 1.957041542e+000 
1.000287609e+000 1.855645892e+000 
1.000538666e+000 1.861095824e+000 
1.014251796e+000 1.940328958e+000 
1.024262546e+000 1.956266670e+000 
1.007055192e+000 1.919547747e+000 
1.000033691e+000 1.846983819e+000 
1.088414781e+000 1.991492548e+000 
1.000892209e+000 1.868172707e+000 
1.059950189e+000 1.983224357e+000 
1.016346207e+000 1.943598651e+000 
1.068330871e+000 1.986989825e+000 
1.094051150e+000 1.992622702e+000 
1.007086878e+000 1.920994736e+000 
1.090298140e+000 1.992196945e+000 
1.032743716e+000 1.965204560e+000 
1.000125816e+000 1.851110251e+000 
1.000682698e+000 1.864575651e+000 
1.005805199e+000 1.914662642e+000 
1.054539103e+000 1.979348922e+000 
1.078693712e+000 1.989837489e+000 
1.001000990e+000 1.869664424e+000 
1.000861887e+000 1.867513627e+000 
1.006184906e+000 1.916183466e+000 
1.000728180e+000 1.865655895e+000 
1.005267345e+000 1.910793353e+000 
1.004928769e+000 1.908896157e+000 
1.024512565e+000 1.956724389e+000 
1.000136577e+000 1.851213712e+000 
1.005485098e+000 1.912879436e+000 
1.023879432e+000 1.955786329e+000 
1.005393311e+000 1.911924334e+000 
1.000992873e+000 1.869392341e+000 
1.067121126e+000 1.986396976e+000 
1.000386626e+000 1.858284887e+000 
1.030766723e+000 1.963575631e+000 
1.029897318e+000 1.962778430e+000 
1.055362798e+000 1.980401006e+000 
1.012969349e+000 1.937990350e+000 
1.054770356e+000 1.979849962e+000 
1.005964877e+000 1.915327301e+000 
1.005884586e+000 1.914675039e+000 
1.000081970e+000 1.849106138e+000 
1.000797272e+000 1.866196762e+000 
1.023084740e+000 1.954545422e+000 
1.000576085e+000 1.861759512e+000 
1.063261786e+000 1.984717273e+000 
1.779871101e+000 1.999978068e+000 
1.000365533e+000 1.857099118e+000 
1.772197241e+000 1.999977098e+000 
1.011543025e+000 1.935122180e+000 
1.008171212e+000 1.925173038e+000 
1.748366847e+000 1.999965339e+000 
1.755479742e+000 1.999965616e+000 
1.057931490e+000 1.981871927e+000 
1.023027423e+000 1.954437932e+000 
1.759983845e+000 1.999972965e+000 
1.000189714e+000 1.853056068e+000 
1.021209592e+000 1.951700927e+000 
1.010577849e+000 1.933053151e+000 
1.020826760e+000 1.951106010e+000 
1.747199131e+000 1.999964234e+000 
1.000262115e+000 1.855071774e+000 
1.701155229e+000 1.999946402e+000 
1.714818289e+000 1.999954515e+000 
1.697424534e+000 1.999933617e+000 
1.734667615e+000 1.999961110e+000 
1.000331578e+000 1.856355967e+000 
1.000000000e+000 1.844601684e+000 
1.000046384e+000 1.848483244e+000 
1.000485680e+000 1.860173542e+000 
1.002653579e+000 1.892163306e+000 
1.062762425e+000 1.983974916e+000 
1.000307323e+000 1.856093797e+000 
1.050717198e+000 1.977697852e+000 
1.015904882e+000 1.942620341e+000 
1.000214791e+000 1.853248631e+000 
1.697381349e+000 1.999916992e+000 
1.007786822e+000 1.923298658e+000 
1.008477488e+000 1.925805112e+000 
1.696227029e+000 1.999909785e+000 
1.679726626e+000 1.999906113e+000 
1.674005486e+000 1.999904892e+000 
1.673291119e+000 1.999885879e+000 
1.670993819e+000 1.999882886e+000 
1.667165205e+000 1.999879274e+000 
1.660336349e+000 1.999876952e+000 
1.641747884e+000 1.999866297e+000 
1.633493407e+000 1.999865009e+000 
1.620069460e+000 1.999857667e+000 
1.622780737e+000 1.999858068e+000 
1.616369261e+000 1.999836713e+000 
1.612863504e+000 1.999832323e+000 
1.619374742e+000 1.999840439e+000 
1.589856715e+000 1.999832314e+000 
1.568946152e+000 1.999830112e+000 
1.552854831e+000 1.999793019e+000 
1.542515692e+000 1.999782828e+000 
1.531121937e+000 1.999635601e+000 
1.527177150e+000 1.999621856e+000 
1.473046377e+000 1.999191216e+000 
1.466844615e+000 1.998849431e+000 

