1.002542401e+000 1.890544801e+000 
1.003084883e+000 1.896214477e+000 
1.001838882e+000 1.882499536e+000 
1.001841018e+000 1.882672849e+000 
1.001183679e+000 1.872832579e+000 
1.006684982e+000 1.917264618e+000 
1.007719544e+000 1.921837717e+000 
1.007957132e+000 1.922561148e+000 
1.006184843e+000 1.914708558e+000 
1.006291694e+000 1.915390300e+000 
1.001705893e+000 1.881058950e+000 
1.001607108e+000 1.878799242e+000 
1.001622838e+000 1.879573703e+000 
1.007832023e+000 1.922365911e+000 
1.718808130e+000 1.999844831e+000 
1.687315503e+000 1.999836736e+000 
1.008363191e+000 1.924681781e+000 
1.719632432e+000 1.999845362e+000 
1.012342041e+000 1.936402190e+000 
1.008950472e+000 1.926770286e+000 
1.007983068e+000 1.922981734e+000 
1.001261135e+000 1.873971058e+000 
1.001332858e+000 1.874846864e+000 
1.001491932e+000 1.877338821e+000 
1.003171668e+000 1.896904917e+000 
1.008764990e+000 1.926378273e+000 
1.001300030e+000 1.874707917e+000 
1.007003294e+000 1.918375180e+000 
1.009021406e+000 1.926957504e+000 
1.009357932e+000 1.927986280e+000 
1.008613945e+000 1.925741509e+000 
1.005832495e+000 1.912871345e+000 
1.001380728e+000 1.876289124e+000 
1.005301327e+000 1.910759284e+000 
1.626193572e+000 1.999578795e+000 
1.007519694e+000 1.920840851e+000 
1.008220657e+000 1.923867191e+000 
1.021447611e+000 1.950646905e+000 
1.001650222e+000 1.879814338e+000 
1.006442739e+000 1.916014127e+000 
1.008386148e+000 1.924737480e+000 
1.717128710e+000 1.999844572e+000 
1.001515853e+000 1.878206230e+000 
1.008273668e+000 1.924098986e+000 
1.663435932e+000 1.999835953e+000 
1.007564220e+000 1.921313610e+000 
1.001771948e+000 1.882022590e+000 
1.001424998e+000 1.876664946e+000 
1.001560123e+000 1.878612068e+000 
1.700755073e+000 1.999844480e+000 
1.001862803e+000 1.883366946e+000 
1.001303272e+000 1.874719634e+000 
1.001727678e+000 1.881449838e+000 
1.005619638e+000 1.911869847e+000 
1.001130180e+000 1.871603781e+000 
1.001182709e+000 1.872591433e+000 
1.007390152e+000 1.920149716e+000 
1.007477503e+000 1.920534242e+000 
1.002240239e+000 1.887872167e+000 
1.005612668e+000 1.911531041e+000 
1.002763641e+000 1.892906208e+000 
1.006836027e+000 1.917888446e+000 
1.001907073e+000 1.883969712e+000 
1.006442199e+000 1.915775103e+000 
1.006540096e+000 1.916547278e+000 
1.002018278e+000 1.885009304e+000 
1.020394153e+000 1.948967469e+000 
1.002736067e+000 1.892504240e+000 
1.002053050e+000 1.885129351e+000 
1.019688597e+000 1.948174334e+000 
1.005973562e+000 1.913257003e+000 
1.021898220e+000 1.951041945e+000 
1.002921821e+000 1.894781285e+000 
1.003555518e+000 1.899927921e+000 
1.003684167e+000 1.900776820e+000 
1.004983195e+000 1.908625987e+000 
1.001145909e+000 1.871822049e+000 
1.001975112e+000 1.884921439e+000 
1.003346201e+000 1.898326329e+000 
1.002804106e+000 1.893212974e+000 
1.004351239e+000 1.904840262e+000 
1.002096301e+000 1.886105478e+000 
1.002066370e+000 1.885514547e+000 
1.002284627e+000 1.888065237e+000 
1.002308278e+000 1.888823896e+000 
1.002144549e+000 1.887042316e+000 
1.655805758e+000 1.999810303e+000 
1.002875567e+000 1.894447286e+000 
1.003125294e+000 1.896424519e+000 
1.002915978e+000 1.894680829e+000 
1.007300594e+000 1.919653309e+000 
1.652318048e+000 1.999792609e+000 
1.002484858e+000 1.890224704e+000 
1.005153423e+000 1.909359908e+000 
1.002653764e+000 1.891688538e+000 
1.002444447e+000 1.889921345e+000 
1.003318657e+000 1.898094862e+000 
1.004240732e+000 1.904160742e+000 
1.004809264e+000 1.907881449e+000 
1.003148251e+000 1.896490608e+000 
1.002608543e+000 1.891082552e+000 
1.003380985e+000 1.898403175e+000 
1.002999251e+000 1.895309906e+000 
1.002568132e+000 1.890783967e+000 
1.005916939e+000 1.913147976e+000 
1.005156440e+000 1.910041944e+000 
1.003481836e+000 1.899055246e+000 
1.004711366e+000 1.907545896e+000 
1.003383939e+000 1.898711331e+000 
1.002417708e+000 1.889557348e+000 
1.002190522e+000 1.887367805e+000 
1.005058543e+000 1.909269769e+000 
1.005701734e+000 1.912176911e+000 
1.006095022e+000 1.914051229e+000 
1.003854573e+000 1.901983394e+000 
1.004044294e+000 1.903482454e+000 
1.005797916e+000 1.912453713e+000 
1.004142192e+000 1.903818007e+000 
1.004328283e+000 1.904774173e+000 
1.004521645e+000 1.906046836e+000 
1.003661211e+000 1.900710731e+000 
1.004385769e+000 1.904923193e+000 
1.004287872e+000 1.904579676e+000 
1.003620800e+000 1.900516235e+000 
1.004583973e+000 1.906610823e+000 
1.003916901e+000 1.902547381e+000 
1.413115840e+000 1.997922818e+000 
1.431015678e+000 1.998109766e+000 
1.621411597e+000 1.999561683e+000 
1.618004020e+000 1.999558478e+000 
1.616692788e+000 1.999520177e+000 
1.582988551e+000 1.999494260e+000 
1.539179699e+000 1.999493649e+000 
1.475801268e+000 1.998743605e+000 
1.475512978e+000 1.998652123e+000 
1.490873844e+000 1.999459767e+000 
1.528572485e+000 1.999465434e+000 
1.460101598e+000 1.998623941e+000 
1.490307359e+000 1.999230335e+000 
1.488503492e+000 1.998873749e+000 
1.443293954e+000 1.998245625e+000 
1.371080806e+000 1.996584261e+000 
1.099180827e+000 1.992431417e+000 
1.095102433e+000 1.991396852e+000 
1.026922892e+000 1.959764109e+000 
1.010479898e+000 1.932722756e+000 
1.012671831e+000 1.936952807e+000 
1.024991393e+000 1.956080503e+000 
1.034046832e+000 1.967171230e+000 
1.063580071e+000 1.983591063e+000 
1.946736914e+000 2.000000000e+000 
1.001275943e+000 1.874641734e+000 
1.104457861e+000 1.993470940e+000 
1.085982599e+000 1.990957583e+000 
1.009648512e+000 1.929676980e+000 
1.033004448e+000 1.964442909e+000 
1.013280054e+000 1.939422676e+000 
1.030772248e+000 1.963359762e+000 
1.099949736e+000 1.992649745e+000 
1.011734363e+000 1.936111597e+000 
1.017189041e+000 1.945771729e+000 
1.033561729e+000 1.965994495e+000 
1.043057660e+000 1.974194869e+000 
1.097761860e+000 1.991938559e+000 
1.005530336e+000 1.910957622e+000 
1.024426176e+000 1.956027077e+000 
1.066436945e+000 1.984118917e+000 
1.085760081e+000 1.990850037e+000 
1.012791913e+000 1.937648253e+000 
1.045464842e+000 1.975563439e+000 
1.046458330e+000 1.975699494e+000 
1.943416833e+000 1.999998075e+000 
1.022432500e+000 1.953593570e+000 
1.045513432e+000 1.975684848e+000 
1.027705367e+000 1.959793922e+000 
1.015965436e+000 1.943887256e+000 
1.038041373e+000 1.970531550e+000 
1.068444924e+000 1.985326421e+000 
1.090133996e+000 1.991365261e+000 
1.125937783e+000 1.995847946e+000 
1.040016811e+000 1.972320479e+000 
1.123076939e+000 1.995782653e+000 
1.000524037e+000 1.860727603e+000 
1.908788167e+000 1.999993139e+000 
1.001029294e+000 1.871348272e+000 
1.015683200e+000 1.943650967e+000 
1.120013994e+000 1.995506218e+000 
1.000026523e+000 1.846320097e+000 
1.026535847e+000 1.958831681e+000 
1.134175298e+000 1.996343220e+000 
1.031226862e+000 1.963896256e+000 
1.016807797e+000 1.945034921e+000 
1.067995456e+000 1.984675199e+000 
1.011427383e+000 1.935001217e+000 
1.063419159e+000 1.983551474e+000 
1.016474456e+000 1.944653739e+000 
1.022783607e+000 1.953704062e+000 
1.038023003e+000 1.970206123e+000 
1.023741250e+000 1.954663570e+000 
1.025923952e+000 1.958150434e+000 
1.000595213e+000 1.862958019e+000 
1.001001112e+000 1.870111425e+000 
1.129835574e+000 1.996330147e+000 
1.049031848e+000 1.977426795e+000 
1.117651142e+000 1.995307543e+000 
1.082104784e+000 1.989710184e+000 
1.078157924e+000 1.988247932e+000 
1.143864688e+000 1.996378445e+000 
1.044409262e+000 1.974623077e+000 
1.048219639e+000 1.976838588e+000 
1.060297549e+000 1.981558936e+000 
1.001059062e+000 1.871463150e+000 
1.039468077e+000 1.971962502e+000 
1.000619494e+000 1.863352357e+000 
1.001238662e+000 1.873574065e+000 
1.005139849e+000 1.909280701e+000 
1.036316249e+000 1.968825625e+000 
1.037077011e+000 1.969933345e+000 
1.002832933e+000 1.893519826e+000 
1.081640357e+000 1.988819737e+000 
1.000497465e+000 1.859428846e+000 
1.940636901e+000 1.999994166e+000 
1.943263608e+000 1.999994361e+000 
1.014048943e+000 1.940276188e+000 
1.018242092e+000 1.947199131e+000 
1.058613950e+000 1.981276388e+000 
1.117953239e+000 1.995332517e+000 
1.008517363e+000 1.924854385e+000 
1.895491002e+000 1.999983217e+000 
1.048632601e+000 1.977144384e+000 
1.002075792e+000 1.885679616e+000 
1.061413395e+000 1.982318070e+000 
1.025666334e+000 1.957682326e+000 
1.058957743e+000 1.981507256e+000 
1.057654656e+000 1.981259182e+000 
1.074305378e+000 1.987152983e+000 
1.057331922e+000 1.980978154e+000 
1.053168025e+000 1.979376344e+000 
1.035522443e+000 1.968715633e+000 
1.000386066e+000 1.857812853e+000 
1.009962164e+000 1.930653898e+000 
1.028002324e+000 1.960582132e+000 
1.003794697e+000 1.901059758e+000 
1.056662704e+000 1.980732206e+000 
1.054570894e+000 1.979638785e+000 
1.009539472e+000 1.928783518e+000 
1.052277643e+000 1.978842351e+000 
1.051825581e+000 1.978841627e+000 
1.000172283e+000 1.852595249e+000 
1.000838759e+000 1.868112027e+000 
1.025030923e+000 1.957146277e+000 
1.892231673e+000 1.999982506e+000 
1.020628063e+000 1.950136610e+000 
1.029581428e+000 1.961458122e+000 
1.112917998e+000 1.994595301e+000 
1.882472895e+000 1.999982331e+000 
1.000012987e+000 1.846016521e+000 
1.019338739e+000 1.947875034e+000 
1.010093154e+000 1.931007136e+000 
1.000000000e+000 1.844573755e+000 
1.111912207e+000 1.994121692e+000 
1.032168933e+000 1.964318540e+000 
1.010141257e+000 1.931750814e+000 
1.019142836e+000 1.947612274e+000 
1.028598498e+000 1.961227454e+000 
1.879545707e+000 1.999967993e+000 
1.018720868e+000 1.947426213e+000 
1.074082859e+000 1.987045421e+000 
1.006976390e+000 1.918037533e+000 
1.011178215e+000 1.934243537e+000 
1.014982450e+000 1.942089326e+000 
1.000580200e+000 1.862947835e+000 
1.000060938e+000 1.849197191e+000 
1.019384685e+000 1.948156517e+000 
1.019958861e+000 1.948953016e+000 
1.029987627e+000 1.962142732e+000 
1.000736183e+000 1.866438224e+000 
1.000549287e+000 1.862085996e+000 
1.000644711e+000 1.864713140e+000 
1.000032470e+000 1.846323849e+000 
1.122264022e+000 1.995557975e+000 
1.894734736e+000 1.999982525e+000 
1.001905007e+000 1.883501615e+000 
1.030464759e+000 1.962636384e+000 
1.002206748e+000 1.887431806e+000 
1.000298738e+000 1.855818584e+000 
1.002590453e+000 1.890796786e+000 
1.000647391e+000 1.864833268e+000 
1.000721431e+000 1.866201054e+000 
1.000886390e+000 1.869127423e+000 
1.008217267e+000 1.923359218e+000 
1.072507394e+000 1.986515508e+000 
1.902101345e+000 1.999984593e+000 
1.011020897e+000 1.933932019e+000 
1.001261191e+000 1.874260375e+000 
1.005582292e+000 1.910970770e+000 
1.023457618e+000 1.954277491e+000 
1.009961518e+000 1.930484724e+000 
1.881044194e+000 1.999973955e+000 
1.023647566e+000 1.954277593e+000 
1.004198637e+000 1.903946563e+000 
1.074975202e+000 1.987223899e+000 
1.020848642e+000 1.950388189e+000 
1.000403261e+000 1.858531634e+000 
1.000934160e+000 1.869693190e+000 
1.881672080e+000 1.999974071e+000 
1.002354397e+000 1.889074423e+000 
1.000687231e+000 1.865283528e+000 
1.000329559e+000 1.856910132e+000 
1.010748878e+000 1.933074627e+000 
1.017542076e+000 1.945773852e+000 
1.000034471e+000 1.846955810e+000 
1.013971853e+000 1.939996995e+000 
1.000091166e+000 1.849449828e+000 
1.015270606e+000 1.942441127e+000 
1.000037332e+000 1.848237356e+000 
1.003772968e+000 1.900974378e+000 
1.000228991e+000 1.854376791e+000 
1.003908927e+000 1.902153198e+000 
1.012684339e+000 1.937241971e+000 
1.013261366e+000 1.938697869e+000 
1.000333537e+000 1.857094930e+000 
1.014799551e+000 1.941567076e+000 
1.000529741e+000 1.860909965e+000 
1.000419950e+000 1.858533164e+000 
1.870198190e+000 1.999967044e+000 
1.003841362e+000 1.901415702e+000 
1.003299211e+000 1.897012059e+000 
1.000782655e+000 1.867661602e+000 
1.000186707e+000 1.852978832e+000 
1.000252839e+000 1.855202287e+000 
1.836981429e+000 1.999954102e+000 
1.832621774e+000 1.999952162e+000 
1.827478065e+000 1.999945610e+000 
1.864387136e+000 1.999966359e+000 
1.000142208e+000 1.851314494e+000 
1.001194375e+000 1.873187445e+000 
1.845007038e+000 1.999959708e+000 
1.001358694e+000 1.875701072e+000 
1.000130935e+000 1.851168580e+000 
1.842212538e+000 1.999957583e+000 
1.001507652e+000 1.877668480e+000 
1.000820076e+000 1.868064490e+000 
1.827142586e+000 1.999927251e+000 
1.822868148e+000 1.999926655e+000 
1.808217777e+000 1.999923437e+000 
1.000109508e+000 1.850898572e+000 
1.806731356e+000 1.999890277e+000 
1.818038692e+000 1.999923445e+000 
1.000198426e+000 1.853296370e+000 
1.806962084e+000 1.999902759e+000 
1.001349445e+000 1.875336305e+000 
1.778403942e+000 1.999867536e+000 
1.001365006e+000 1.875723590e+000 
1.651689614e+000 1.999693702e+000 
1.649464503e+000 1.999667774e+000 
1.646513847e+000 1.999597322e+000 

