1.055590031e+000 1.920416987e+000 
1.013467741e+000 1.865669979e+000 
1.025673172e+000 1.887523486e+000 
1.007487757e+000 1.850374866e+000 
1.029752846e+000 1.892584838e+000 
1.062613145e+000 1.926734377e+000 
1.035205294e+000 1.899228558e+000 
1.050636603e+000 1.915851586e+000 
1.062220478e+000 1.926354007e+000 
1.030781928e+000 1.893811742e+000 
1.059563009e+000 1.923801934e+000 
1.074884736e+000 1.934609771e+000 
1.036187769e+000 1.900847890e+000 
1.062030801e+000 1.926088635e+000 
1.095260980e+000 1.946733260e+000 
1.065401616e+000 1.929016324e+000 
1.014242272e+000 1.866785322e+000 
1.038038717e+000 1.902923553e+000 
1.049458827e+000 1.914084844e+000 
1.016119757e+000 1.870747833e+000 
1.032825269e+000 1.896587954e+000 
1.055711615e+000 1.920932356e+000 
1.030629702e+000 1.893637438e+000 
1.018049291e+000 1.874623162e+000 
1.055288100e+000 1.920407980e+000 
1.030294051e+000 1.892938493e+000 
1.060803907e+000 1.924555218e+000 
1.032207445e+000 1.896146369e+000 
1.102246792e+000 1.951111155e+000 
1.164224057e+000 1.968419170e+000 
1.011723969e+000 1.861281941e+000 
1.044998739e+000 1.910603711e+000 
1.053607857e+000 1.918986764e+000 
1.053103491e+000 1.918144048e+000 
1.057391858e+000 1.922353572e+000 
1.011758286e+000 1.861537735e+000 
1.087180232e+000 1.943273678e+000 
1.056446153e+000 1.921366680e+000 
1.123981675e+000 1.959283901e+000 
1.057076468e+000 1.921528995e+000 
1.109843756e+000 1.954075092e+000 
1.049273648e+000 1.913997666e+000 
1.134348199e+000 1.961689372e+000 
1.107112857e+000 1.952935651e+000 
1.103030265e+000 1.951544921e+000 
1.101944861e+000 1.951102147e+000 
1.012758188e+000 1.863910511e+000 
1.033162197e+000 1.896783557e+000 
1.054905318e+000 1.920080633e+000 
1.021357055e+000 1.880320587e+000 
1.010452181e+000 1.858191361e+000 
1.085961194e+000 1.941686273e+000 
1.025259625e+000 1.886910956e+000 
1.028516449e+000 1.890443537e+000 
1.067924229e+000 1.929780308e+000 
1.028837332e+000 1.891021268e+000 
1.029339299e+000 1.891972308e+000 
1.034101617e+000 1.898301080e+000 
1.056748084e+000 1.921375688e+000 
1.068785577e+000 1.930756733e+000 
1.031233471e+000 1.894127019e+000 
1.054603387e+000 1.920071625e+000 
1.030353223e+000 1.893435904e+000 
1.013302380e+000 1.865241780e+000 
1.018772698e+000 1.875691046e+000 
1.005243996e+000 1.843550068e+000 
1.054210720e+000 1.919691255e+000 
1.069794925e+000 1.931370304e+000 
1.052438430e+000 1.917788171e+000 
1.050391577e+000 1.915376586e+000 
1.015585672e+000 1.869366218e+000 
1.015759401e+000 1.869703497e+000 
1.082164248e+000 1.939487255e+000 
1.009531005e+000 1.856376647e+000 
1.016328270e+000 1.871169051e+000 
1.011836718e+000 1.862040438e+000 
1.015776926e+000 1.869968439e+000 
1.022050977e+000 1.881619595e+000 
1.085613972e+000 1.941277746e+000 
1.072976062e+000 1.934039003e+000 
1.014755715e+000 1.867967708e+000 
1.024265151e+000 1.885419629e+000 
1.014984870e+000 1.868588154e+000 
1.056143071e+000 1.920947939e+000 
1.066479966e+000 1.929059080e+000 
1.128747283e+000 1.961135458e+000 
1.017713917e+000 1.873673390e+000 
1.038896682e+000 1.903697783e+000 
1.085659263e+000 1.941677265e+000 
1.028439829e+000 1.890228028e+000 
1.032188223e+000 1.895093203e+000 
1.019140197e+000 1.876357172e+000 
1.012002080e+000 1.862468636e+000 
1.018648481e+000 1.875467511e+000 
1.017873951e+000 1.874331339e+000 
1.088216700e+000 1.943730417e+000 
1.014076911e+000 1.866357123e+000 
1.020048157e+000 1.878566115e+000 
1.041078859e+000 1.906336954e+000 
1.029277446e+000 1.891413814e+000 
1.046800567e+000 1.912540296e+000 
1.163682003e+000 1.968029540e+000 
1.027485077e+000 1.889261843e+000 
1.019436448e+000 1.876962342e+000 
1.022298661e+000 1.882284443e+000 
1.021533320e+000 1.880333181e+000 
1.070410769e+000 1.932053247e+000 
1.009696073e+000 1.856749486e+000 
1.047102497e+000 1.912549304e+000 
1.029204185e+000 1.891302811e+000 
1.077842128e+000 1.935863499e+000 
1.011311819e+000 1.860441066e+000 
1.019888123e+000 1.877908165e+000 
1.011002177e+000 1.860095860e+000 
1.025090893e+000 1.885956746e+000 
1.020456093e+000 1.878825756e+000 
1.043499612e+000 1.908694722e+000 
1.045624053e+000 1.910767535e+000 
1.066927701e+000 1.929381922e+000 
1.026925509e+000 1.888205351e+000 
1.075405031e+000 1.935666202e+000 
1.029000968e+000 1.891212280e+000 
1.092352744e+000 1.945651672e+000 
1.013984968e+000 1.866215378e+000 
1.022090148e+000 1.881863225e+000 
1.023196890e+000 1.883779274e+000 
1.022533140e+000 1.882506718e+000 
1.069492994e+000 1.931361296e+000 
1.039035763e+000 1.903891953e+000 
1.023405403e+000 1.884200491e+000 
1.020822687e+000 1.879703546e+000 
1.181909393e+000 1.971344090e+000 
1.040102705e+000 1.904886188e+000 
1.012467839e+000 1.863297203e+000 
1.079249876e+000 1.937439118e+000 
1.039280415e+000 1.904442422e+000 
1.105894164e+000 1.952521658e+000 
1.018517039e+000 1.875186567e+000 
1.090829738e+000 1.944736126e+000 
1.019644961e+000 1.877383559e+000 
1.072674132e+000 1.934029996e+000 
1.044359131e+000 1.910055307e+000 
1.051926714e+000 1.916746268e+000 
1.068874094e+000 1.931105950e+000 
1.095765991e+000 1.947230546e+000 
1.080044093e+000 1.937771860e+000 
1.082906112e+000 1.940684409e+000 
1.139344006e+000 1.963189429e+000 
1.038620204e+000 1.903496249e+000 
1.033704114e+000 1.897043640e+000 
1.010588206e+000 1.858421919e+000 
1.039800774e+000 1.904481674e+000 
1.048695239e+000 1.913787124e+000 
1.011477180e+000 1.860869264e+000 
1.044722261e+000 1.910402177e+000 
1.081251274e+000 1.938978043e+000 
1.042255373e+000 1.907714209e+000 
1.044057200e+000 1.909650794e+000 
1.050089646e+000 1.914972072e+000 
1.089548093e+000 1.944328492e+000 
1.086263415e+000 1.942246622e+000 
1.081805052e+000 1.939436402e+000 
1.080511244e+000 1.938505881e+000 
1.008234843e+000 1.852257646e+000 
1.043243816e+000 1.908620408e+000 
1.046524088e+000 1.912338762e+000 
1.037141759e+000 1.901714480e+000 
1.036408118e+000 1.900995521e+000 
1.144463457e+000 1.964565678e+000 
1.005409063e+000 1.843922906e+000 
1.082464529e+000 1.940008589e+000 
1.035056370e+000 1.898938268e+000 
1.008789113e+000 1.854325871e+000 
1.009929857e+000 1.857244047e+000 
1.012264577e+000 1.862829950e+000 
1.004442127e+000 1.840432633e+000 
1.008551823e+000 1.854053182e+000 
1.093906575e+000 1.946059197e+000 
1.111691110e+000 1.955411808e+000 
1.041891561e+000 1.906725780e+000 
1.035789504e+000 1.899819852e+000 
1.067097106e+000 1.929626189e+000 
1.040003082e+000 1.904643860e+000 
1.090248343e+000 1.944429770e+000 
1.006821541e+000 1.848324090e+000 
1.019002418e+000 1.876007731e+000 
1.008180516e+000 1.851839504e+000 
1.017485289e+000 1.873089555e+000 
1.022945797e+000 1.882759083e+000 
1.113851850e+000 1.955922540e+000 
1.128206594e+000 1.960171549e+000 
1.085094979e+000 1.941211902e+000 
1.080400206e+000 1.937887920e+000 
1.031475117e+000 1.894385513e+000 
1.006874411e+000 1.848493129e+000 
1.122466809e+000 1.958811521e+000 
1.027100287e+000 1.888396611e+000 
1.130957417e+000 1.961385089e+000 
1.136125413e+000 1.962721827e+000 
1.117298813e+000 1.957474783e+000 
1.058214457e+000 1.922653485e+000 
1.060048058e+000 1.924006701e+000 
1.010055836e+000 1.857340176e+000 
1.109341127e+000 1.954073902e+000 
1.144249770e+000 1.964048563e+000 
1.007665658e+000 1.850916744e+000 
1.078730504e+000 1.937373162e+000 
1.008515180e+000 1.853024090e+000 
1.115804470e+000 1.956771158e+000 
1.136055223e+000 1.962215374e+000 
1.143462134e+000 1.963542252e+000 
1.135863462e+000 1.962018202e+000 
1.078032627e+000 1.936180496e+000 
1.083777167e+000 1.940709143e+000 
1.060501976e+000 1.924546211e+000 
1.074337662e+000 1.934058187e+000 
1.075332313e+000 1.934765462e+000 
1.084793048e+000 1.941202895e+000 
1.100831476e+000 1.949885065e+000 
1.056339132e+000 1.920954438e+000 
1.107806145e+000 1.953777912e+000 
1.005714723e+000 1.844745389e+000 
1.114735747e+000 1.956282628e+000 
1.009059191e+000 1.854488363e+000 
1.007916992e+000 1.851570187e+000 
1.009224552e+000 1.854916562e+000 
1.104090037e+000 1.951957048e+000 
1.107267359e+000 1.953428119e+000 
1.109998258e+000 1.955064326e+000 
1.107569290e+000 1.953437127e+000 
1.106158206e+000 1.952692156e+000 
1.104567045e+000 1.952013085e+000 
1.100726993e+000 1.949640916e+000 
1.098615273e+000 1.948462504e+000 
1.097139779e+000 1.947949696e+000 
1.265739422e+000 1.986194194e+000 
1.006069528e+000 1.846657256e+000 
1.003456754e+000 1.838815232e+000 
1.353178317e+000 1.996395539e+000 
1.008211425e+000 1.851861101e+000 
1.000702175e+000 1.824696554e+000 
1.001809800e+000 1.830631410e+000 
1.007036345e+000 1.849090616e+000 
1.007085365e+000 1.850232290e+000 
1.150356472e+000 1.965344607e+000 
1.006433250e+000 1.848025026e+000 
1.006087950e+000 1.847677790e+000 
1.005812288e+000 1.844809345e+000 
1.176459350e+000 1.971150696e+000 
1.172217141e+000 1.971081488e+000 
1.164833305e+000 1.969690835e+000 
1.272647437e+000 1.986965448e+000 
1.157647034e+000 1.967349210e+000 
1.001072925e+000 1.826641390e+000 
1.000089431e+000 1.820051888e+000 
1.005650438e+000 1.844276768e+000 
1.002794269e+000 1.835712711e+000 
1.003715430e+000 1.839059086e+000 
1.157944656e+000 1.967871900e+000 
1.155473714e+000 1.967092457e+000 
1.000717694e+000 1.825502734e+000 
1.266555981e+000 1.986557115e+000 
1.153674179e+000 1.966277593e+000 
1.346556337e+000 1.995634906e+000 
1.000396515e+000 1.823723215e+000 
1.149246549e+000 1.964973358e+000 
1.255925398e+000 1.984860670e+000 
1.000393145e+000 1.822994446e+000 
1.155396262e+000 1.966389352e+000 
1.353799158e+000 1.996400132e+000 
1.271290690e+000 1.986775247e+000 
1.151809049e+000 1.965620069e+000 
1.147574157e+000 1.964940202e+000 
1.143088799e+000 1.963451986e+000 
1.001422089e+000 1.830413321e+000 
1.208613681e+000 1.977451717e+000 
1.004662506e+000 1.842621452e+000 
1.253546462e+000 1.984486704e+000 
1.913216900e+000 2.000000000e+000 
1.340894941e+000 1.993581383e+000 
1.215829981e+000 1.978139094e+000 
1.207082250e+000 1.977022072e+000 
1.344193085e+000 1.994987884e+000 
1.258947075e+000 1.985155404e+000 
1.003075640e+000 1.836997911e+000 
1.002987209e+000 1.836328817e+000 
1.899210346e+000 1.999908537e+000 
1.893588089e+000 1.999847945e+000 
1.350755643e+000 1.996086071e+000 
1.002396863e+000 1.835180588e+000 
1.211072871e+000 1.977775054e+000 
1.203051629e+000 1.976329758e+000 
1.260870466e+000 1.985728466e+000 
1.216937706e+000 1.978589090e+000 
1.900852153e+000 1.999971709e+000 
1.882072022e+000 1.999291430e+000 
1.001974922e+000 1.833210652e+000 
1.894441392e+000 1.999875794e+000 
1.000137654e+000 1.820117043e+000 
1.881254049e+000 1.999269751e+000 
1.886023093e+000 1.999779990e+000 
1.896540854e+000 1.999906217e+000 
1.000084013e+000 1.819207337e+000 
1.345438176e+000 1.995343293e+000 
1.213397507e+000 1.978095134e+000 
1.341567101e+000 1.994925603e+000 
1.205813198e+000 1.976902467e+000 
1.351610499e+000 1.996254903e+000 
1.341085556e+000 1.993683536e+000 
1.209404999e+000 1.977531309e+000 
1.207205144e+000 1.977127296e+000 
1.348884223e+000 1.995915517e+000 
1.204913350e+000 1.976699565e+000 
1.000023600e+000 1.819047095e+000 
1.260720871e+000 1.985535913e+000 
9.999999999e-001 1.816611307e+000 
1.004522013e+000 1.840964163e+000 
1.250733034e+000 1.984152469e+000 
1.259553381e+000 1.985524971e+000 
1.251434224e+000 1.984220581e+000 
1.249154880e+000 1.983090126e+000 
1.003381270e+000 1.838045987e+000 
1.196817280e+000 1.974280453e+000 
1.004013129e+000 1.839599227e+000 
1.200085787e+000 1.975529546e+000 
1.192268717e+000 1.973034362e+000 
1.191050973e+000 1.972807848e+000 
1.194135557e+000 1.974094261e+000 
1.257858564e+000 1.985134105e+000 
1.194746211e+000 1.974127366e+000 
1.194008653e+000 1.973321780e+000 
1.000219211e+000 1.820799840e+000 
1.000313799e+000 1.821839135e+000 
1.001904501e+000 1.832548674e+000 
1.250515701e+000 1.983750125e+000 
1.001150502e+000 1.828551875e+000 
1.005594239e+000 1.844028071e+000 
1.248746416e+000 1.983056168e+000 
1.249184368e+000 1.983321630e+000 
1.001861500e+000 1.831950633e+000 
1.000250871e+000 1.821126034e+000 
1.190281303e+000 1.972070478e+000 
1.001213430e+000 1.829264976e+000 
1.001262724e+000 1.829404526e+000 
1.000861796e+000 1.825705675e+000 
1.001010828e+000 1.826341903e+000 
1.247677352e+000 1.982803769e+000 
1.001080311e+000 1.828024622e+000 
1.232828057e+000 1.979235050e+000 
1.237679212e+000 1.981003703e+000 
1.241405274e+000 1.981141626e+000 
1.237673184e+000 1.980953714e+000 
1.244057509e+000 1.981740182e+000 
1.230859073e+000 1.979154383e+000 
1.331996665e+000 1.988583368e+000 
1.339002940e+000 1.989063286e+000 
1.328186853e+000 1.988217307e+000 
1.322429902e+000 1.987576680e+000 
1.327491802e+000 1.987862681e+000 
1.329720654e+000 1.988276908e+000 
1.841822918e+000 1.996829784e+000 
1.859573895e+000 1.998494860e+000 
1.845663778e+000 1.998316576e+000 
1.844044825e+000 1.998240070e+000 
1.846696331e+000 1.998442562e+000 
1.857233401e+000 1.998488167e+000 

