1.011309453e+000 1.674480487e+000 
1.122840534e+000 1.818839950e+000 
1.088299847e+000 1.787699374e+000 
1.145371466e+000 1.837215615e+000 
1.010143759e+000 1.671332800e+000 
1.031460559e+000 1.716258109e+000 
1.093433549e+000 1.793138686e+000 
1.089993189e+000 1.790502260e+000 
1.005681172e+000 1.656356824e+000 
1.011366920e+000 1.674901450e+000 
1.031529350e+000 1.716390501e+000 
1.006380260e+000 1.658981971e+000 
1.091664227e+000 1.792094846e+000 
1.086886046e+000 1.787056398e+000 
1.095965405e+000 1.794630868e+000 
1.120786745e+000 1.816981513e+000 
1.012306123e+000 1.677036857e+000 
1.155771964e+000 1.846560244e+000 
1.096086560e+000 1.796182593e+000 
1.057541579e+000 1.755172505e+000 
1.085838259e+000 1.786415211e+000 
1.061331006e+000 1.759714909e+000 
1.062169788e+000 1.760405466e+000 
1.085379942e+000 1.786202040e+000 
1.121930482e+000 1.818493418e+000 
1.067962836e+000 1.767489280e+000 
1.114166132e+000 1.812178423e+000 
1.083576670e+000 1.784272535e+000 
1.008972630e+000 1.667965139e+000 
1.116168297e+000 1.812258048e+000 
1.008450574e+000 1.666668683e+000 
1.078334489e+000 1.778312590e+000 
1.007989102e+000 1.663390420e+000 
1.042690588e+000 1.734942578e+000 
1.109928632e+000 1.807837993e+000 
1.006694474e+000 1.660072675e+000 
1.118227287e+000 1.814539729e+000 
1.011681135e+000 1.675992153e+000 
1.070396522e+000 1.770338970e+000 
1.010550102e+000 1.672123157e+000 
1.136860369e+000 1.831631032e+000 
1.033027158e+000 1.720010473e+000 
1.081604522e+000 1.782141525e+000 
1.029898630e+000 1.714806755e+000 
1.145127133e+000 1.836829044e+000 
1.089941747e+000 1.790449208e+000 
1.006902316e+000 1.660278428e+000 
1.085995387e+000 1.786480205e+000 
1.107494093e+000 1.805831765e+000 
1.116658211e+000 1.813493438e+000 
1.090608634e+000 1.790780425e+000 
1.014631785e+000 1.682822910e+000 
1.117334545e+000 1.813551700e+000 
1.014738712e+000 1.683778141e+000 
1.059783799e+000 1.757612694e+000 
1.058332692e+000 1.755926652e+000 
1.003884085e+000 1.646218436e+000 
1.016280267e+000 1.686958603e+000 
1.006266124e+000 1.658392004e+000 
1.096899198e+000 1.796646288e+000 
1.062801266e+000 1.761043086e+000 
1.026470935e+000 1.708187441e+000 
1.061157315e+000 1.758792419e+000 
1.013702968e+000 1.681015869e+000 
1.026098022e+000 1.707347671e+000 
1.022751150e+000 1.701085619e+000 
1.149321537e+000 1.841076666e+000 
1.051806831e+000 1.747601914e+000 
1.113060929e+000 1.809936282e+000 
1.008856917e+000 1.667459040e+000 
1.101335215e+000 1.800151432e+000 
1.025185184e+000 1.705922505e+000 
1.079207129e+000 1.778713187e+000 
1.004952976e+000 1.652603598e+000 
1.004004926e+000 1.647735784e+000 
1.045256300e+000 1.738702741e+000 
1.003117615e+000 1.641463009e+000 
1.213253826e+000 1.880534658e+000 
1.002893845e+000 1.640069338e+000 
1.076881397e+000 1.776337900e+000 
1.119935351e+000 1.815442698e+000 
1.113833295e+000 1.811135177e+000 
1.024091009e+000 1.703783422e+000 
1.050041025e+000 1.745418273e+000 
1.043880769e+000 1.736964969e+000 
1.112706149e+000 1.809558511e+000 
1.054543265e+000 1.751357678e+000 
1.073677358e+000 1.773570765e+000 
1.055994371e+000 1.753043719e+000 
1.101048557e+000 1.800029959e+000 
1.024825943e+000 1.705423886e+000 
1.026678657e+000 1.708462321e+000 
1.060382784e+000 1.758395717e+000 
1.142364600e+000 1.835794636e+000 
1.144987629e+000 1.836711397e+000 
1.023556378e+000 1.703262851e+000 
1.123302374e+000 1.819676835e+000 
1.095242977e+000 1.794444609e+000 
1.029478381e+000 1.713835898e+000 
1.046708619e+000 1.741373971e+000 
1.039856307e+000 1.730611689e+000 
1.118410281e+000 1.814828071e+000 
1.223648333e+000 1.886415080e+000 
1.030754243e+000 1.716197149e+000 
1.048589918e+000 1.743732232e+000 
1.094130116e+000 1.793373057e+000 
1.043378506e+000 1.735940110e+000 
1.041228928e+000 1.733067376e+000 
1.003398931e+000 1.643861555e+000 
1.048040949e+000 1.742428134e+000 
1.018731479e+000 1.693128896e+000 
1.004159323e+000 1.648514911e+000 
1.059051565e+000 1.756620148e+000 
1.008220725e+000 1.665216422e+000 
1.037276956e+000 1.726608149e+000 
1.112135462e+000 1.808761256e+000 
1.075316044e+000 1.774729236e+000 
1.016256595e+000 1.686651977e+000 
1.050409810e+000 1.745763017e+000 
1.095413843e+000 1.794463557e+000 
1.019261346e+000 1.693876516e+000 
1.018371140e+000 1.692252771e+000 
1.017651475e+000 1.690856182e+000 
1.015708718e+000 1.685750843e+000 
1.005828434e+000 1.656763172e+000 
1.004536433e+000 1.650373520e+000 
1.124829750e+000 1.820347729e+000 
1.038707314e+000 1.728646306e+000 
1.021831646e+000 1.699264856e+000 
1.024796645e+000 1.705226868e+000 
1.219251907e+000 1.883819235e+000 
1.063173902e+000 1.761507475e+000 
1.056829774e+000 1.753456991e+000 
1.221646456e+000 1.885394091e+000 
1.072935037e+000 1.772368897e+000 
1.035476452e+000 1.724029512e+000 
1.216125462e+000 1.882672739e+000 
1.217694004e+000 1.883750915e+000 
1.031746044e+000 1.717576366e+000 
1.070702797e+000 1.770429016e+000 
1.069463933e+000 1.768926994e+000 
1.063371478e+000 1.761915077e+000 
1.034834784e+000 1.722627039e+000 
1.054044199e+000 1.750472639e+000 
1.048461083e+000 1.742746219e+000 
1.067208574e+000 1.766393890e+000 
1.059598005e+000 1.757189645e+000 
1.031882601e+000 1.717796314e+000 
1.036119510e+000 1.724482037e+000 
1.000008737e+000 1.051598923e+000 
1.127228370e+000 1.825160796e+000 
1.196150198e+000 1.875514614e+000 
1.198278850e+000 1.877110449e+000 
1.417395450e+000 1.970372497e+000 
1.436130435e+000 1.975133305e+000 
1.292894106e+000 1.927013137e+000 
1.197204933e+000 1.877057728e+000 
1.156302236e+000 1.849900013e+000 
1.203305898e+000 1.879716357e+000 
1.064156948e+000 1.763085823e+000 
1.196279563e+000 1.876461948e+000 
1.199390397e+000 1.877635529e+000 
1.345194046e+000 1.947497328e+000 
1.200118796e+000 1.878853973e+000 
1.192131786e+000 1.874999103e+000 
1.189346186e+000 1.871437236e+000 
1.185441884e+000 1.870695352e+000 
1.280578924e+000 1.922117208e+000 
1.178992951e+000 1.865848408e+000 
1.133663710e+000 1.830125973e+000 
1.423100340e+000 1.972956030e+000 
1.358967131e+000 1.953184767e+000 
1.138347780e+000 1.833998813e+000 
1.165754538e+000 1.855986590e+000 
1.159579822e+000 1.852115342e+000 
1.183061340e+000 1.868245362e+000 
1.439177744e+000 1.976369796e+000 
1.180784701e+000 1.866558735e+000 
1.164115391e+000 1.855036556e+000 
1.175550740e+000 1.862158650e+000 
1.279941806e+000 1.921801916e+000 
1.361204339e+000 1.954576454e+000 
1.066578267e+000 1.764203581e+000 
1.182778948e+000 1.867199485e+000 
1.346945475e+000 1.949020844e+000 
1.176174361e+000 1.864398006e+000 
1.349827700e+000 1.950055840e+000 
1.169956906e+000 1.859824481e+000 
1.563467935e+000 1.996874635e+000 
1.364543470e+000 1.955736119e+000 
1.289895327e+000 1.925900415e+000 
1.166616065e+000 1.856040948e+000 
1.354736136e+000 1.952414102e+000 
1.161523915e+000 1.853682687e+000 
1.293560139e+000 1.927561310e+000 
1.286495211e+000 1.925023643e+000 
1.349237566e+000 1.949550830e+000 
1.132614867e+000 1.828607829e+000 
1.173664758e+000 1.861441691e+000 
1.440920676e+000 1.976900175e+000 
1.297664446e+000 1.929252263e+000 
1.167460113e+000 1.857004463e+000 
1.576009935e+000 1.998221291e+000 
1.005591968e+000 1.653403832e+000 
1.294118610e+000 1.927763123e+000 
1.029303239e+000 1.711651013e+000 
1.436716479e+000 1.975505055e+000 
1.442252710e+000 1.977260567e+000 
1.430120386e+000 1.973845551e+000 
1.000348729e+000 1.619828520e+000 
1.301101742e+000 1.929724771e+000 
1.028423145e+000 1.710681400e+000 
1.298290207e+000 1.929505954e+000 
1.571332605e+000 1.997875439e+000 
1.295805828e+000 1.929005895e+000 
1.430584254e+000 1.974722900e+000 
1.153447245e+000 1.846140918e+000 
1.131322295e+000 1.828083483e+000 
1.347485668e+000 1.949458544e+000 
1.565449568e+000 1.997100569e+000 
1.129782608e+000 1.826013903e+000 
1.149552437e+000 1.842808081e+000 
1.131120376e+000 1.827604672e+000 
1.017628475e+000 1.688418207e+000 
1.352572281e+000 1.951096290e+000 
1.563200010e+000 1.996468071e+000 
1.415424127e+000 1.968780668e+000 
1.565161272e+000 1.996926486e+000 
1.559661511e+000 1.996133942e+000 
1.000712647e+000 1.625086153e+000 
1.014553841e+000 1.681802114e+000 
1.356557148e+000 1.952851802e+000 
1.565883173e+000 1.997412119e+000 
1.147093984e+000 1.840256574e+000 
1.367698527e+000 1.956507306e+000 
1.003914091e+000 1.647175126e+000 
1.271356497e+000 1.916631022e+000 
1.147178814e+000 1.840342347e+000 
1.152936164e+000 1.845155122e+000 
1.139770250e+000 1.835195187e+000 
1.014111868e+000 1.681349410e+000 
1.560222775e+000 1.996252215e+000 
1.137892881e+000 1.833077937e+000 
1.013695115e+000 1.680782839e+000 
1.370778328e+000 1.956705106e+000 
1.088112499e+000 1.787067081e+000 
1.781950512e+000 2.000000000e+000 
1.002390417e+000 1.636203019e+000 
1.412407106e+000 1.967840118e+000 
1.000015234e+000 1.607702698e+000 
1.374263902e+000 1.958789139e+000 
1.408242353e+000 1.967627936e+000 
1.099572430e+000 1.796727458e+000 
1.099974253e+000 1.797743915e+000 
1.147481001e+000 1.840785971e+000 
1.145865587e+000 1.839759230e+000 
1.240009190e+000 1.895181723e+000 
1.252444236e+000 1.904319764e+000 
1.248727796e+000 1.903428804e+000 
1.246009637e+000 1.900900609e+000 
1.241248789e+000 1.897649206e+000 
1.034438385e+000 1.720286644e+000 
1.407093966e+000 1.966392830e+000 
1.248319893e+000 1.901113550e+000 
1.292603409e+000 1.926330912e+000 
1.241534008e+000 1.898145206e+000 
1.244775728e+000 1.899719646e+000 
1.404825212e+000 1.965964268e+000 
1.400477055e+000 1.963013591e+000 
1.401198624e+000 1.964048449e+000 
1.401519337e+000 1.965269674e+000 
1.010796110e+000 1.672352775e+000 
1.228569533e+000 1.889805882e+000 
1.553512940e+000 1.994844803e+000 
1.553096354e+000 1.994433840e+000 
1.000625039e+000 1.623084081e+000 
1.391409401e+000 1.962384836e+000 
1.228039501e+000 1.889513807e+000 
1.397003443e+000 1.962976228e+000 
1.390462686e+000 1.961628005e+000 
1.002211860e+000 1.635655355e+000 
1.387640297e+000 1.960747091e+000 
1.769965947e+000 1.999409326e+000 
1.230595009e+000 1.891509899e+000 
1.370147796e+000 1.956633318e+000 
1.372737619e+000 1.957224709e+000 
1.000080364e+000 1.609944338e+000 
1.765097125e+000 1.999272392e+000 
1.001249811e+000 1.629549382e+000 
1.772341237e+000 1.999712848e+000 
1.123167866e+000 1.818902043e+000 
1.764712149e+000 1.998635483e+000 
1.021520077e+000 1.695672048e+000 
1.007642908e+000 1.661116018e+000 
1.003154330e+000 1.641660219e+000 
1.344630351e+000 1.945252445e+000 
1.339332367e+000 1.944085243e+000 
1.021590743e+000 1.695694718e+000 
1.021617313e+000 1.696728829e+000 
1.228382941e+000 1.889676875e+000 
1.229683782e+000 1.890282578e+000 
1.226685816e+000 1.888276660e+000 
1.224331967e+000 1.886886317e+000 
1.009979945e+000 1.669034664e+000 
1.119376288e+000 1.814907295e+000 
1.221609352e+000 1.885386454e+000 
1.224844046e+000 1.887190807e+000 
1.468094431e+000 1.979324073e+000 
1.220160857e+000 1.884260271e+000 
1.215153293e+000 1.880870660e+000 
1.215539350e+000 1.881080729e+000 
1.001078381e+000 1.627995669e+000 
1.495733716e+000 1.985712159e+000 
1.000442291e+000 1.620259092e+000 
1.480138183e+000 1.982474492e+000 
1.497265500e+000 1.985989127e+000 
1.500344029e+000 1.987010028e+000 
1.000145998e+000 1.613174884e+000 
1.003104066e+000 1.641318612e+000 
1.491073674e+000 1.985254516e+000 
1.000791748e+000 1.625217865e+000 
1.485546325e+000 1.983481635e+000 
1.540379888e+000 1.991858867e+000 
1.497513621e+000 1.986524375e+000 
1.488112839e+000 1.984651767e+000 
1.546408404e+000 1.993212730e+000 
1.337364327e+000 1.940868354e+000 
1.535753671e+000 1.991457218e+000 
1.003626573e+000 1.644529174e+000 
1.336847491e+000 1.940433262e+000 
1.334649958e+000 1.938711376e+000 
1.530422822e+000 1.990103355e+000 
1.332495653e+000 1.937834604e+000 
1.326965721e+000 1.933142165e+000 
1.328191548e+000 1.935476343e+000 
1.000073097e+000 1.609807674e+000 
1.469085126e+000 1.979707092e+000 
1.322884893e+000 1.932796169e+000 
1.541712201e+000 1.992065284e+000 
1.322659504e+000 1.932643415e+000 
1.318771169e+000 1.931275019e+000 
1.268299577e+000 1.905872083e+000 
1.473547283e+000 1.980733081e+000 
1.269071773e+000 1.906331639e+000 
1.265029992e+000 1.904720426e+000 
1.522846759e+000 1.988261019e+000 
1.000339010e+000 1.618019726e+000 
1.268021812e+000 1.905257275e+000 
1.000223297e+000 1.617128971e+000 
1.534552101e+000 1.990971585e+000 
1.517744451e+000 1.988001702e+000 
1.464089928e+000 1.977951580e+000 
1.270627250e+000 1.907329007e+000 
1.000000001e+000 1.025218710e+000 

