1.011612743e+000 1.674676556e+000 
1.137566029e+000 1.829604577e+000 
1.126134803e+000 1.819077983e+000 
1.090667823e+000 1.787928355e+000 
1.149269957e+000 1.837458990e+000 
1.010415788e+000 1.671527954e+000 
1.032304251e+000 1.716466322e+000 
1.095939198e+000 1.793369248e+000 
1.141905231e+000 1.832289979e+000 
1.092406576e+000 1.790732056e+000 
1.005833527e+000 1.656547624e+000 
1.011671752e+000 1.675097640e+000 
1.032374887e+000 1.716598753e+000 
1.276432953e+000 1.902160847e+000 
1.006551362e+000 1.659173534e+000 
1.094122427e+000 1.792325105e+000 
1.089216107e+000 1.787285191e+000 
1.151625996e+000 1.840230157e+000 
1.124025937e+000 1.817219006e+000 
1.171638747e+000 1.854984744e+000 
1.012636141e+000 1.677233668e+000 
1.159949370e+000 1.846806335e+000 
1.181594839e+000 1.858956532e+000 
1.098663355e+000 1.796414039e+000 
1.059084697e+000 1.755392031e+000 
1.088140221e+000 1.786643819e+000 
1.204135609e+000 1.873237048e+000 
1.062975747e+000 1.759935754e+000 
1.063837023e+000 1.760626512e+000 
1.087669614e+000 1.786430585e+000 
1.125200346e+000 1.818731350e+000 
1.069785425e+000 1.767712386e+000 
1.181774775e+000 1.860539550e+000 
1.117227775e+000 1.812414520e+000 
1.203746606e+000 1.872169394e+000 
1.085817982e+000 1.784500520e+000 
1.009213253e+000 1.668159313e+000 
1.119283634e+000 1.812494168e+000 
1.157615085e+000 1.844447388e+000 
1.008677196e+000 1.666862480e+000 
1.080435219e+000 1.778538842e+000 
1.008203350e+000 1.663583265e+000 
1.043835440e+000 1.735156223e+000 
1.112876637e+000 1.808072828e+000 
1.006874003e+000 1.660264555e+000 
1.121397841e+000 1.814776512e+000 
1.011994393e+000 1.676188661e+000 
1.269369313e+000 1.900380466e+000 
1.072284376e+000 1.770562904e+000 
1.132391582e+000 1.824759967e+000 
1.010833029e+000 1.672318541e+000 
1.140530614e+000 1.831872784e+000 
1.033912862e+000 1.720219777e+000 
1.083792946e+000 1.782368890e+000 
1.030700435e+000 1.715014546e+000 
1.149019071e+000 1.837072307e+000 
1.092353754e+000 1.790678989e+000 
1.007087418e+000 1.660470368e+000 
1.088301563e+000 1.786708831e+000 
1.110376809e+000 1.806066017e+000 
1.119786685e+000 1.813729917e+000 
1.093038525e+000 1.791010302e+000 
1.015024172e+000 1.683021403e+000 
1.185148866e+000 1.861774329e+000 
1.120481157e+000 1.813788196e+000 
1.015133966e+000 1.683976912e+000 
1.061387047e+000 1.757832928e+000 
1.059897026e+000 1.756146397e+000 
1.003988246e+000 1.646406288e+000 
1.016716862e+000 1.687158299e+000 
1.150482855e+000 1.838194948e+000 
1.006434165e+000 1.658583396e+000 
1.099497787e+000 1.796877870e+000 
1.149857727e+000 1.837977291e+000 
1.064485435e+000 1.761264318e+000 
1.027180818e+000 1.708393308e+000 
1.062797398e+000 1.759012996e+000 
1.168163124e+000 1.852090148e+000 
1.014070447e+000 1.681213837e+000 
1.026797905e+000 1.707553294e+000 
1.023361278e+000 1.701289421e+000 
1.153325959e+000 1.841321163e+000 
1.116092934e+000 1.810171727e+000 
1.009094437e+000 1.667653067e+000 
1.104052767e+000 1.800384033e+000 
1.025860587e+000 1.706127713e+000 
1.081331261e+000 1.778939555e+000 
1.005085802e+000 1.652793307e+000 
1.136968753e+000 1.827652357e+000 
1.004112328e+000 1.647924078e+000 
1.205234889e+000 1.874729356e+000 
1.262810075e+000 1.896390269e+000 
1.046469958e+000 1.738917479e+000 
1.261787618e+000 1.896329689e+000 
1.130781314e+000 1.822900990e+000 
1.002971450e+000 1.640255403e+000 
1.078943159e+000 1.776563578e+000 
1.123151710e+000 1.815679743e+000 
1.116886013e+000 1.811370971e+000 
1.204288205e+000 1.874049217e+000 
1.024737068e+000 1.703988008e+000 
1.051382997e+000 1.745634963e+000 
1.045057539e+000 1.737179202e+000 
1.115728640e+000 1.809793846e+000 
1.056005975e+000 1.751576094e+000 
1.143910304e+000 1.833665654e+000 
1.075653196e+000 1.773795639e+000 
1.057495997e+000 1.753262626e+000 
1.103758421e+000 1.800262525e+000 
1.025491711e+000 1.705628950e+000 
1.179303193e+000 1.858450742e+000 
1.027394110e+000 1.708668268e+000 
1.062002096e+000 1.758616179e+000 
1.146182454e+000 1.836037597e+000 
1.148875826e+000 1.836954626e+000 
1.024188099e+000 1.703467286e+000 
1.126609029e+000 1.819915111e+000 
1.097797150e+000 1.794675550e+000 
1.030268916e+000 1.714043407e+000 
1.047961224e+000 1.741589485e+000 
1.040925151e+000 1.730824075e+000 
1.121585742e+000 1.815064938e+000 
1.031578993e+000 1.716405344e+000 
1.049892975e+000 1.743948431e+000 
1.096654445e+000 1.793603687e+000 
1.044541806e+000 1.736154044e+000 
1.042334582e+000 1.733280476e+000 
1.188719504e+000 1.864231415e+000 
1.003490082e+000 1.644048722e+000 
1.049329284e+000 1.742643955e+000 
1.137544235e+000 1.828041562e+000 
1.019233810e+000 1.693330385e+000 
1.180317941e+000 1.858505658e+000 
1.004270865e+000 1.648703431e+000 
1.192993322e+000 1.867682758e+000 
1.159233990e+000 1.844712007e+000 
1.060635177e+000 1.756840094e+000 
1.008441184e+000 1.665409798e+000 
1.038276629e+000 1.726819371e+000 
1.199580618e+000 1.870878101e+000 
1.115142648e+000 1.808996360e+000 
1.158215365e+000 1.844619865e+000 
1.077335828e+000 1.774954447e+000 
1.016692556e+000 1.686851584e+000 
1.186414263e+000 1.861993116e+000 
1.097972599e+000 1.794694504e+000 
1.019777886e+000 1.694078223e+000 
1.018863807e+000 1.692454006e+000 
1.018124843e+000 1.691057011e+000 
1.016129986e+000 1.685950187e+000 
1.005984737e+000 1.656954091e+000 
1.004658089e+000 1.650562581e+000 
1.128177364e+000 1.820586200e+000 
1.039745345e+000 1.728858120e+000 
1.022417115e+000 1.699468129e+000 
1.025461627e+000 1.705431875e+000 
1.064868064e+000 1.761728842e+000 
1.058353803e+000 1.753676018e+000 
1.074890968e+000 1.772593421e+000 
1.259724412e+000 1.894111356e+000 
1.187430641e+000 1.862742075e+000 
1.032597392e+000 1.717784963e+000 
1.072598866e+000 1.770652976e+000 
1.201020891e+000 1.870953367e+000 
1.071326778e+000 1.769150518e+000 
1.065070939e+000 1.762136562e+000 
1.035768964e+000 1.722837103e+000 
1.055493526e+000 1.750690798e+000 
1.176571046e+000 1.856209293e+000 
1.049760685e+000 1.742962132e+000 
1.178082144e+000 1.857035294e+000 
1.069010936e+000 1.766616678e+000 
1.181208213e+000 1.858605179e+000 
1.273604302e+000 1.900431018e+000 
1.061196271e+000 1.757409756e+000 
1.032737610e+000 1.718004974e+000 
1.002698383e+000 1.639986041e+000 
1.058942566e+000 1.754580182e+000 
1.101783108e+000 1.800139566e+000 
1.565314106e+000 1.994008524e+000 
1.105711837e+000 1.801187641e+000 
1.437774964e+000 1.975117261e+000 
1.101236390e+000 1.798506162e+000 
1.424287189e+000 1.972572945e+000 
1.075201142e+000 1.772885390e+000 
1.108170508e+000 1.801906139e+000 
1.105643483e+000 1.800525035e+000 
1.446169805e+000 1.975337517e+000 
1.439896561e+000 1.975264085e+000 
1.425075082e+000 1.973851494e+000 
1.100076620e+000 1.797993414e+000 
1.073557272e+000 1.771665436e+000 
1.570033014e+000 1.994611449e+000 
1.051676708e+000 1.746529537e+000 
1.206108000e+000 1.878554917e+000 
1.381616963e+000 1.960744844e+000 
1.379015634e+000 1.960289801e+000 
1.086813439e+000 1.784727461e+000 
1.098011797e+000 1.795063222e+000 
1.029375484e+000 1.708722827e+000 
1.387636809e+000 1.963049849e+000 
1.370385091e+000 1.955883468e+000 
1.021576259e+000 1.696530180e+000 
1.053204932e+000 1.749434758e+000 
1.068936237e+000 1.763977187e+000 
1.778994953e+000 1.998891146e+000 
1.069220494e+000 1.766766938e+000 
1.169771975e+000 1.854131294e+000 
1.788620190e+000 1.999699887e+000 
1.077991969e+000 1.775805829e+000 
1.001124333e+000 1.628471618e+000 
1.168477872e+000 1.852878884e+000 
1.104827614e+000 1.800481333e+000 
1.000139698e+000 1.613762763e+000 
1.315903418e+000 1.935701791e+000 
1.427371895e+000 1.974052143e+000 
1.091835141e+000 1.788765275e+000 
1.373654218e+000 1.958335572e+000 
1.217063449e+000 1.884830820e+000 
1.036204581e+000 1.724393666e+000 
1.380050256e+000 1.960564110e+000 
1.392354991e+000 1.963657944e+000 
1.062288771e+000 1.758937218e+000 
1.794653883e+000 2.000000000e+000 
1.036492433e+000 1.724807118e+000 
1.416655821e+000 1.971693197e+000 
1.040754259e+000 1.730724057e+000 
1.318221843e+000 1.935867293e+000 
1.001889409e+000 1.635075372e+000 
1.212062616e+000 1.881667919e+000 
1.021843988e+000 1.698049692e+000 
1.304821794e+000 1.930448749e+000 
1.065535410e+000 1.762515668e+000 
1.308694478e+000 1.932402979e+000 
1.569887385e+000 1.994269655e+000 
1.211197454e+000 1.881552381e+000 
1.096792534e+000 1.794228158e+000 
1.092069014e+000 1.789100030e+000 
1.217856765e+000 1.885279724e+000 
1.052968295e+000 1.748144990e+000 
1.000203853e+000 1.615223682e+000 
1.384927139e+000 1.962387617e+000 
1.007908618e+000 1.662974950e+000 
1.012975315e+000 1.677639204e+000 
1.077511808e+000 1.775753979e+000 
1.212649853e+000 1.882920777e+000 
1.041218775e+000 1.730976374e+000 
1.577726181e+000 1.995967843e+000 
1.565413863e+000 1.994189563e+000 
1.036055773e+000 1.723401935e+000 
1.385731962e+000 1.962648748e+000 
1.578027271e+000 1.996367471e+000 
1.223148767e+000 1.889133640e+000 
1.325336149e+000 1.939150742e+000 
1.393184560e+000 1.964283020e+000 
1.396005733e+000 1.964891115e+000 
1.083045834e+000 1.779820019e+000 
1.319821752e+000 1.937338455e+000 
1.383611586e+000 1.961522972e+000 
1.087589839e+000 1.784799908e+000 
1.079520105e+000 1.778112926e+000 
1.072032052e+000 1.769709509e+000 
1.045297686e+000 1.737400027e+000 
1.154364561e+000 1.842893475e+000 
1.078554060e+000 1.776271457e+000 
1.322994715e+000 1.938331974e+000 
1.164114889e+000 1.850076815e+000 
1.023146176e+000 1.699832188e+000 
1.311729041e+000 1.933061034e+000 
1.163186113e+000 1.849424714e+000 
1.589165087e+000 1.997109716e+000 
1.413445601e+000 1.969937174e+000 
1.074297012e+000 1.772068455e+000 
1.070883786e+000 1.767983200e+000 
1.407573353e+000 1.968933149e+000 
1.168721435e+000 1.853400894e+000 
1.000214754e+000 1.616066116e+000 
1.022313775e+000 1.698812753e+000 
1.161778547e+000 1.848428057e+000 
1.000343550e+000 1.620299415e+000 
1.042099039e+000 1.733029454e+000 
1.219829956e+000 1.887026662e+000 
1.145024139e+000 1.833869568e+000 
1.170986918e+000 1.854257484e+000 
1.020676917e+000 1.695226718e+000 
1.174460186e+000 1.855888313e+000 
1.230916499e+000 1.893094640e+000 
1.220506373e+000 1.887718145e+000 
1.172604848e+000 1.855217462e+000 
1.226420491e+000 1.890730136e+000 
1.225393642e+000 1.890246121e+000 
1.060416486e+000 1.756703527e+000 
1.229166483e+000 1.892561849e+000 
1.433548204e+000 1.974660238e+000 
1.173826965e+000 1.855439368e+000 
1.404014442e+000 1.966131067e+000 
1.409640883e+000 1.969140136e+000 
1.000772333e+000 1.624657813e+000 
1.594025992e+000 1.998218571e+000 
1.008315722e+000 1.664272844e+000 
1.405480601e+000 1.967318505e+000 
1.312887577e+000 1.933914687e+000 
1.013970921e+000 1.679832055e+000 
1.233327748e+000 1.893831919e+000 
1.235505412e+000 1.893867685e+000 
1.328034018e+000 1.939882441e+000 
1.232723772e+000 1.893603216e+000 
1.159417407e+000 1.845045034e+000 
1.364671527e+000 1.954407138e+000 
1.320768577e+000 1.937708356e+000 
1.411948325e+000 1.969577963e+000 
1.328202764e+000 1.940857753e+000 
1.332648448e+000 1.941701989e+000 
1.401197171e+000 1.965979734e+000 
1.000017367e+000 1.604561996e+000 
1.332893823e+000 1.942273637e+000 
1.590178418e+000 1.997768093e+000 
1.002185917e+000 1.636161571e+000 
1.458282579e+000 1.977157925e+000 
1.460274791e+000 1.977895538e+000 
1.456993970e+000 1.976523706e+000 
1.462042493e+000 1.979335833e+000 
1.485282049e+000 1.984053726e+000 
1.010039261e+000 1.668988415e+000 
1.361375833e+000 1.952745258e+000 
1.469756728e+000 1.980764465e+000 
1.364187247e+000 1.954234831e+000 
1.468382647e+000 1.980673581e+000 
1.483249107e+000 1.982738923e+000 
1.038486290e+000 1.727413874e+000 
1.472169693e+000 1.981694779e+000 
1.489239411e+000 1.985097870e+000 
1.039092975e+000 1.727871342e+000 
1.333850427e+000 1.942411685e+000 
1.014940218e+000 1.681632811e+000 
1.017931944e+000 1.688325183e+000 
1.330831055e+000 1.940995801e+000 
1.585992999e+000 1.997085165e+000 
1.000092223e+000 1.608012967e+000 
1.486380031e+000 1.984233184e+000 
1.056662524e+000 1.751919602e+000 
1.057444942e+000 1.753044367e+000 
1.592059802e+000 1.997838463e+000 
1.034464852e+000 1.720465645e+000 
1.354725078e+000 1.949738867e+000 
1.055102239e+000 1.750675916e+000 
1.369159387e+000 1.955227279e+000 
1.024136620e+000 1.701351106e+000 
1.225296194e+000 1.889208843e+000 
1.176764993e+000 1.856932197e+000 
1.359373410e+000 1.950885778e+000 
1.354567524e+000 1.949101486e+000 
1.002051072e+000 1.635961348e+000 
1.353191925e+000 1.948052653e+000 
1.359639197e+000 1.951046101e+000 
1.349633424e+000 1.947953866e+000 
1.356241586e+000 1.950591058e+000 
1.780010504e+000 1.999305319e+000 
1.178934676e+000 1.857935626e+000 
1.003176781e+000 1.641862222e+000 
1.003182857e+000 1.642364208e+000 
1.011187570e+000 1.673430465e+000 
1.010190486e+000 1.669997980e+000 
1.354222680e+000 1.948870565e+000 
1.454924411e+000 1.976318361e+000 
1.454156958e+000 1.975425321e+000 
1.205876274e+000 1.875462976e+000 
1.001336964e+000 1.630569041e+000 
1.589709421e+000 1.997225197e+000 
1.001839648e+000 1.634372596e+000 
1.203112431e+000 1.871840459e+000 
1.002566695e+000 1.639549578e+000 
1.000770899e+000 1.624521806e+000 
1.009648122e+000 1.668307735e+000 
1.000977465e+000 1.626532449e+000 
1.003319697e+000 1.642842429e+000 
1.000680719e+000 1.623404125e+000 
1.000519807e+000 1.621525334e+000 
1.001737128e+000 1.633596731e+000 
1.291171233e+000 1.912356019e+000 
1.294655480e+000 1.914179526e+000 
1.299856465e+000 1.915004781e+000 
1.289918038e+000 1.911807653e+000 
1.288262713e+000 1.910108768e+000 
1.282560888e+000 1.906999591e+000 
1.285087729e+000 1.908545037e+000 
1.278708814e+000 1.905955448e+000 
1.267292013e+000 1.899329118e+000 
1.266379935e+000 1.898750577e+000 
1.263109494e+000 1.897418819e+000 
1.260162092e+000 1.895835860e+000 
1.562995804e+000 1.987783673e+000 
1.559120242e+000 1.986787188e+000 
1.557129906e+000 1.986441275e+000 
1.561797715e+000 1.987363423e+000 
1.550483902e+000 1.986140020e+000 
1.549267053e+000 1.985530895e+000 
1.000015642e+000 1.199757850e+000 
1.000000001e+000 1.025226041e+000 

