1.011747412e+000 1.674706714e+000 
1.139161333e+000 1.829641661e+000 
1.091719265e+000 1.787963576e+000 
1.151000987e+000 1.837496425e+000 
1.010536577e+000 1.671557972e+000 
1.032678872e+000 1.716498349e+000 
1.097051770e+000 1.793404713e+000 
1.143550855e+000 1.832327183e+000 
1.093478182e+000 1.790767402e+000 
1.005901176e+000 1.656576972e+000 
1.011807105e+000 1.675127818e+000 
1.032750327e+000 1.716630785e+000 
1.006627336e+000 1.659203000e+000 
1.095213931e+000 1.792360522e+000 
1.090250715e+000 1.787320384e+000 
1.153384348e+000 1.840267716e+000 
1.099681673e+000 1.794897394e+000 
1.173629180e+000 1.855022963e+000 
1.012782678e+000 1.677263942e+000 
1.161804246e+000 1.846844188e+000 
1.099807519e+000 1.796449640e+000 
1.059769881e+000 1.755425798e+000 
1.089162352e+000 1.786678983e+000 
1.063706054e+000 1.759969725e+000 
1.064577318e+000 1.760660513e+000 
1.088686287e+000 1.786465739e+000 
1.126652249e+000 1.818767948e+000 
1.070594702e+000 1.767746704e+000 
1.183882752e+000 1.860578018e+000 
1.118587224e+000 1.812450836e+000 
1.086813183e+000 1.784535588e+000 
1.009320096e+000 1.668189181e+000 
1.159442891e+000 1.844485136e+000 
1.008777823e+000 1.666892290e+000 
1.081367998e+000 1.778573643e+000 
1.008298481e+000 1.663612928e+000 
1.044343784e+000 1.735189085e+000 
1.114185627e+000 1.808108950e+000 
1.006953718e+000 1.660294070e+000 
1.012133488e+000 1.676218888e+000 
1.073122633e+000 1.770597349e+000 
1.133926880e+000 1.824796834e+000 
1.010958656e+000 1.672348594e+000 
1.142160298e+000 1.831909969e+000 
1.034306138e+000 1.720251971e+000 
1.084764663e+000 1.782403863e+000 
1.031056457e+000 1.715046508e+000 
1.150747192e+000 1.837109725e+000 
1.093424748e+000 1.790714333e+000 
1.007169609e+000 1.660499891e+000 
1.089325565e+000 1.786743998e+000 
1.111656810e+000 1.806102049e+000 
1.094117460e+000 1.791045661e+000 
1.015198402e+000 1.683051935e+000 
1.187295972e+000 1.861812851e+000 
1.015309469e+000 1.684007487e+000 
1.062098931e+000 1.757866804e+000 
1.060591630e+000 1.756180198e+000 
1.016910722e+000 1.687189015e+000 
1.152227950e+000 1.838232416e+000 
1.006508780e+000 1.658612835e+000 
1.100651627e+000 1.796913491e+000 
1.151595573e+000 1.838014749e+000 
1.065233249e+000 1.761298348e+000 
1.027496024e+000 1.708424974e+000 
1.063525637e+000 1.759046925e+000 
1.170113251e+000 1.852128238e+000 
1.014233617e+000 1.681244288e+000 
1.027108670e+000 1.707584922e+000 
1.023632190e+000 1.701320770e+000 
1.155104025e+000 1.841358771e+000 
1.053813055e+000 1.747852667e+000 
1.009199902e+000 1.667682912e+000 
1.105259429e+000 1.800419811e+000 
1.026160483e+000 1.706159278e+000 
1.082274431e+000 1.778974374e+000 
1.005144780e+000 1.652822487e+000 
1.004160017e+000 1.647953041e+000 
1.047008853e+000 1.738950509e+000 
1.239403739e+000 1.890346047e+000 
1.180120543e+000 1.856323970e+000 
1.079858635e+000 1.776598292e+000 
1.118241498e+000 1.811407240e+000 
1.206657263e+000 1.874088288e+000 
1.025023935e+000 1.704019477e+000 
1.051978867e+000 1.745668294e+000 
1.045580055e+000 1.737212155e+000 
1.117070704e+000 1.809830044e+000 
1.056655457e+000 1.751609691e+000 
1.145579180e+000 1.833702920e+000 
1.076530519e+000 1.773830228e+000 
1.058162758e+000 1.753296297e+000 
1.104961670e+000 1.800298297e+000 
1.025787329e+000 1.705660492e+000 
1.181382508e+000 1.858489116e+000 
1.027711790e+000 1.708699947e+000 
1.062721112e+000 1.758650090e+000 
1.147877680e+000 1.836074969e+000 
1.150602286e+000 1.836992038e+000 
1.024468600e+000 1.703498732e+000 
1.098931269e+000 1.794711073e+000 
1.030619934e+000 1.714075326e+000 
1.048517414e+000 1.741622635e+000 
1.041399745e+000 1.730856744e+000 
1.232309132e+000 1.886712392e+000 
1.031945204e+000 1.716437368e+000 
1.050471566e+000 1.743981687e+000 
1.097775312e+000 1.793639162e+000 
1.045058341e+000 1.736186951e+000 
1.042825521e+000 1.733313254e+000 
1.003530555e+000 1.644077512e+000 
1.049901338e+000 1.742677152e+000 
1.019456857e+000 1.693361378e+000 
1.004320393e+000 1.648732429e+000 
1.195231397e+000 1.867721545e+000 
1.061338342e+000 1.756873925e+000 
1.008539073e+000 1.665439542e+000 
1.038720509e+000 1.726851861e+000 
1.201895083e+000 1.870917030e+000 
1.116477916e+000 1.809032523e+000 
1.160050133e+000 1.844657621e+000 
1.078232664e+000 1.774989088e+000 
1.016886133e+000 1.686882287e+000 
1.052361933e+000 1.746013153e+000 
1.099108752e+000 1.794730028e+000 
1.167751897e+000 1.849769186e+000 
1.020007243e+000 1.694109249e+000 
1.019082564e+000 1.692484960e+000 
1.018335030e+000 1.691087902e+000 
1.016317040e+000 1.685980850e+000 
1.006054140e+000 1.656983457e+000 
1.177080467e+000 1.855323723e+000 
1.167434690e+000 1.849084745e+000 
1.004712107e+000 1.650591661e+000 
1.040206258e+000 1.728890701e+000 
1.022677078e+000 1.699499396e+000 
1.025756897e+000 1.705463408e+000 
1.065620316e+000 1.761762892e+000 
1.059030511e+000 1.753709708e+000 
1.075759452e+000 1.772627957e+000 
1.036850280e+000 1.724272358e+000 
1.238795878e+000 1.888936048e+000 
1.032975412e+000 1.717817048e+000 
1.073440769e+000 1.770687425e+000 
1.072153929e+000 1.769184899e+000 
1.065825543e+000 1.762170631e+000 
1.036183764e+000 1.722869415e+000 
1.234132493e+000 1.886848715e+000 
1.056137065e+000 1.750724355e+000 
1.178618678e+000 1.856247567e+000 
1.050337742e+000 1.742995343e+000 
1.180147299e+000 1.857073604e+000 
1.069811232e+000 1.766650946e+000 
1.061905942e+000 1.757443613e+000 
1.033117257e+000 1.718037070e+000 
1.037518241e+000 1.724725036e+000 
1.016162158e+000 1.684470591e+000 
1.207491120e+000 1.876702287e+000 
1.123168662e+000 1.817197927e+000 
1.136862115e+000 1.827000481e+000 
1.138404049e+000 1.828104206e+000 
1.075027408e+000 1.771423053e+000 
1.079019279e+000 1.775827951e+000 
1.080113250e+000 1.776624763e+000 
1.016171421e+000 1.684808980e+000 
1.131713337e+000 1.823232073e+000 
1.211346688e+000 1.879214241e+000 
1.136357622e+000 1.826693496e+000 
1.117121748e+000 1.810767855e+000 
1.369813559e+000 1.950222815e+000 
1.014968572e+000 1.682981710e+000 
1.081784736e+000 1.778794867e+000 
1.132649998e+000 1.824182394e+000 
1.288238220e+000 1.919893824e+000 
1.209587865e+000 1.877746848e+000 
1.286463969e+000 1.917406923e+000 
1.133946269e+000 1.825889188e+000 
1.218169824e+000 1.883880599e+000 
1.211742586e+000 1.879940273e+000 
1.480442474e+000 1.980995602e+000 
1.842020564e+000 1.999404934e+000 
1.283855460e+000 1.917140166e+000 
1.845452289e+000 2.000000000e+000 
1.283611904e+000 1.916431992e+000 
1.487022750e+000 1.983291698e+000 
1.000015824e+000 1.607906527e+000 
1.289421560e+000 1.920002368e+000 
1.477088291e+000 1.979956063e+000 
1.080822222e+000 1.777260779e+000 
1.000391006e+000 1.618337727e+000 
1.498511532e+000 1.985650750e+000 
1.127683651e+000 1.820199871e+000 
1.124563100e+000 1.818276465e+000 
1.212122397e+000 1.880416130e+000 
1.564820013e+000 1.995932766e+000 
1.293252231e+000 1.921561519e+000 
1.213531804e+000 1.880684592e+000 
1.082999853e+000 1.779284357e+000 
1.301334478e+000 1.925912297e+000 
1.501920650e+000 1.986111652e+000 
1.092611104e+000 1.788255368e+000 
1.577578685e+000 1.997887083e+000 
1.097567854e+000 1.793433689e+000 
1.569068438e+000 1.996810774e+000 
1.210326914e+000 1.878623233e+000 
1.216102474e+000 1.882471558e+000 
1.219708560e+000 1.884568720e+000 
1.557849723e+000 1.994956036e+000 
1.214557103e+000 1.881535018e+000 
1.561145580e+000 1.995564306e+000 
1.129626452e+000 1.821882517e+000 
1.489455908e+000 1.983752600e+000 
1.221817519e+000 1.885812709e+000 
1.170932187e+000 1.852251670e+000 
1.017685168e+000 1.688126617e+000 
1.299553059e+000 1.924453716e+000 
1.004493493e+000 1.649144968e+000 
1.127192090e+000 1.819327293e+000 
1.210749787e+000 1.878875124e+000 
1.120097646e+000 1.813075510e+000 
1.013834978e+000 1.679406610e+000 
1.570532005e+000 1.997053945e+000 
1.378241382e+000 1.953492642e+000 
1.299534773e+000 1.924296060e+000 
1.120867604e+000 1.814552807e+000 
1.000225798e+000 1.617357573e+000 
1.584544942e+000 1.998086069e+000 
1.585110242e+000 1.998205534e+000 
1.004199999e+000 1.648004195e+000 
1.127801393e+000 1.820210821e+000 
1.121733477e+000 1.815538712e+000 
1.379890567e+000 1.954099082e+000 
1.366564171e+000 1.949600248e+000 
1.286579828e+000 1.918246951e+000 
1.365208781e+000 1.948846247e+000 
1.576805696e+000 1.997776674e+000 
1.838345914e+000 1.999044439e+000 
1.172998044e+000 1.853665372e+000 
1.361669093e+000 1.947762489e+000 
1.173385759e+000 1.854490780e+000 
1.122902857e+000 1.816253800e+000 
1.470224683e+000 1.979160973e+000 
1.493119942e+000 1.984157336e+000 
1.287783808e+000 1.919300227e+000 
1.000175460e+000 1.616609013e+000 
1.367587503e+000 1.949954737e+000 
1.160913622e+000 1.845263305e+000 
1.158692686e+000 1.841960006e+000 
1.290625888e+000 1.920716175e+000 
1.481332100e+000 1.981798283e+000 
1.470969183e+000 1.979259765e+000 
1.093195638e+000 1.789154390e+000 
1.117997020e+000 1.810807628e+000 
1.297122904e+000 1.923075227e+000 
1.370182581e+000 1.951338908e+000 
1.000000001e+000 1.607625968e+000 
1.370673918e+000 1.951707141e+000 
1.209744084e+000 1.877877585e+000 
1.296390325e+000 1.922708909e+000 
1.168392561e+000 1.850142866e+000 
1.165254132e+000 1.848918152e+000 
1.162876631e+000 1.846869317e+000 
1.001533648e+000 1.631641722e+000 
1.311246955e+000 1.928567920e+000 
1.203048256e+000 1.873778288e+000 
1.307685570e+000 1.927249782e+000 
1.311535834e+000 1.928748644e+000 
1.366224636e+000 1.949410790e+000 
1.307259158e+000 1.926960322e+000 
1.195217040e+000 1.867396249e+000 
1.372906666e+000 1.951930830e+000 
1.305404275e+000 1.926611361e+000 
1.199082994e+000 1.870915699e+000 
1.000840398e+000 1.624643504e+000 
1.167723721e+000 1.849645092e+000 
1.308072989e+000 1.927787988e+000 
1.299481908e+000 1.924176924e+000 
1.309393278e+000 1.928343908e+000 
1.399457847e+000 1.959862768e+000 
1.000099736e+000 1.613240674e+000 
1.002373991e+000 1.638001567e+000 
1.386842444e+000 1.955344486e+000 
1.401994397e+000 1.960706186e+000 
1.197902415e+000 1.869993940e+000 
1.189505180e+000 1.864687717e+000 
1.001245299e+000 1.629084357e+000 
1.004080406e+000 1.647612538e+000 
1.022392584e+000 1.695219896e+000 
1.191916280e+000 1.866481255e+000 
1.394430821e+000 1.958313187e+000 
1.391938738e+000 1.957908452e+000 
1.001903254e+000 1.634906313e+000 
1.013826923e+000 1.678314931e+000 
1.186428194e+000 1.860780409e+000 
1.001697649e+000 1.632301521e+000 
1.001953592e+000 1.635609121e+000 
1.113136522e+000 1.806680505e+000 
1.109252754e+000 1.802527353e+000 
1.182349675e+000 1.859627360e+000 
1.000091548e+000 1.611274867e+000 
1.194110486e+000 1.867288562e+000 
1.111118854e+000 1.804915949e+000 
1.190549630e+000 1.865393241e+000 
1.182045819e+000 1.858654636e+000 
1.187823560e+000 1.863215236e+000 
1.186434118e+000 1.861583421e+000 
1.013659741e+000 1.677856696e+000 
1.004748409e+000 1.651109349e+000 
1.003049715e+000 1.643126004e+000 
1.157771035e+000 1.841784702e+000 
1.461955484e+000 1.975460708e+000 
1.462797012e+000 1.975955045e+000 
1.467314184e+000 1.977415025e+000 
1.002993680e+000 1.641852549e+000 
1.555141683e+000 1.991263496e+000 
1.544461197e+000 1.989357334e+000 
1.467111240e+000 1.976973340e+000 
1.553094725e+000 1.990814121e+000 
1.541158558e+000 1.988993371e+000 
1.533985483e+000 1.988091856e+000 
1.546077435e+000 1.989735583e+000 
1.532551028e+000 1.986274142e+000 
1.279457914e+000 1.909997748e+000 
1.448320477e+000 1.970288869e+000 
1.452102256e+000 1.972696921e+000 
1.457374892e+000 1.973820453e+000 
1.460026967e+000 1.975055973e+000 
1.001001405e+000 1.627826839e+000 
1.000450004e+000 1.620571933e+000 
1.249341506e+000 1.893796221e+000 
1.270427236e+000 1.904961732e+000 
1.280642126e+000 1.910441464e+000 
1.273556555e+000 1.906147224e+000 
1.008187347e+000 1.662442734e+000 
1.277283850e+000 1.907178808e+000 
1.003968707e+000 1.646632489e+000 
1.003700804e+000 1.645931783e+000 
1.003208776e+000 1.643843862e+000 
1.272981171e+000 1.906072622e+000 
1.265183358e+000 1.901175051e+000 
1.263330663e+000 1.900991910e+000 
1.447441393e+000 1.968451371e+000 
1.261386054e+000 1.899802397e+000 
1.444076935e+000 1.967117640e+000 
1.260349651e+000 1.898109383e+000 
1.435538891e+000 1.963899534e+000 
1.436556585e+000 1.966092318e+000 
1.253201215e+000 1.895077849e+000 
1.428517907e+000 1.963733266e+000 
1.433873468e+000 1.963864786e+000 
1.426880161e+000 1.962615776e+000 
1.426377710e+000 1.961739997e+000 
1.257129783e+000 1.897578701e+000 
1.000486299e+000 1.620746847e+000 
1.251442022e+000 1.894328627e+000 
1.348483470e+000 1.933306872e+000 
1.357148702e+000 1.937524728e+000 
1.351778735e+000 1.936163482e+000 
1.359768894e+000 1.939889430e+000 
1.359314016e+000 1.938123811e+000 
1.359453070e+000 1.938861966e+000 
1.000819448e+000 1.624273065e+000 
1.345125269e+000 1.931004564e+000 
1.344039526e+000 1.930808101e+000 

