6.849018341e-001
9.412689299e-001
1.082775582e+000
7.808076729e-001
9.421232645e-001
1.043149378e-001
1.031434682e+000
4.686557939e-001
1.094000079e+000
1.020172766e+000
1.089129559e+000
8.856571887e-001
1.093477987e+000
7.741397932e-001
5.112758722e-004
1.059439322e+000
1.065574998e+000
3.855590153e-001
8.017390076e-001
7.752969631e-001
6.849941425e-001
9.413937685e-001
1.082520125e+000
7.811091672e-001
9.426421014e-001
1.049940302e-001
1.031590776e+000
4.685909795e-001
1.093970920e+000
1.020668047e+000
1.089156615e+000
8.855771779e-001
1.093494375e+000
7.744892703e-001
6.474891317e-004
1.058936402e+000
1.065629554e+000
3.852290572e-001
8.017406746e-001
7.751581152e-001

