1.099431708e+000 1.922791250e+000 
1.036998921e+000 1.880054535e+000 
1.017351904e+000 1.857885258e+000 
1.091159854e+000 1.918397116e+000 
1.065926931e+000 1.903289288e+000 
1.072295988e+000 1.907495374e+000 
1.016260047e+000 1.856149339e+000 
1.039604630e+000 1.882565290e+000 
1.008946335e+000 1.844137556e+000 
1.115951751e+000 1.930432776e+000 
1.038600949e+000 1.881670530e+000 
1.145811371e+000 1.942868035e+000 
1.119092650e+000 1.931867694e+000 
1.092847172e+000 1.919169453e+000 
1.017003279e+000 1.857196276e+000 
1.091685130e+000 1.918987464e+000 
1.090108770e+000 1.917958334e+000 
1.013517070e+000 1.852448725e+000 
1.019183904e+000 1.860196332e+000 
1.040435853e+000 1.883171279e+000 
1.127483006e+000 1.935818966e+000 
1.066231135e+000 1.903389754e+000 
1.010342537e+000 1.847048057e+000 
1.145515752e+000 1.942381989e+000 
1.010547568e+000 1.847502143e+000 
1.015142367e+000 1.854724345e+000 
1.085502606e+000 1.915364883e+000 
1.112227352e+000 1.928641829e+000 
1.020732259e+000 1.862299049e+000 
1.074786891e+000 1.909306690e+000 
1.069620971e+000 1.905863686e+000 
1.040543650e+000 1.883576063e+000 
1.020162235e+000 1.861420564e+000 
1.047936211e+000 1.890027029e+000 
1.034261784e+000 1.876964172e+000 
1.043825493e+000 1.886272681e+000 
1.027771027e+000 1.870419068e+000 
1.065630932e+000 1.903103388e+000 
1.070261938e+000 1.906243311e+000 
1.147025769e+000 1.943035906e+000 
1.019041802e+000 1.859942596e+000 
1.116971110e+000 1.931025285e+000 
1.011810517e+000 1.849576845e+000 
1.059582568e+000 1.898951807e+000 
1.086972406e+000 1.916122223e+000 
1.088766624e+000 1.917263762e+000 
1.068388678e+000 1.905148926e+000 
1.168858443e+000 1.951291622e+000 
1.051363021e+000 1.892901415e+000 
1.018513451e+000 1.859260756e+000 
1.080228374e+000 1.912400421e+000 
1.062884140e+000 1.901226434e+000 
1.092155098e+000 1.919162642e+000 
1.077775645e+000 1.910708094e+000 
1.057196061e+000 1.897297337e+000 
1.035300560e+000 1.878247996e+000 
1.062288757e+000 1.901008190e+000 
1.062576189e+000 1.901093119e+000 
1.056437933e+000 1.896675586e+000 
1.058937602e+000 1.898284102e+000 
1.133579714e+000 1.938090120e+000 
1.011259598e+000 1.848591768e+000 
1.063095881e+000 1.901275838e+000 
1.060985240e+000 1.900265227e+000 
1.010938202e+000 1.848101604e+000 
1.062276742e+000 1.900984344e+000 
1.034941807e+000 1.877808794e+000 
1.014203724e+000 1.853329759e+000 
1.062872125e+000 1.901202588e+000 
1.133221891e+000 1.937925804e+000 
1.143942803e+000 1.942033551e+000 
1.136503205e+000 1.939300056e+000 
1.115119404e+000 1.930013164e+000 
1.018072893e+000 1.858545330e+000 
1.025477318e+000 1.867768062e+000 
1.137791963e+000 1.939996308e+000 
1.050183697e+000 1.891769361e+000 
1.115565506e+000 1.930235854e+000 
1.076576409e+000 1.910013482e+000 
1.140054820e+000 1.940737068e+000 
1.131761384e+000 1.937249695e+000 
1.058213498e+000 1.898182494e+000 
1.131276109e+000 1.937227521e+000 
1.076033233e+000 1.909865166e+000 
1.073674679e+000 1.908543315e+000 
1.146667946e+000 1.942871591e+000 
1.102572607e+000 1.924218891e+000 
1.056879842e+000 1.897173025e+000 
1.041216396e+000 1.884181286e+000 
1.039364326e+000 1.882368483e+000 
1.015034060e+000 1.854391936e+000 
1.107908388e+000 1.926589456e+000 
1.037725829e+000 1.880563416e+000 
1.131060271e+000 1.937159880e+000 
1.037421624e+000 1.880462950e+000 
1.014437316e+000 1.853716224e+000 
1.067684200e+000 1.904451351e+000 
1.093962880e+000 1.919940513e+000 
1.124456032e+000 1.934181310e+000 
1.138481460e+000 1.940421063e+000 
1.121489298e+000 1.932817951e+000 
1.139856673e+000 1.940666451e+000 
1.011960366e+000 1.849678921e+000 
1.103481246e+000 1.924286672e+000 
1.069472054e+000 1.905400322e+000 
1.116450331e+000 1.930764464e+000 
1.104381245e+000 1.924957617e+000 
1.009779657e+000 1.846021436e+000 
1.008957380e+000 1.844666341e+000 
1.035863811e+000 1.878580167e+000 
1.044039835e+000 1.886370097e+000 
1.120920669e+000 1.932651587e+000 
1.118358755e+000 1.931288355e+000 
1.012578428e+000 1.851057553e+000 
1.013408764e+000 1.852119171e+000 
1.083973611e+000 1.914459143e+000 
1.093139651e+000 1.919741972e+000 
1.098647093e+000 1.922401455e+000 
1.083615788e+000 1.914294827e+000 
1.118469490e+000 1.931511865e+000 
1.054536338e+000 1.895403944e+000 
1.049269867e+000 1.891105773e+000 
1.047513520e+000 1.889617659e+000 
1.113380009e+000 1.929090839e+000 
1.100682672e+000 1.923198006e+000 
1.097323250e+000 1.921653876e+000 
1.090079537e+000 1.917941516e+000 
1.046800391e+000 1.888988227e+000 
1.043175063e+000 1.885850474e+000 
1.048545607e+000 1.890558150e+000 
1.023115612e+000 1.864974248e+000 
1.044199743e+000 1.886436266e+000 
1.023388930e+000 1.865464182e+000 
1.050508689e+000 1.892236990e+000 
1.052701357e+000 1.893873604e+000 
1.029917248e+000 1.872481479e+000 
1.021077865e+000 1.862546260e+000 
1.037581627e+000 1.880491812e+000 
1.036192274e+000 1.879023250e+000 
1.122992870e+000 1.933550816e+000 
1.030714972e+000 1.873372799e+000 
1.020526029e+000 1.861878893e+000 
1.026694002e+000 1.869083898e+000 
1.029965539e+000 1.872824228e+000 
1.027181078e+000 1.869623442e+000 
1.030797351e+000 1.873498890e+000 
1.036173660e+000 1.878990885e+000 
1.025870490e+000 1.868299940e+000 
1.024470497e+000 1.866675439e+000 
1.037854422e+000 1.880702090e+000 
1.034957705e+000 1.877981789e+000 
1.035541546e+000 1.878362654e+000 
1.031979346e+000 1.874637517e+000 
1.038534979e+000 1.881337093e+000 
1.034089426e+000 1.876944796e+000 
1.051669270e+000 1.892933114e+000 
1.019820979e+000 1.860870772e+000 
1.142682567e+000 1.941624942e+000 
1.091079546e+000 1.918206245e+000 
1.091606096e+000 1.918565512e+000 
1.090449640e+000 1.918148683e+000 
1.087714294e+000 1.916424982e+000 
1.067134329e+000 1.903945180e+000 
1.064862825e+000 1.902375849e+000 
1.022348514e+000 1.863890171e+000 
1.030555844e+000 1.873060974e+000 
1.029003077e+000 1.871365789e+000 
1.110221399e+000 1.927827464e+000 
1.120042374e+000 1.932239031e+000 
1.109071503e+000 1.927223123e+000 
1.114865619e+000 1.929902237e+000 
1.106351881e+000 1.925928585e+000 
1.083798564e+000 1.914298906e+000 
1.161010504e+000 1.949664388e+000 
1.161247544e+000 1.949715981e+000 
1.197155394e+000 1.960996287e+000 
1.260918845e+000 1.975479263e+000 
1.196382040e+000 1.960635490e+000 
1.219818582e+000 1.967054128e+000 
1.251164595e+000 1.974430863e+000 
1.887787543e+000 2.000000000e+000 
1.248719790e+000 1.974169582e+000 
1.163531998e+000 1.950368555e+000 
1.217959549e+000 1.966665057e+000 
1.219339328e+000 1.966968568e+000 
1.013013048e+000 1.851271763e+000 
1.246431115e+000 1.973228819e+000 
1.164257531e+000 1.950551986e+000 
1.164774870e+000 1.950724202e+000 
1.217705105e+000 1.966519835e+000 
1.214984637e+000 1.966346128e+000 
1.207983960e+000 1.964311378e+000 
1.261953180e+000 1.976307447e+000 
1.252132607e+000 1.974631967e+000 
1.304030399e+000 1.983032967e+000 
1.162947143e+000 1.950279416e+000 
1.202197733e+000 1.962426101e+000 
1.255806738e+000 1.975438553e+000 
1.241051348e+000 1.972273227e+000 
1.165754255e+000 1.950973721e+000 
1.147375990e+000 1.943756777e+000 
1.866729408e+000 1.999896391e+000 
1.293114925e+000 1.981480600e+000 
1.152727335e+000 1.946319084e+000 
1.008347458e+000 1.843355394e+000 
1.007430393e+000 1.842889531e+000 
1.003657076e+000 1.834745296e+000 
1.246237460e+000 1.972984384e+000 
1.211613420e+000 1.965152440e+000 
1.004014263e+000 1.835879186e+000 
1.245855526e+000 1.972886383e+000 
1.240828801e+000 1.971838992e+000 
1.243756518e+000 1.972794346e+000 
1.398060564e+000 1.993140889e+000 
1.236706345e+000 1.971110540e+000 
1.874380032e+000 1.999908413e+000 
1.194684235e+000 1.960446681e+000 
1.297982672e+000 1.982275891e+000 
1.387902802e+000 1.992445040e+000 
1.240621325e+000 1.971542383e+000 
1.172560989e+000 1.953376836e+000 
1.194749687e+000 1.960549930e+000 
1.232960052e+000 1.969888569e+000 
1.162515900e+000 1.950006712e+000 
1.170728722e+000 1.952796732e+000 
1.881853966e+000 1.999989551e+000 
1.391134510e+000 1.992733503e+000 
1.151299005e+000 1.945384103e+000 
1.851591500e+000 1.999838869e+000 
1.458866002e+000 1.997406533e+000 
1.840950094e+000 1.999573649e+000 
1.863479384e+000 1.999877732e+000 
1.328748464e+000 1.986502167e+000 
1.011168426e+000 1.848337438e+000 
1.331145585e+000 1.987076960e+000 
1.328946320e+000 1.986590934e+000 
1.046347098e+000 1.886842354e+000 
1.328463092e+000 1.986449037e+000 
1.046719179e+000 1.887118590e+000 
1.305080698e+000 1.983496258e+000 
1.180470247e+000 1.956071361e+000 
1.837527085e+000 1.999191437e+000 
1.000183482e+000 1.823394426e+000 
1.218648464e+000 1.966683982e+000 
1.313854176e+000 1.984738189e+000 
1.306543789e+000 1.983499947e+000 
1.391678682e+000 1.992829470e+000 
1.155655487e+000 1.947333118e+000 
1.308798934e+000 1.984101523e+000 
1.838731134e+000 1.999309609e+000 
1.156453279e+000 1.947873486e+000 
1.470323996e+000 1.997706882e+000 
1.150374862e+000 1.944510789e+000 
1.154170247e+000 1.946750954e+000 
1.031586189e+000 1.873505769e+000 
1.230066235e+000 1.969256434e+000 
1.029846879e+000 1.871629148e+000 
1.202542158e+000 1.962468867e+000 
1.301751947e+000 1.982691226e+000 
1.172107445e+000 1.952989769e+000 
1.226249743e+000 1.968179340e+000 
1.169178861e+000 1.952090993e+000 
1.193711016e+000 1.959850654e+000 
1.463600016e+000 1.997620664e+000 
1.473232482e+000 1.997727021e+000 
1.012398787e+000 1.850145915e+000 
1.366524462e+000 1.990383397e+000 
1.356659268e+000 1.988700752e+000 
1.222917233e+000 1.967881843e+000 
1.220298841e+000 1.967221415e+000 
1.394964317e+000 1.993102503e+000 
1.173439008e+000 1.953847858e+000 
1.032790390e+000 1.874787599e+000 
1.004080729e+000 1.836402405e+000 
1.214042210e+000 1.965686463e+000 
1.457607434e+000 1.997404244e+000 
1.207946140e+000 1.964070502e+000 
1.000109673e+000 1.821943978e+000 
1.194234037e+000 1.960153361e+000 
1.001509558e+000 1.829511468e+000 
1.380597843e+000 1.991503883e+000 
1.382036435e+000 1.991884283e+000 
1.385466505e+000 1.992373710e+000 
1.183741535e+000 1.957060953e+000 
1.003811361e+000 1.835584685e+000 
1.269238515e+000 1.976952487e+000 
1.462230662e+000 1.997472695e+000 
1.006420400e+000 1.840041767e+000 
1.011772837e+000 1.849382279e+000 
1.377721655e+000 1.991348672e+000 
9.999999998e-001 1.821086583e+000 
1.468582258e+000 1.997645370e+000 
1.005572912e+000 1.839403962e+000 
1.273369321e+000 1.977529100e+000 
1.275769401e+000 1.977951690e+000 
1.280377276e+000 1.978839758e+000 
1.273796866e+000 1.977790236e+000 
1.189526749e+000 1.958561252e+000 
1.277919954e+000 1.978314015e+000 
1.277447103e+000 1.978172014e+000 
1.271549006e+000 1.977375077e+000 
1.189232871e+000 1.958415214e+000 
1.179866114e+000 1.955556874e+000 
1.185614701e+000 1.957299923e+000 
1.004726136e+000 1.838080620e+000 
1.370544235e+000 1.990653224e+000 
1.046017102e+000 1.886701938e+000 
1.006600968e+000 1.841159640e+000 
1.182144632e+000 1.956357318e+000 
1.009520919e+000 1.845972679e+000 
1.177966902e+000 1.954993904e+000 
1.010421223e+000 1.847494426e+000 
1.000345750e+000 1.824385168e+000 
1.349800657e+000 1.987484257e+000 
1.353703420e+000 1.987951919e+000 
1.442531750e+000 1.995842243e+000 
1.000920858e+000 1.827640966e+000 
1.435634686e+000 1.995508671e+000 
1.441199824e+000 1.995724714e+000 
1.001925157e+000 1.830539108e+000 
1.359803553e+000 1.989192606e+000 
1.000288528e+000 1.824228915e+000 
1.445160859e+000 1.996355875e+000 
1.411571281e+000 1.993457408e+000 
1.009048159e+000 1.845229993e+000 
1.353964971e+000 1.988300766e+000 
1.355156698e+000 1.988576514e+000 
1.414279761e+000 1.993598965e+000 
1.000714344e+000 1.827475306e+000 
1.002363184e+000 1.831939420e+000 
1.415917100e+000 1.993911293e+000 
1.432683968e+000 1.995096898e+000 
1.000412087e+000 1.825269599e+000 
1.419745686e+000 1.994104256e+000 
1.003182605e+000 1.834694842e+000 
1.004442899e+000 1.837112562e+000 
1.427280369e+000 1.994380101e+000 
1.003059690e+000 1.834014783e+000 
1.424937558e+000 1.994310724e+000 
1.432588447e+000 1.994829662e+000 
1.002197457e+000 1.831408079e+000 
1.000155597e+000 1.822016455e+000 
1.002174811e+000 1.831144629e+000 
1.010924845e+000 1.848076221e+000 
1.011359865e+000 1.848987750e+000 
1.009857837e+000 1.847015421e+000 
1.837428901e+000 1.998454883e+000 
1.831599712e+000 1.998161989e+000 
1.007381926e+000 1.841554227e+000 
1.828905646e+000 1.998028305e+000 
1.822572508e+000 1.997857174e+000 

