1.055394240e+000 1.922175422e+000 
1.013420307e+000 1.867323820e+000 
1.025582750e+000 1.889219078e+000 
1.029648055e+000 1.894290100e+000 
1.062392619e+000 1.928504880e+000 
1.035081299e+000 1.900946513e+000 
1.050458258e+000 1.917601298e+000 
1.062001334e+000 1.928123784e+000 
1.030673512e+000 1.895519348e+000 
1.059353225e+000 1.925566835e+000 
1.074620988e+000 1.936395321e+000 
1.036060314e+000 1.902568938e+000 
1.061812325e+000 1.927857905e+000 
1.094925466e+000 1.948541971e+000 
1.065171268e+000 1.930791187e+000 
1.014192110e+000 1.868441294e+000 
1.037904743e+000 1.904648567e+000 
1.049284630e+000 1.915831181e+000 
1.016062983e+000 1.872411376e+000 
1.032709657e+000 1.898300863e+000 
1.055515396e+000 1.922691775e+000 
1.030521822e+000 1.895344711e+000 
1.017985721e+000 1.876294109e+000 
1.055093372e+000 1.922166397e+000 
1.030187354e+000 1.894644430e+000 
1.060589752e+000 1.926321559e+000 
1.032094009e+000 1.897858435e+000 
1.101886673e+000 1.952928230e+000 
1.011682676e+000 1.862927399e+000 
1.044840252e+000 1.912343398e+000 
1.053419047e+000 1.920742466e+000 
1.052916457e+000 1.919898140e+000 
1.057189721e+000 1.924115706e+000 
1.011716872e+000 1.863183682e+000 
1.086873178e+000 1.945075780e+000 
1.056247347e+000 1.923126929e+000 
1.123545005e+000 1.961116590e+000 
1.056875442e+000 1.923289553e+000 
1.109456881e+000 1.955897829e+000 
1.049100104e+000 1.915743836e+000 
1.133875018e+000 1.963526656e+000 
1.106735600e+000 1.954756211e+000 
1.102667387e+000 1.953362825e+000 
1.101585806e+000 1.952919205e+000 
1.012713253e+000 1.865560992e+000 
1.033045398e+000 1.898496841e+000 
1.054711939e+000 1.921838425e+000 
1.021281834e+000 1.882002419e+000 
1.010415368e+000 1.859830915e+000 
1.085658434e+000 1.943485341e+000 
1.025170659e+000 1.888605378e+000 
1.028416013e+000 1.892144708e+000 
1.067684996e+000 1.931556630e+000 
1.028735766e+000 1.892723543e+000 
1.029235964e+000 1.893676400e+000 
1.033981510e+000 1.900017262e+000 
1.056548214e+000 1.923135954e+000 
1.068543311e+000 1.932534922e+000 
1.031123465e+000 1.895835227e+000 
1.054411071e+000 1.921829400e+000 
1.030246318e+000 1.895142792e+000 
1.013255528e+000 1.866894804e+000 
1.018706580e+000 1.877364032e+000 
1.054019787e+000 1.921448303e+000 
1.069549103e+000 1.933149665e+000 
1.052253739e+000 1.919541583e+000 
1.050214095e+000 1.917125391e+000 
1.015530779e+000 1.871027121e+000 
1.015703895e+000 1.871365045e+000 
1.169168108e+000 1.971402447e+000 
1.081874861e+000 1.941282123e+000 
1.009497436e+000 1.858012734e+000 
1.016270761e+000 1.872833398e+000 
1.011795029e+000 1.863687345e+000 
1.015721359e+000 1.871630492e+000 
1.021973312e+000 1.883303908e+000 
1.085312435e+000 1.943076034e+000 
1.072719037e+000 1.935823462e+000 
1.014703745e+000 1.869625940e+000 
1.024179688e+000 1.887111201e+000 
1.014932092e+000 1.870247571e+000 
1.055945332e+000 1.922707388e+000 
1.066245820e+000 1.930834025e+000 
1.128293828e+000 1.962971684e+000 
1.017651528e+000 1.875342521e+000 
1.038759686e+000 1.905424276e+000 
1.085357567e+000 1.943476317e+000 
1.168444852e+000 1.971124096e+000 
1.028339663e+000 1.891928787e+000 
1.032074855e+000 1.896803257e+000 
1.019072785e+000 1.878031431e+000 
1.011959808e+000 1.864116362e+000 
1.018582801e+000 1.877140070e+000 
1.017810998e+000 1.876001728e+000 
1.087905996e+000 1.945533391e+000 
1.014027331e+000 1.868012277e+000 
1.019977546e+000 1.880244595e+000 
1.040934177e+000 1.908068489e+000 
1.029174330e+000 1.893116839e+000 
1.046635733e+000 1.914283682e+000 
1.027388273e+000 1.890960757e+000 
1.019367992e+000 1.878637757e+000 
1.022220124e+000 1.883970026e+000 
1.021457478e+000 1.882015037e+000 
1.070162779e+000 1.933833912e+000 
1.009661923e+000 1.858386285e+000 
1.046936600e+000 1.914292707e+000 
1.029101326e+000 1.893005624e+000 
1.077567964e+000 1.937651444e+000 
1.011271978e+000 1.862084918e+000 
1.019818076e+000 1.879585388e+000 
1.010963427e+000 1.861739053e+000 
1.025002522e+000 1.887649345e+000 
1.020384045e+000 1.880504732e+000 
1.043346404e+000 1.910430761e+000 
1.045463363e+000 1.912507534e+000 
1.066691978e+000 1.931157484e+000 
1.026830676e+000 1.889902246e+000 
1.075139450e+000 1.937453770e+000 
1.028898825e+000 1.892914919e+000 
1.092027472e+000 1.947458317e+000 
1.013935712e+000 1.867870262e+000 
1.022012346e+000 1.883548004e+000 
1.023115189e+000 1.885467713e+000 
1.022453777e+000 1.884192726e+000 
1.069248236e+000 1.933140640e+000 
1.038898277e+000 1.905618816e+000 
1.023322968e+000 1.885889735e+000 
1.020749349e+000 1.881384199e+000 
1.039961461e+000 1.906614951e+000 
1.012423927e+000 1.864946511e+000 
1.078970754e+000 1.939230073e+000 
1.039142067e+000 1.906170337e+000 
1.105521199e+000 1.954341428e+000 
1.018451821e+000 1.876858590e+000 
1.090509831e+000 1.946541022e+000 
1.019575770e+000 1.879059779e+000 
1.072418170e+000 1.935814437e+000 
1.044202896e+000 1.911793946e+000 
1.051743825e+000 1.918497690e+000 
1.068631516e+000 1.932884805e+000 
1.095428698e+000 1.949040207e+000 
1.079762173e+000 1.939563451e+000 
1.082614112e+000 1.942481564e+000 
1.138853229e+000 1.965029579e+000 
1.038484181e+000 1.905222357e+000 
1.033585407e+000 1.898757420e+000 
1.010550914e+000 1.860061913e+000 
1.039660594e+000 1.906209665e+000 
1.048523732e+000 1.915532892e+000 
1.011436757e+000 1.862513934e+000 
1.044564747e+000 1.912141479e+000 
1.080965103e+000 1.940771938e+000 
1.042106547e+000 1.909448375e+000 
1.043902028e+000 1.911388659e+000 
1.049913228e+000 1.916720104e+000 
1.089232700e+000 1.946132609e+000 
1.085959591e+000 1.944046762e+000 
1.081516931e+000 1.941231173e+000 
1.080227679e+000 1.940298874e+000 
1.043091509e+000 1.910356306e+000 
1.046360228e+000 1.914081763e+000 
1.037010944e+000 1.903437184e+000 
1.036279886e+000 1.902716851e+000 
1.143954649e+000 1.966408457e+000 
1.082174084e+000 1.941804452e+000 
1.034932899e+000 1.900655668e+000 
1.008758158e+000 1.855958040e+000 
1.009894884e+000 1.858881791e+000 
1.012221381e+000 1.864478366e+000 
1.168970069e+000 1.971143582e+000 
1.008521703e+000 1.855684830e+000 
1.093575831e+000 1.947866620e+000 
1.111297728e+000 1.957237100e+000 
1.041744017e+000 1.908458058e+000 
1.035663451e+000 1.901538936e+000 
1.066860786e+000 1.931402217e+000 
1.039862189e+000 1.906372160e+000 
1.089930484e+000 1.946234081e+000 
1.006797515e+000 1.849944793e+000 
1.018935490e+000 1.877681322e+000 
1.008151704e+000 1.853466923e+000 
1.017423705e+000 1.874757572e+000 
1.022864981e+000 1.884445573e+000 
1.113450858e+000 1.957748806e+000 
1.127755044e+000 1.962005934e+000 
1.084795270e+000 1.943010065e+000 
1.080117033e+000 1.939679732e+000 
1.031364260e+000 1.896094215e+000 
1.006850199e+000 1.850114155e+000 
1.122035475e+000 1.960643308e+000 
1.027004839e+000 1.890093871e+000 
1.130496179e+000 1.963221792e+000 
1.135645973e+000 1.964561084e+000 
1.116885681e+000 1.959304016e+000 
1.058009423e+000 1.924416193e+000 
1.059836565e+000 1.925771994e+000 
1.010020418e+000 1.858978104e+000 
1.108956022e+000 1.955896637e+000 
1.143741715e+000 1.965890354e+000 
1.007638659e+000 1.852542400e+000 
1.078453211e+000 1.939163991e+000 
1.008485189e+000 1.854653772e+000 
1.115396601e+000 1.958599047e+000 
1.135576030e+000 1.964053663e+000 
1.135384944e+000 1.963856115e+000 
1.077757793e+000 1.937969046e+000 
1.083482099e+000 1.942506345e+000 
1.060288885e+000 1.926312534e+000 
1.007329715e+000 1.851519454e+000 
1.074075841e+000 1.935842683e+000 
1.075066989e+000 1.936551308e+000 
1.084494403e+000 1.943001040e+000 
1.100476342e+000 1.951699798e+000 
1.056140703e+000 1.922713899e+000 
1.107426446e+000 1.955600082e+000 
1.114331642e+000 1.958109583e+000 
1.009027284e+000 1.856120842e+000 
1.007889108e+000 1.853197091e+000 
1.006733504e+000 1.849442191e+000 
1.009192063e+000 1.856549859e+000 
1.103723426e+000 1.953775739e+000 
1.106889558e+000 1.955249621e+000 
1.109610839e+000 1.956888953e+000 
1.107190426e+000 1.955258646e+000 
1.105784312e+000 1.954512251e+000 
1.104198755e+000 1.953831883e+000 
1.100372227e+000 1.951455182e+000 
1.098267945e+000 1.950274519e+000 
1.096797648e+000 1.949760731e+000 
1.142089916e+000 1.965831505e+000 
1.272403748e+000 1.991054721e+000 
1.164103341e+000 1.971006016e+000 
1.836142794e+000 2.000000000e+000 
1.257433503e+000 1.989470161e+000 
1.000128294e+000 1.822020285e+000 
1.195308957e+000 1.978211667e+000 
1.267589060e+000 1.990403576e+000 
1.268560836e+000 1.990549341e+000 
1.001977527e+000 1.834604475e+000 
1.152682777e+000 1.968403315e+000 
1.001719580e+000 1.833978606e+000 
1.150501763e+000 1.968190940e+000 
1.361528489e+000 1.997842875e+000 
1.365611401e+000 1.998264290e+000 
1.358807863e+000 1.997352277e+000 
1.149524110e+000 1.967442010e+000 
1.153274068e+000 1.969020749e+000 
1.355601012e+000 1.997174789e+000 
1.003101499e+000 1.838359299e+000 
1.360546418e+000 1.997375338e+000 
1.362258714e+000 1.998058671e+000 
1.197861257e+000 1.979369815e+000 
1.262347710e+000 1.990375641e+000 
1.268190999e+000 1.990518972e+000 
1.268940261e+000 1.990689568e+000 
1.002602333e+000 1.837444336e+000 
1.005905292e+000 1.848321147e+000 
1.002820474e+000 1.838135759e+000 
1.259881394e+000 1.990104961e+000 
1.005357410e+000 1.846933441e+000 
1.371213311e+000 1.998373049e+000 
1.361749774e+000 1.997978861e+000 
1.352133918e+000 1.996790847e+000 
1.270584338e+000 1.991014652e+000 
1.203887659e+000 1.980472787e+000 
1.203891174e+000 1.980635882e+000 
1.261479606e+000 1.990154971e+000 
1.002687647e+000 1.837922248e+000 
1.004491377e+000 1.844164230e+000 
1.000191000e+000 1.822734748e+000 
1.149750425e+000 1.967664624e+000 
1.003102534e+000 1.839698593e+000 
1.141253392e+000 1.965413212e+000 
1.254544761e+000 1.988936769e+000 
1.251963349e+000 1.988649391e+000 
1.001707347e+000 1.832659682e+000 
1.157436248e+000 1.969822174e+000 
1.245938770e+000 1.987576203e+000 
1.005274691e+000 1.846531308e+000 
1.159657188e+000 1.969951943e+000 
1.247456946e+000 1.987603421e+000 
1.158705306e+000 1.969936616e+000 
1.000485440e+000 1.825608747e+000 
1.162106288e+000 1.970521229e+000 
1.383299255e+000 1.998846341e+000 
1.243691757e+000 1.987236865e+000 
1.000095239e+000 1.821021440e+000 
1.235379268e+000 1.986063318e+000 
1.244072409e+000 1.987394257e+000 
1.000781877e+000 1.827824850e+000 
1.157001174e+000 1.969762311e+000 
1.002510658e+000 1.837382668e+000 
1.237724109e+000 1.986268062e+000 
1.152894515e+000 1.968647745e+000 
1.148421829e+000 1.967117089e+000 
1.000162139e+000 1.822190423e+000 
1.007209673e+000 1.851029708e+000 
1.000062694e+000 1.821013571e+000 
1.007133614e+000 1.850972759e+000 
1.002262560e+000 1.836301983e+000 
1.236879213e+000 1.986236257e+000 
1.008202984e+000 1.854475855e+000 
1.004089436e+000 1.843178541e+000 
1.002014394e+000 1.834886062e+000 
1.004020482e+000 1.842341433e+000 
1.008380715e+000 1.854613705e+000 
1.007337425e+000 1.852312051e+000 
1.004631804e+000 1.844968380e+000 
1.005646208e+000 1.847549020e+000 
1.006044108e+000 1.848723280e+000 
1.000974439e+000 1.829491660e+000 
1.006864203e+000 1.850355203e+000 
1.006545563e+000 1.849382799e+000 
1.000308828e+000 1.823874038e+000 
1.007117636e+000 1.850642989e+000 
1.005014343e+000 1.845614832e+000 
1.219317625e+000 1.983462548e+000 
1.219197918e+000 1.983040487e+000 
1.216424477e+000 1.981751616e+000 
1.219311657e+000 1.983227312e+000 
1.003815234e+000 1.841859932e+000 
1.193516981e+000 1.978072666e+000 
1.228942238e+000 1.984669396e+000 
1.217451621e+000 1.982714282e+000 
1.234190530e+000 1.985559310e+000 
1.224324566e+000 1.984329358e+000 
1.001565689e+000 1.832049438e+000 
1.193868965e+000 1.978164032e+000 
1.226943673e+000 1.984628519e+000 
1.191315657e+000 1.977329700e+000 
1.192356136e+000 1.978021591e+000 
1.175746362e+000 1.973649840e+000 
1.188398327e+000 1.976604976e+000 
1.186651087e+000 1.976243491e+000 
1.189082460e+000 1.977118349e+000 
1.003349678e+000 1.840004886e+000 
1.001313798e+000 1.831093232e+000 
1.172165237e+000 1.972583048e+000 
1.000368631e+000 1.824616084e+000 
1.171262367e+000 1.972024322e+000 
1.181735468e+000 1.975410715e+000 
1.189020864e+000 1.977034315e+000 
1.174324836e+000 1.973132193e+000 
1.176513021e+000 1.974129839e+000 
1.000877051e+000 1.828759467e+000 
1.180809292e+000 1.974787866e+000 
1.000634616e+000 1.826831626e+000 
1.000697322e+000 1.827546090e+000 
1.184362618e+000 1.975699225e+000 
1.178825175e+000 1.974509257e+000 
1.001123937e+000 1.829884759e+000 
1.001615093e+000 1.832373796e+000 
1.000010904e+000 1.025046917e+000 
1.000002040e+000 1.024959626e+000 
1.820548582e+000 1.999971069e+000 
1.800131291e+000 1.999823494e+000 
1.812101561e+000 1.999967141e+000 
1.806078631e+000 1.999925194e+000 
1.802872649e+000 1.999883847e+000 
1.810099637e+000 1.999963565e+000 
1.793696203e+000 1.999785666e+000 
1.785912138e+000 1.999593235e+000 
1.787777021e+000 1.999778816e+000 
1.783831972e+000 1.999346834e+000 
1.783635448e+000 1.999334470e+000 
1.000012252e+000 1.775783288e+000 
1.000041161e+000 1.776880393e+000 
1.772702790e+000 1.999263536e+000 
1.764862679e+000 1.999073439e+000 
1.782017982e+000 1.999309908e+000 
1.761852607e+000 1.998894134e+000 
9.999999999e-001 1.020022817e+000 

