1.098133797e+000 1.922732842e+000 
1.170689627e+000 1.951592124e+000 
1.173713037e+000 1.953281190e+000 
1.036515964e+000 1.879998832e+000 
1.173776581e+000 1.953411794e+000 
1.017125404e+000 1.857830958e+000 
1.089969918e+000 1.918338985e+000 
1.065066367e+000 1.903232113e+000 
1.071352287e+000 1.907437934e+000 
1.016047799e+000 1.856095148e+000 
1.039087659e+000 1.882509428e+000 
1.114438198e+000 1.930373884e+000 
1.215348781e+000 1.962212376e+000 
1.158993350e+000 1.948151349e+000 
1.193295445e+000 1.958286403e+000 
1.038097079e+000 1.881614724e+000 
1.143908052e+000 1.942808356e+000 
1.153069429e+000 1.946338691e+000 
1.172365798e+000 1.952648881e+000 
1.117538099e+000 1.931808711e+000 
1.091635210e+000 1.919111274e+000 
1.016781331e+000 1.857142019e+000 
1.090488337e+000 1.918929296e+000 
1.225231687e+000 1.964724236e+000 
1.088932554e+000 1.917900231e+000 
1.173326054e+000 1.953123306e+000 
1.013340628e+000 1.852394769e+000 
1.180394141e+000 1.954868589e+000 
1.018933491e+000 1.860141886e+000 
1.039908032e+000 1.883115378e+000 
1.196292780e+000 1.958679085e+000 
1.125818933e+000 1.935759732e+000 
1.180029205e+000 1.954662688e+000 
1.065366601e+000 1.903332573e+000 
1.010207533e+000 1.846994443e+000 
1.163012970e+000 1.950125768e+000 
1.143616292e+000 1.942322340e+000 
1.202116957e+000 1.959954453e+000 
1.010409887e+000 1.847448500e+000 
1.175946357e+000 1.953901304e+000 
1.014944709e+000 1.854670245e+000 
1.084386515e+000 1.915306944e+000 
1.151579123e+000 1.945684815e+000 
1.110762415e+000 1.928583051e+000 
1.191905750e+000 1.957412634e+000 
1.020461634e+000 1.862244470e+000 
1.164449293e+000 1.950333641e+000 
1.161338292e+000 1.949236898e+000 
1.073810676e+000 1.909249135e+000 
1.068712188e+000 1.905806349e+000 
1.040014422e+000 1.883520136e+000 
1.019899051e+000 1.861366039e+000 
1.047310486e+000 1.889970694e+000 
1.033814555e+000 1.876908664e+000 
1.043253426e+000 1.886216584e+000 
1.027408523e+000 1.870363974e+000 
1.195277358e+000 1.958641026e+000 
1.064774232e+000 1.903046226e+000 
1.069344788e+000 1.906185950e+000 
1.145863520e+000 1.942989934e+000 
1.145106598e+000 1.942976216e+000 
1.207518257e+000 1.960932335e+000 
1.183802562e+000 1.956040826e+000 
1.146072456e+000 1.943400298e+000 
1.018793244e+000 1.859888165e+000 
1.171548142e+000 1.952292010e+000 
1.115444252e+000 1.930966356e+000 
1.011656351e+000 1.849523071e+000 
1.058804820e+000 1.898894907e+000 
1.085837130e+000 1.916064237e+000 
1.087607927e+000 1.917205704e+000 
1.067495980e+000 1.905091634e+000 
1.166654284e+000 1.951231409e+000 
1.050692565e+000 1.892844898e+000 
1.164893137e+000 1.950581577e+000 
1.018271790e+000 1.859206369e+000 
1.079181130e+000 1.912342670e+000 
1.062063295e+000 1.901169391e+000 
1.090952170e+000 1.919104463e+000 
1.076760417e+000 1.910650450e+000 
1.056449464e+000 1.897240542e+000 
1.034839771e+000 1.878192406e+000 
1.165246289e+000 1.950745882e+000 
1.061475683e+000 1.900951160e+000 
1.150601257e+000 1.945268569e+000 
1.061759363e+000 1.901036084e+000 
1.055701232e+000 1.896618831e+000 
1.058168273e+000 1.898227245e+000 
1.131836059e+000 1.938030743e+000 
1.011112623e+000 1.848538056e+000 
1.062272271e+000 1.901218791e+000 
1.060189182e+000 1.900208244e+000 
1.010795422e+000 1.848047923e+000 
1.061463825e+000 1.900927316e+000 
1.034485701e+000 1.877753232e+000 
1.014018319e+000 1.853275747e+000 
1.159994867e+000 1.948259665e+000 
1.062051437e+000 1.901145546e+000 
1.131482907e+000 1.937866438e+000 
1.142063875e+000 1.941973925e+000 
1.134721388e+000 1.939240603e+000 
1.113616716e+000 1.929954298e+000 
1.222054898e+000 1.963900816e+000 
1.017836982e+000 1.858490988e+000 
1.025144755e+000 1.867713136e+000 
1.135993324e+000 1.939936811e+000 
1.158007489e+000 1.947791181e+000 
1.049528634e+000 1.891712916e+000 
1.114056996e+000 1.930176975e+000 
1.075576834e+000 1.909955882e+000 
1.138226643e+000 1.940677524e+000 
1.130041464e+000 1.937190371e+000 
1.057453620e+000 1.898125643e+000 
1.129562523e+000 1.937168199e+000 
1.075040749e+000 1.909807576e+000 
1.072712982e+000 1.908485808e+000 
1.144753446e+000 1.942811911e+000 
1.101233697e+000 1.924160392e+000 
1.056137373e+000 1.897116238e+000 
1.040678386e+000 1.884125321e+000 
1.199619621e+000 1.959593592e+000 
1.038850492e+000 1.882312633e+000 
1.014837816e+000 1.854337857e+000 
1.106499829e+000 1.926530807e+000 
1.037233383e+000 1.880507681e+000 
1.129349503e+000 1.937100562e+000 
1.036933149e+000 1.880407221e+000 
1.014248862e+000 1.853662188e+000 
1.066800698e+000 1.904394103e+000 
1.092736354e+000 1.919882285e+000 
1.122831470e+000 1.934122180e+000 
1.136673821e+000 1.940361539e+000 
1.197385532e+000 1.958712098e+000 
1.119903462e+000 1.932758908e+000 
1.138031083e+000 1.940606911e+000 
1.011804244e+000 1.849625140e+000 
1.102130475e+000 1.924228169e+000 
1.068565215e+000 1.905343014e+000 
1.114930270e+000 1.930705551e+000 
1.103018726e+000 1.924899071e+000 
1.147037719e+000 1.943588348e+000 
1.035395670e+000 1.878524556e+000 
1.043464970e+000 1.886313994e+000 
1.119342256e+000 1.932592554e+000 
1.116813783e+000 1.931229409e+000 
1.012414238e+000 1.851003685e+000 
1.013233735e+000 1.852065235e+000 
1.222819230e+000 1.963987955e+000 
1.082877479e+000 1.914401262e+000 
1.091923872e+000 1.919683756e+000 
1.097359424e+000 1.922343071e+000 
1.082524327e+000 1.914236956e+000 
1.116923073e+000 1.931452905e+000 
1.053824460e+000 1.895347269e+000 
1.048626733e+000 1.891049370e+000 
1.046893312e+000 1.889561351e+000 
1.111900026e+000 1.929032032e+000 
1.099368431e+000 1.923139572e+000 
1.096052861e+000 1.921595540e+000 
1.088903702e+000 1.917883414e+000 
1.046189492e+000 1.888931958e+000 
1.197457406e+000 1.959023476e+000 
1.042611486e+000 1.885794403e+000 
1.047911927e+000 1.890501782e+000 
1.220007672e+000 1.963481591e+000 
1.022813877e+000 1.864919499e+000 
1.043622791e+000 1.886380159e+000 
1.023083628e+000 1.865409402e+000 
1.049849384e+000 1.892180515e+000 
1.052013431e+000 1.893817026e+000 
1.029526730e+000 1.872426255e+000 
1.020802729e+000 1.862491665e+000 
1.037091063e+000 1.880436080e+000 
1.035719846e+000 1.878967611e+000 
1.121387408e+000 1.933491726e+000 
1.030314040e+000 1.873317518e+000 
1.020258097e+000 1.861824340e+000 
1.026345557e+000 1.869028889e+000 
1.029574390e+000 1.872768982e+000 
1.026826275e+000 1.869568398e+000 
1.030395344e+000 1.873443601e+000 
1.035701474e+000 1.878935249e+000 
1.025532795e+000 1.868244980e+000 
1.024151076e+000 1.866620582e+000 
1.037360298e+000 1.880646345e+000 
1.034501392e+000 1.877926217e+000 
1.035077612e+000 1.878307057e+000 
1.031561910e+000 1.874582157e+000 
1.038031970e+000 1.881281308e+000 
1.033644447e+000 1.876889289e+000 
1.050994815e+000 1.892876595e+000 
1.019562250e+000 1.860816282e+000 
1.140820089e+000 1.941565341e+000 
1.089890658e+000 1.918148126e+000 
1.090410335e+000 1.918507371e+000 
1.089268974e+000 1.918090568e+000 
1.086569334e+000 1.916366976e+000 
1.066258005e+000 1.903887964e+000 
1.064016151e+000 1.902318733e+000 
1.022056792e+000 1.863835491e+000 
1.030156990e+000 1.873005713e+000 
1.028624492e+000 1.871310635e+000 
1.108782646e+000 1.927768737e+000 
1.118475426e+000 1.932180025e+000 
1.107647760e+000 1.927164434e+000 
1.113366244e+000 1.929843378e+000 
1.104963638e+000 1.925869978e+000 
1.082704716e+000 1.914241035e+000 
9.999999998e-001 1.142418520e+000 
1.237199240e+000 1.967818459e+000 
1.267986086e+000 1.974314104e+000 
1.464768105e+000 1.997417863e+000 
1.258777592e+000 1.973129712e+000 
1.254515182e+000 1.972138621e+000 
1.003245597e+000 1.834304613e+000 
1.240090590e+000 1.968163960e+000 
1.478784028e+000 1.997775604e+000 
1.234038283e+000 1.967101707e+000 
1.230941361e+000 1.966933527e+000 
1.256583016e+000 1.972176078e+000 
1.001202651e+000 1.828484745e+000 
1.261747318e+000 1.973380846e+000 
1.974107582e+000 1.999992401e+000 
1.001941074e+000 1.831432266e+000 
1.425649040e+000 1.995130655e+000 
1.110029919e+000 1.927955914e+000 
1.478273357e+000 1.997631486e+000 
1.230011529e+000 1.966257466e+000 
1.418217113e+000 1.994459418e+000 
1.250504072e+000 1.970666578e+000 
1.423843666e+000 1.995093817e+000 
1.472213109e+000 1.997539520e+000 
1.253158183e+000 1.971850230e+000 
1.000562697e+000 1.825545740e+000 
1.227611417e+000 1.965661522e+000 
1.108198828e+000 1.927491252e+000 
1.245287749e+000 1.969611941e+000 
1.250956882e+000 1.971098591e+000 
1.247161808e+000 1.970474048e+000 
1.244047488e+000 1.969200721e+000 
1.418600083e+000 1.994570272e+000 
1.107559133e+000 1.926848908e+000 
1.240262083e+000 1.968864780e+000 
1.290025040e+000 1.978606168e+000 
1.420131344e+000 1.994924133e+000 
1.411952024e+000 1.994188914e+000 
1.360229923e+000 1.988677804e+000 
1.269753568e+000 1.974908233e+000 
1.444039687e+000 1.996115683e+000 
1.976456101e+000 2.000000000e+000 
1.438229213e+000 1.995573457e+000 
1.226281333e+000 1.965126256e+000 
1.000312283e+000 1.824578791e+000 
1.351334322e+000 1.988611638e+000 
1.937239341e+000 1.999824023e+000 
1.956207816e+000 1.999958057e+000 
1.282819416e+000 1.977345321e+000 
1.952713631e+000 1.999865169e+000 
1.449171810e+000 1.996142371e+000 
1.418644313e+000 1.994869362e+000 
1.278277268e+000 1.976521881e+000 
1.275854582e+000 1.976084495e+000 
1.277054154e+000 1.976090033e+000 
1.452667887e+000 1.996348717e+000 
1.319479683e+000 1.984316048e+000 
1.323563230e+000 1.984719377e+000 
1.236590265e+000 1.967702245e+000 
1.410491580e+000 1.994033759e+000 
1.104514674e+000 1.925047674e+000 
1.277759918e+000 1.976333023e+000 
1.351627325e+000 1.988675997e+000 
1.011332960e+000 1.848789810e+000 
1.339008586e+000 1.987135666e+000 
1.095109452e+000 1.920097102e+000 
1.001418257e+000 1.830309721e+000 
1.440215826e+000 1.995809433e+000 
1.287258530e+000 1.978485844e+000 
1.341979727e+000 1.987584872e+000 
1.321457568e+000 1.984411130e+000 
1.001355347e+000 1.829462734e+000 
1.328422662e+000 1.985264109e+000 
1.414605501e+000 1.994341832e+000 
1.406169629e+000 1.993833767e+000 
1.431198358e+000 1.995490224e+000 
1.315839996e+000 1.983412337e+000 
1.427667690e+000 1.995347516e+000 
1.294636854e+000 1.978891010e+000 
1.911854760e+000 1.999675607e+000 
1.286082691e+000 1.978048020e+000 
1.933279337e+000 1.999735477e+000 
1.283432590e+000 1.977451723e+000 
1.910960733e+000 1.999639323e+000 
1.316737875e+000 1.983786248e+000 
1.308207659e+000 1.982180928e+000 
1.313978491e+000 1.983251273e+000 
1.411639198e+000 1.994132227e+000 
1.001106917e+000 1.828265475e+000 
1.332484806e+000 1.985880688e+000 
1.285026711e+000 1.977984333e+000 
1.280265903e+000 1.977162528e+000 
1.000705020e+000 1.827422931e+000 
1.338730656e+000 1.987027118e+000 
1.310746987e+000 1.982316591e+000 
1.404648399e+000 1.993390230e+000 
1.305750059e+000 1.981606762e+000 
1.312669848e+000 1.982839790e+000 
1.926873706e+000 1.999707252e+000 
1.908627028e+000 1.999594308e+000 
1.312978334e+000 1.983145659e+000 
1.223790473e+000 1.964563255e+000 
1.009574848e+000 1.846041668e+000 
1.009188477e+000 1.845157709e+000 
1.898557353e+000 1.999225984e+000 
1.265058048e+000 1.973646214e+000 
1.267239352e+000 1.974295899e+000 
1.004265770e+000 1.836963127e+000 
1.006080671e+000 1.840143090e+000 
1.008051665e+000 1.843832038e+000 
1.902710668e+000 1.999229712e+000 
1.368963530e+000 1.988894458e+000 
1.002755404e+000 1.833623924e+000 
1.007290787e+000 1.842676221e+000 
1.363937342e+000 1.988803703e+000 
1.006559775e+000 1.841356595e+000 
1.213253644e+000 1.961454749e+000 
1.384456685e+000 1.990646021e+000 
1.221268116e+000 1.963751849e+000 
1.000386568e+000 1.825205621e+000 
1.391829636e+000 1.991423718e+000 
1.387808262e+000 1.991188011e+000 
1.393803660e+000 1.991471956e+000 
1.000642467e+000 1.826373922e+000 
1.214149139e+000 1.961694422e+000 
1.003648178e+000 1.835278277e+000 
1.011053606e+000 1.848230065e+000 
1.008752404e+000 1.845036051e+000 
1.304362433e+000 1.980600865e+000 
1.300633955e+000 1.979998577e+000 
1.376051749e+000 1.989537829e+000 
1.879591992e+000 1.998882908e+000 
1.002403821e+000 1.832404058e+000 
1.375164108e+000 1.989314595e+000 
1.007542115e+000 1.843182173e+000 
1.006692115e+000 1.841760656e+000 
1.004584443e+000 1.837755652e+000 
1.879978036e+000 1.998915085e+000 
1.000153566e+000 1.821964425e+000 
1.858452761e+000 1.998739977e+000 
1.855417056e+000 1.998218631e+000 
1.857612862e+000 1.998564442e+000 
1.878037253e+000 1.998830414e+000 
1.875206123e+000 1.998804601e+000 
1.002890243e+000 1.833975097e+000 
1.002574741e+000 1.832999072e+000 
1.839935647e+000 1.998045544e+000 
1.000176520e+000 1.823475647e+000 
1.005543534e+000 1.839573278e+000 
1.833834574e+000 1.997856375e+000 
1.835372030e+000 1.997993219e+000 
1.842698705e+000 1.998173735e+000 
1.004120116e+000 1.836331010e+000 
1.000118864e+000 1.213841920e+000 
1.000128106e+000 1.214421126e+000 
1.000131830e+000 1.216022692e+000 

